pom152 kmeans_1000_2/cluster.0/ average centroid distance 9.75695204204
pom152 kmeans_1000_2/cluster.0/ centroid index 124
pom152 kmeans_1000_2/cluster.0/ centroid rmf name ('kmeans_1000_2/cluster.0/237.rmf3', 0)
pom152 kmeans_1000_2/cluster.0/ kmeans_1000_2/cluster.0/ average pairwise distance 11.443614307
pom152_NTD kmeans_1000_2/cluster.0/ average centroid distance 10.7739667629
pom152_NTD kmeans_1000_2/cluster.0/ centroid index 140
pom152_NTD kmeans_1000_2/cluster.0/ centroid rmf name ('kmeans_1000_2/cluster.0/10.rmf3', 0)
pom152_NTD kmeans_1000_2/cluster.0/ kmeans_1000_2/cluster.0/ average pairwise distance 12.9274223061
All kmeans_1000_2/cluster.0/ average centroid distance 9.75695204204
All kmeans_1000_2/cluster.0/ centroid index 124
All kmeans_1000_2/cluster.0/ centroid rmf name ('kmeans_1000_2/cluster.0/237.rmf3', 0)
All kmeans_1000_2/cluster.0/ kmeans_1000_2/cluster.0/ average pairwise distance 11.443614307
pom152_5 kmeans_1000_2/cluster.0/ average centroid distance 4.04023120771
pom152_5 kmeans_1000_2/cluster.0/ centroid index 152
pom152_5 kmeans_1000_2/cluster.0/ centroid rmf name ('kmeans_1000_2/cluster.0/44.rmf3', 0)
pom152_5 kmeans_1000_2/cluster.0/ kmeans_1000_2/cluster.0/ average pairwise distance 5.41127935482
pom152_4 kmeans_1000_2/cluster.0/ average centroid distance 7.95628239334
pom152_4 kmeans_1000_2/cluster.0/ centroid index 105
pom152_4 kmeans_1000_2/cluster.0/ centroid rmf name ('kmeans_1000_2/cluster.0/277.rmf3', 0)
pom152_4 kmeans_1000_2/cluster.0/ kmeans_1000_2/cluster.0/ average pairwise distance 10.4721030209
pom152_7 kmeans_1000_2/cluster.0/ average centroid distance 15.1476143466
pom152_7 kmeans_1000_2/cluster.0/ centroid index 126
pom152_7 kmeans_1000_2/cluster.0/ centroid rmf name ('kmeans_1000_2/cluster.0/104.rmf3', 0)
pom152_7 kmeans_1000_2/cluster.0/ kmeans_1000_2/cluster.0/ average pairwise distance 17.3433558602
pom152_6 kmeans_1000_2/cluster.0/ average centroid distance 8.74929038333
pom152_6 kmeans_1000_2/cluster.0/ centroid index 34
pom152_6 kmeans_1000_2/cluster.0/ centroid rmf name ('kmeans_1000_2/cluster.0/149.rmf3', 0)
pom152_6 kmeans_1000_2/cluster.0/ kmeans_1000_2/cluster.0/ average pairwise distance 11.1008120418
pom152_1 kmeans_1000_2/cluster.0/ average centroid distance 5.3606782769
pom152_1 kmeans_1000_2/cluster.0/ centroid index 161
pom152_1 kmeans_1000_2/cluster.0/ centroid rmf name ('kmeans_1000_2/cluster.0/27.rmf3', 0)
pom152_1 kmeans_1000_2/cluster.0/ kmeans_1000_2/cluster.0/ average pairwise distance 7.40035250418
pom152_3 kmeans_1000_2/cluster.0/ average centroid distance 6.12717364498
pom152_3 kmeans_1000_2/cluster.0/ centroid index 77
pom152_3 kmeans_1000_2/cluster.0/ centroid rmf name ('kmeans_1000_2/cluster.0/174.rmf3', 0)
pom152_3 kmeans_1000_2/cluster.0/ kmeans_1000_2/cluster.0/ average pairwise distance 8.50815878908
pom152_2 kmeans_1000_2/cluster.0/ average centroid distance 7.28643802264
pom152_2 kmeans_1000_2/cluster.0/ centroid index 43
pom152_2 kmeans_1000_2/cluster.0/ centroid rmf name ('kmeans_1000_2/cluster.0/238.rmf3', 0)
pom152_2 kmeans_1000_2/cluster.0/ kmeans_1000_2/cluster.0/ average pairwise distance 10.037527922
pom152_9 kmeans_1000_2/cluster.0/ average centroid distance 8.18316062898
pom152_9 kmeans_1000_2/cluster.0/ centroid index 176
pom152_9 kmeans_1000_2/cluster.0/ centroid rmf name ('kmeans_1000_2/cluster.0/39.rmf3', 0)
pom152_9 kmeans_1000_2/cluster.0/ kmeans_1000_2/cluster.0/ average pairwise distance 11.2949522145
pom152_8 kmeans_1000_2/cluster.0/ average centroid distance 5.96615922747
pom152_8 kmeans_1000_2/cluster.0/ centroid index 179
pom152_8 kmeans_1000_2/cluster.0/ centroid rmf name ('kmeans_1000_2/cluster.0/105.rmf3', 0)
pom152_8 kmeans_1000_2/cluster.0/ kmeans_1000_2/cluster.0/ average pairwise distance 7.91814058403
