   === DAMMIN  started at           21-Apr-2015   06:21:20
 Computation mode ....................................... : Slow
 Project identifier ..................................... : 26993_1
 Project description: ................................... : 26993_1
 Random sequence initialized from ....................... : 62120721
 GNOM file name ......................................... : 26993.out
 Data set title ......................................... : 0.151024E-01  0.150500E+03  0.820288E+01
 Maximum diameter of the particle ....................... : 66.59
 Radius of gyration read ................................ : 18.24
 Number of GNOM data points ............................. : 396
 Maximum s value [1/angstrom] ........................... : 0.3616
 Number of Shannon channels ............................. : 7.665
 Number of knots in the curve to fit .................... : 20
  *** Warning: constant reduced to avoid oversubtraction
 A constant was subtracted .............................. : 3.138
 Maximum order of harmonics ............................. : 15
 DAM coordinates file name .............................. : damstart.pdb
 Number of atoms read ................................... : 2209
 Maximum radius ......................................... : 41.39
 Packing radius of dummy atoms .......................... : 1.750
 Point symmetry of the particle ......................... : P1
 Number of core (fixed) atoms ........................... : 0
 Number of equivalent positions ......................... : 1
 Expected particle anisometry ........................... : Unknown
 Excluded volume per atom ............................... : 30.34
 Radius of 1st coordination sphere ...................... : 4.935
 Minimum number of contacts ............................. : 3
 Maximum number of contacts ............................. : 12
 Looseness penalty weight ............................... : 6.000e-3
 No of non-solvent atoms ................................ : 2209
 Initial DAM looseness .................................. : 9.424e-3
 Disconnectivity penalty weight ......................... : 6.000e-3
 Initial DAM # of graphs ................................ : 1
 Discontiguity   value .................................. : 0.0
 Center of the initial DAM:   -0.6567   0.4793   0.8795
 Peripheral penalty weight .............................. : 0.3000
 Peripheral penalty value ............................... : 0.3025
 Looseness fixing threshold ............................. : 0.0
 R-factor  fixing threshold ............................. : 0.0
  ***    The structure was randomized    ***
 No of non-solvent atoms ................................ : 1097
 Randomized DAM looseness ............................... : 0.1121
 Randomized DAM # of graphs ............................. : 7
 Discontiguity   value .................................. : 6.402e-3
 Randomized peripheral penalty value .................... : 0.3000
 Weight: 0=s^2, 1=Emphas.s->0, 2=Log .................... : 1
 *** Porod weight with emphasis at low s ***
 Initial scale factor ................................... : 2.127e-7
 Scale factor fixed (Y=Yes, N=No) ....................... : N
 Initial R^2 factor ..................................... : 0.2271
 Initial R   factor ..................................... : 0.4766
 Initial penalty ........................................ : 9.070e-2
 Initial fVal ........................................... : 0.3179
 Variation of the target function ....................... : 2.929e-4
 CPU per function call, seconds ......................... : 3.230e-4
 Initial annealing temperature .......................... : 1.000e-3
 Annealing schedule factor .............................. : 0.9500
 # of independent atoms to modify ....................... : 1
 Max # of iterations at each T .......................... : 154630
 Max # of successes at each T ........................... : 15463
 Min # of successes to continue ......................... : 51
 Max # of annealing steps ............................... : 200
  ====  Simulated annealing procedure started  ====
 j:   1 T: 0.100E-02 Suc: 15463 Eva:    17816 CPU:  0.546E+01 SqF: 0.5047
  Rf: 0.40195 Los:0.1215 Dis:0.0207 Per:  0.3076 Sca: 0.224E-06
 j:   2 T: 0.950E-03 Suc: 15463 Eva:    36104 CPU:  0.110E+02 SqF: 0.4873
  Rf: 0.38669 Los:0.1237 Dis:0.0215 Per:  0.3055 Sca: 0.241E-06
 j:   3 T: 0.903E-03 Suc: 15463 Eva:    54419 CPU:  0.166E+02 SqF: 0.4832
  Rf: 0.38781 Los:0.1240 Dis:0.0156 Per:  0.3037 Sca: 0.241E-06
 j:   4 T: 0.857E-03 Suc: 15463 Eva:    72932 CPU:  0.223E+02 SqF: 0.4779
  Rf: 0.38584 Los:0.1251 Dis:0.0097 Per:  0.3061 Sca: 0.243E-06
 j:   5 T: 0.815E-03 Suc: 15463 Eva:    91744 CPU:  0.279E+02 SqF: 0.4658
  Rf: 0.37448 Los:0.1218 Dis:0.0128 Per:  0.3106 Sca: 0.247E-06
 j:   6 T: 0.774E-03 Suc: 15463 Eva:   110928 CPU:  0.337E+02 SqF: 0.4473
  Rf: 0.35448 Los:0.1254 Dis:0.0258 Per:  0.3165 Sca: 0.253E-06
 j:   7 T: 0.735E-03 Suc: 15463 Eva:   130216 CPU:  0.395E+02 SqF: 0.4430
  Rf: 0.35650 Los:0.1203 Dis:0.0165 Per:  0.3100 Sca: 0.273E-06
 j:   8 T: 0.698E-03 Suc: 15463 Eva:   149910 CPU:  0.453E+02 SqF: 0.4315
  Rf: 0.34772 Los:0.1345 Dis:0.0266 Per:  0.3068 Sca: 0.261E-06
 j:   9 T: 0.663E-03 Suc: 15463 Eva:   169942 CPU:  0.510E+02 SqF: 0.4257
  Rf: 0.33852 Los:0.1394 Dis:0.0500 Per:  0.3289 Sca: 0.296E-06
 j:  10 T: 0.630E-03 Suc: 15463 Eva:   190137 CPU:  0.568E+02 SqF: 0.4233
  Rf: 0.34216 Los:0.1379 Dis:0.0199 Per:  0.3234 Sca: 0.282E-06
 j:  11 T: 0.599E-03 Suc: 15463 Eva:   210807 CPU:  0.628E+02 SqF: 0.4128
  Rf: 0.33540 Los:0.1209 Dis:0.0113 Per:  0.3180 Sca: 0.269E-06
 j:  12 T: 0.569E-03 Suc: 15463 Eva:   232204 CPU:  0.689E+02 SqF: 0.3919
  Rf: 0.31526 Los:0.1516 Dis:0.0280 Per:  0.3113 Sca: 0.317E-06
 j:  13 T: 0.540E-03 Suc: 15463 Eva:   253718 CPU:  0.749E+02 SqF: 0.3746
  Rf: 0.29750 Los:0.1487 Dis:0.0409 Per:  0.3127 Sca: 0.314E-06
 j:  14 T: 0.513E-03 Suc: 15463 Eva:   275720 CPU:  0.811E+02 SqF: 0.3687
  Rf: 0.29166 Los:0.1487 Dis:0.0417 Per:  0.3232 Sca: 0.313E-06
 j:  15 T: 0.488E-03 Suc: 15463 Eva:   297704 CPU:  0.874E+02 SqF: 0.3687
  Rf: 0.29166 Los:0.1487 Dis:0.0417 Per:  0.3232 Sca: 0.313E-06
 j:  16 T: 0.463E-03 Suc: 15463 Eva:   320554 CPU:  0.937E+02 SqF: 0.3604
  Rf: 0.28888 Los:0.1273 Dis:0.0362 Per:  0.3270 Sca: 0.281E-06
 j:  17 T: 0.440E-03 Suc: 15463 Eva:   343964 CPU:  0.100E+03 SqF: 0.3426
  Rf: 0.27101 Los:0.1361 Dis:0.0450 Per:  0.3244 Sca: 0.323E-06
 j:  18 T: 0.418E-03 Suc: 15463 Eva:   367274 CPU:  0.106E+03 SqF: 0.3426
  Rf: 0.27101 Los:0.1361 Dis:0.0450 Per:  0.3244 Sca: 0.323E-06
 j:  19 T: 0.397E-03 Suc: 15463 Eva:   391297 CPU:  0.113E+03 SqF: 0.3234
  Rf: 0.25308 Los:0.1539 Dis:0.0692 Per:  0.3292 Sca: 0.349E-06
 j:  20 T: 0.377E-03 Suc: 15463 Eva:   415820 CPU:  0.119E+03 SqF: 0.3233
  Rf: 0.26032 Los:0.1551 Dis:0.0394 Per:  0.3141 Sca: 0.340E-06
 j:  21 T: 0.358E-03 Suc: 15463 Eva:   441084 CPU:  0.126E+03 SqF: 0.3095
  Rf: 0.24439 Los:0.1625 Dis:0.0482 Per:  0.3238 Sca: 0.346E-06
 j:  22 T: 0.341E-03 Suc: 15463 Eva:   466463 CPU:  0.133E+03 SqF: 0.2850
  Rf: 0.21853 Los:0.1367 Dis:0.0370 Per:  0.3173 Sca: 0.336E-06
 j:  23 T: 0.324E-03 Suc: 15463 Eva:   492511 CPU:  0.139E+03 SqF: 0.2850
  Rf: 0.21853 Los:0.1367 Dis:0.0370 Per:  0.3173 Sca: 0.336E-06
 j:  24 T: 0.307E-03 Suc: 15463 Eva:   519080 CPU:  0.146E+03 SqF: 0.2850
  Rf: 0.21853 Los:0.1367 Dis:0.0370 Per:  0.3173 Sca: 0.336E-06
 j:  25 T: 0.292E-03 Suc: 15463 Eva:   546049 CPU:  0.153E+03 SqF: 0.2729
  Rf: 0.21151 Los:0.1692 Dis:0.0532 Per:  0.3244 Sca: 0.389E-06
 j:  26 T: 0.277E-03 Suc: 15463 Eva:   573382 CPU:  0.160E+03 SqF: 0.2583
  Rf: 0.19532 Los:0.1634 Dis:0.0621 Per:  0.3271 Sca: 0.393E-06
 j:  27 T: 0.264E-03 Suc: 15463 Eva:   601384 CPU:  0.166E+03 SqF: 0.2546
  Rf: 0.19448 Los:0.1609 Dis:0.0448 Per:  0.3261 Sca: 0.397E-06
 j:  28 T: 0.250E-03 Suc: 15463 Eva:   629651 CPU:  0.174E+03 SqF: 0.2529
  Rf: 0.19447 Los:0.1618 Dis:0.1068 Per:  0.3269 Sca: 0.406E-06
 j:  29 T: 0.238E-03 Suc: 15463 Eva:   658328 CPU:  0.181E+03 SqF: 0.2401
  Rf: 0.18182 Los:0.1613 Dis:0.0639 Per:  0.3259 Sca: 0.429E-06
 j:  30 T: 0.226E-03 Suc: 15463 Eva:   687872 CPU:  0.188E+03 SqF: 0.2258
  Rf: 0.16634 Los:0.1790 Dis:0.0968 Per:  0.3198 Sca: 0.441E-06
 j:  31 T: 0.215E-03 Suc: 15463 Eva:   717666 CPU:  0.195E+03 SqF: 0.2234
  Rf: 0.16648 Los:0.1692 Dis:0.0968 Per:  0.3198 Sca: 0.453E-06
 j:  32 T: 0.204E-03 Suc: 15463 Eva:   748378 CPU:  0.202E+03 SqF: 0.2171
  Rf: 0.16361 Los:0.1788 Dis:0.0820 Per:  0.3073 Sca: 0.451E-06
 j:  33 T: 0.194E-03 Suc: 15463 Eva:   780011 CPU:  0.209E+03 SqF: 0.2127
  Rf: 0.15998 Los:0.1570 Dis:0.0883 Per:  0.3129 Sca: 0.440E-06
 j:  34 T: 0.184E-03 Suc: 15463 Eva:   811775 CPU:  0.217E+03 SqF: 0.2027
  Rf: 0.15105 Los:0.1617 Dis:0.0481 Per:  0.3079 Sca: 0.431E-06
 j:  35 T: 0.175E-03 Suc: 15463 Eva:   844843 CPU:  0.224E+03 SqF: 0.1849
  Rf: 0.13006 Los:0.1766 Dis:0.0789 Per:  0.3001 Sca: 0.504E-06
 j:  36 T: 0.166E-03 Suc: 15463 Eva:   877793 CPU:  0.232E+03 SqF: 0.1849
  Rf: 0.13006 Los:0.1766 Dis:0.0789 Per:  0.3001 Sca: 0.504E-06
 j:  37 T: 0.158E-03 Suc: 15463 Eva:   911234 CPU:  0.239E+03 SqF: 0.1757
  Rf: 0.12284 Los:0.1777 Dis:0.1029 Per:  0.2980 Sca: 0.487E-06
 j:  38 T: 0.150E-03 Suc: 15463 Eva:   945432 CPU:  0.247E+03 SqF: 0.1701
  Rf: 0.11783 Los:0.1790 Dis:0.0899 Per:  0.2988 Sca: 0.485E-06
 j:  39 T: 0.142E-03 Suc: 15463 Eva:   980878 CPU:  0.254E+03 SqF: 0.1672
  Rf: 0.11761 Los:0.1702 Dis:0.0858 Per:  0.2944 Sca: 0.480E-06
 j:  40 T: 0.135E-03 Suc: 15463 Eva:  1017037 CPU:  0.262E+03 SqF: 0.1584
  Rf: 0.10883 Los:0.1802 Dis:0.0880 Per:  0.2867 Sca: 0.528E-06
 j:  41 T: 0.129E-03 Suc: 15463 Eva:  1054054 CPU:  0.270E+03 SqF: 0.1511
  Rf: 0.10179 Los:0.1863 Dis:0.0992 Per:  0.2791 Sca: 0.546E-06
 j:  42 T: 0.122E-03 Suc: 15463 Eva:  1091592 CPU:  0.278E+03 SqF: 0.1472
  Rf: 0.09872 Los:0.1658 Dis:0.0906 Per:  0.2834 Sca: 0.510E-06
 j:  43 T: 0.116E-03 Suc: 15463 Eva:  1129682 CPU:  0.286E+03 SqF: 0.1383
  Rf: 0.09105 Los:0.1846 Dis:0.1068 Per:  0.2612 Sca: 0.533E-06
 j:  44 T: 0.110E-03 Suc: 15463 Eva:  1167499 CPU:  0.294E+03 SqF: 0.1375
  Rf: 0.08810 Los:0.1762 Dis:0.1004 Per:  0.2870 Sca: 0.514E-06
 j:  45 T: 0.105E-03 Suc: 15463 Eva:  1206084 CPU:  0.302E+03 SqF: 0.1312
  Rf: 0.08304 Los:0.1702 Dis:0.0869 Per:  0.2796 Sca: 0.513E-06
 j:  46 T: 0.994E-04 Suc: 15463 Eva:  1246433 CPU:  0.310E+03 SqF: 0.1194
  Rf: 0.06955 Los:0.1923 Dis:0.1071 Per:  0.2557 Sca: 0.613E-06
 j:  47 T: 0.945E-04 Suc: 15463 Eva:  1285639 CPU:  0.318E+03 SqF: 0.1194
  Rf: 0.06955 Los:0.1923 Dis:0.1071 Per:  0.2557 Sca: 0.613E-06
 j:  48 T: 0.897E-04 Suc: 15463 Eva:  1326300 CPU:  0.326E+03 SqF: 0.1143
  Rf: 0.06485 Los:0.1919 Dis:0.1067 Per:  0.2621 Sca: 0.563E-06
 j:  49 T: 0.853E-04 Suc: 15463 Eva:  1367413 CPU:  0.334E+03 SqF: 0.1143
  Rf: 0.06485 Los:0.1919 Dis:0.1067 Per:  0.2621 Sca: 0.563E-06
 j:  50 T: 0.810E-04 Suc: 15463 Eva:  1408908 CPU:  0.343E+03 SqF: 0.1072
  Rf: 0.06080 Los:0.1810 Dis:0.0887 Per:  0.2544 Sca: 0.618E-06
 j:  51 T: 0.769E-04 Suc: 15463 Eva:  1450307 CPU:  0.351E+03 SqF: 0.1049
  Rf: 0.06046 Los:0.1841 Dis:0.0872 Per:  0.2483 Sca: 0.596E-06
 j:  52 T: 0.731E-04 Suc: 15463 Eva:  1493238 CPU:  0.359E+03 SqF: 0.0987
  Rf: 0.05399 Los:0.1778 Dis:0.0880 Per:  0.2389 Sca: 0.594E-06
 j:  53 T: 0.694E-04 Suc: 15463 Eva:  1536186 CPU:  0.368E+03 SqF: 0.0964
  Rf: 0.05341 Los:0.1652 Dis:0.0751 Per:  0.2401 Sca: 0.605E-06
 j:  54 T: 0.660E-04 Suc: 15463 Eva:  1579936 CPU:  0.377E+03 SqF: 0.0915
  Rf: 0.04646 Los:0.1791 Dis:0.0785 Per:  0.2360 Sca: 0.623E-06
 j:  55 T: 0.627E-04 Suc: 15463 Eva:  1622675 CPU:  0.385E+03 SqF: 0.0894
  Rf: 0.04680 Los:0.1664 Dis:0.0832 Per:  0.2293 Sca: 0.603E-06
 j:  56 T: 0.595E-04 Suc: 15463 Eva:  1666282 CPU:  0.394E+03 SqF: 0.0851
  Rf: 0.04076 Los:0.1754 Dis:0.0735 Per:  0.2292 Sca: 0.628E-06
 j:  57 T: 0.566E-04 Suc: 15463 Eva:  1711371 CPU:  0.402E+03 SqF: 0.0818
  Rf: 0.03648 Los:0.1729 Dis:0.0629 Per:  0.2325 Sca: 0.615E-06
 j:  58 T: 0.537E-04 Suc: 15463 Eva:  1756559 CPU:  0.411E+03 SqF: 0.0807
  Rf: 0.03210 Los:0.1940 Dis:0.0935 Per:  0.2328 Sca: 0.703E-06
 j:  59 T: 0.510E-04 Suc: 15463 Eva:  1802101 CPU:  0.420E+03 SqF: 0.0784
  Rf: 0.03547 Los:0.1582 Dis:0.0589 Per:  0.2340 Sca: 0.608E-06
 j:  60 T: 0.485E-04 Suc: 15463 Eva:  1847608 CPU:  0.428E+03 SqF: 0.0772
  Rf: 0.03139 Los:0.1679 Dis:0.0968 Per:  0.2323 Sca: 0.608E-06
 j:  61 T: 0.461E-04 Suc: 15463 Eva:  1894274 CPU:  0.437E+03 SqF: 0.0735
  Rf: 0.03301 Los:0.1540 Dis:0.0507 Per:  0.2229 Sca: 0.592E-06
 j:  62 T: 0.438E-04 Suc: 15463 Eva:  1941348 CPU:  0.446E+03 SqF: 0.0710
  Rf: 0.02464 Los:0.1782 Dis:0.0787 Per:  0.2199 Sca: 0.657E-06
 j:  63 T: 0.416E-04 Suc: 15463 Eva:  1988871 CPU:  0.455E+03 SqF: 0.0698
  Rf: 0.02576 Los:0.1632 Dis:0.0654 Per:  0.2279 Sca: 0.648E-06
 j:  64 T: 0.395E-04 Suc: 15463 Eva:  2036742 CPU:  0.464E+03 SqF: 0.0691
  Rf: 0.03076 Los:0.1492 Dis:0.0559 Per:  0.2188 Sca: 0.618E-06
 j:  65 T: 0.375E-04 Suc: 15463 Eva:  2085224 CPU:  0.473E+03 SqF: 0.0666
  Rf: 0.02489 Los:0.1722 Dis:0.0506 Per:  0.2201 Sca: 0.677E-06
 j:  66 T: 0.356E-04 Suc: 15463 Eva:  2133454 CPU:  0.482E+03 SqF: 0.0652
  Rf: 0.02526 Los:0.1470 Dis:0.0537 Per:  0.2253 Sca: 0.608E-06
 j:  67 T: 0.339E-04 Suc: 15463 Eva:  2182565 CPU:  0.491E+03 SqF: 0.0644
  Rf: 0.02686 Los:0.1549 Dis:0.0400 Per:  0.2220 Sca: 0.614E-06
 j:  68 T: 0.322E-04 Suc: 15463 Eva:  2231515 CPU:  0.501E+03 SqF: 0.0612
  Rf: 0.02001 Los:0.1559 Dis:0.0478 Per:  0.2199 Sca: 0.655E-06
 j:  69 T: 0.306E-04 Suc: 15463 Eva:  2280800 CPU:  0.510E+03 SqF: 0.0594
  Rf: 0.01893 Los:0.1502 Dis:0.0437 Per:  0.2188 Sca: 0.599E-06
 j:  70 T: 0.290E-04 Suc: 15463 Eva:  2329969 CPU:  0.519E+03 SqF: 0.0588
  Rf: 0.02143 Los:0.1463 Dis:0.0364 Per:  0.2178 Sca: 0.616E-06
 j:  71 T: 0.276E-04 Suc: 15463 Eva:  2379862 CPU:  0.528E+03 SqF: 0.0559
  Rf: 0.01722 Los:0.1408 Dis:0.0361 Per:  0.2131 Sca: 0.669E-06
 j:  72 T: 0.262E-04 Suc: 15463 Eva:  2430217 CPU:  0.537E+03 SqF: 0.0554
  Rf: 0.01573 Los:0.1504 Dis:0.0407 Per:  0.2133 Sca: 0.678E-06
 j:  73 T: 0.249E-04 Suc: 15463 Eva:  2481095 CPU:  0.547E+03 SqF: 0.0536
  Rf: 0.01591 Los:0.1383 Dis:0.0253 Per:  0.2200 Sca: 0.634E-06
 j:  74 T: 0.236E-04 Suc: 15463 Eva:  2532000 CPU:  0.556E+03 SqF: 0.0534
  Rf: 0.01729 Los:0.1434 Dis:0.0309 Per:  0.2125 Sca: 0.619E-06
 j:  75 T: 0.225E-04 Suc: 15463 Eva:  2582974 CPU:  0.566E+03 SqF: 0.0516
  Rf: 0.01635 Los:0.1334 Dis:0.0193 Per:  0.2200 Sca: 0.629E-06
 j:  76 T: 0.213E-04 Suc: 15463 Eva:  2633444 CPU:  0.575E+03 SqF: 0.0488
  Rf: 0.01303 Los:0.1232 Dis:0.0174 Per:  0.2141 Sca: 0.625E-06
 j:  77 T: 0.203E-04 Suc: 15463 Eva:  2684429 CPU:  0.584E+03 SqF: 0.0482
  Rf: 0.01556 Los:0.1138 Dis:0.0128 Per:  0.2171 Sca: 0.568E-06
 j:  78 T: 0.193E-04 Suc: 15463 Eva:  2736153 CPU:  0.594E+03 SqF: 0.0465
  Rf: 0.01098 Los:0.1246 Dis:0.0189 Per:  0.2046 Sca: 0.592E-06
 j:  79 T: 0.183E-04 Suc: 15463 Eva:  2788123 CPU:  0.603E+03 SqF: 0.0465
  Rf: 0.01098 Los:0.1246 Dis:0.0189 Per:  0.2046 Sca: 0.592E-06
 j:  80 T: 0.174E-04 Suc: 15463 Eva:  2839468 CPU:  0.613E+03 SqF: 0.0451
  Rf: 0.00685 Los:0.1254 Dis:0.0231 Per:  0.2098 Sca: 0.610E-06
 j:  81 T: 0.165E-04 Suc: 15463 Eva:  2891388 CPU:  0.623E+03 SqF: 0.0444
  Rf: 0.00959 Los:0.1167 Dis:0.0223 Per:  0.2118 Sca: 0.574E-06
 j:  82 T: 0.157E-04 Suc: 15463 Eva:  2944345 CPU:  0.632E+03 SqF: 0.0436
  Rf: 0.01213 Los:0.1149 Dis:0.0096 Per:  0.2149 Sca: 0.614E-06
 j:  83 T: 0.149E-04 Suc: 15463 Eva:  2997874 CPU:  0.642E+03 SqF: 0.0420
  Rf: 0.01053 Los:0.1102 Dis:0.0056 Per:  0.2135 Sca: 0.590E-06
 j:  84 T: 0.142E-04 Suc: 15463 Eva:  3052142 CPU:  0.652E+03 SqF: 0.0420
  Rf: 0.01053 Los:0.1102 Dis:0.0056 Per:  0.2135 Sca: 0.590E-06
 j:  85 T: 0.135E-04 Suc: 15463 Eva:  3106643 CPU:  0.662E+03 SqF: 0.0413
  Rf: 0.00997 Los:0.1175 Dis:0.0076 Per:  0.2110 Sca: 0.607E-06
 j:  86 T: 0.128E-04 Suc: 15463 Eva:  3161325 CPU:  0.672E+03 SqF: 0.0401
  Rf: 0.00740 Los:0.1083 Dis:0.0131 Per:  0.2144 Sca: 0.580E-06
 j:  87 T: 0.121E-04 Suc: 15463 Eva:  3217002 CPU:  0.683E+03 SqF: 0.0394
  Rf: 0.00899 Los:0.1117 Dis:0.0131 Per:  0.1989 Sca: 0.577E-06
 j:  88 T: 0.115E-04 Suc: 15463 Eva:  3273977 CPU:  0.693E+03 SqF: 0.0391
  Rf: 0.00975 Los:0.1108 Dis:0.0057 Per:  0.2130 Sca: 0.599E-06
 j:  89 T: 0.110E-04 Suc: 15463 Eva:  3329837 CPU:  0.703E+03 SqF: 0.0381
  Rf: 0.00842 Los:0.1082 Dis:0.0057 Per:  0.2120 Sca: 0.606E-06
 j:  90 T: 0.104E-04 Suc: 15463 Eva:  3385735 CPU:  0.714E+03 SqF: 0.0370
  Rf: 0.00884 Los:0.0973 Dis:0.0090 Per:  0.2081 Sca: 0.546E-06
 j:  91 T: 0.989E-05 Suc: 15463 Eva:  3442532 CPU:  0.724E+03 SqF: 0.0360
  Rf: 0.00745 Los:0.1015 Dis:0.0055 Per:  0.2023 Sca: 0.550E-06
 j:  92 T: 0.939E-05 Suc: 15463 Eva:  3500751 CPU:  0.735E+03 SqF: 0.0352
  Rf: 0.00630 Los:0.0973 Dis:0.0054 Per:  0.2067 Sca: 0.529E-06
 j:  93 T: 0.892E-05 Suc: 15463 Eva:  3558797 CPU:  0.745E+03 SqF: 0.0351
  Rf: 0.00407 Los:0.1046 Dis:0.0057 Per:  0.2056 Sca: 0.600E-06
 j:  94 T: 0.848E-05 Suc: 15463 Eva:  3617302 CPU:  0.756E+03 SqF: 0.0337
  Rf: 0.00533 Los:0.0922 Dis:0.0056 Per:  0.2038 Sca: 0.567E-06
 j:  95 T: 0.805E-05 Suc: 15463 Eva:  3677230 CPU:  0.767E+03 SqF: 0.0336
  Rf: 0.00504 Los:0.0995 Dis:0.0037 Per:  0.2012 Sca: 0.556E-06
 j:  96 T: 0.765E-05 Suc: 15463 Eva:  3737221 CPU:  0.779E+03 SqF: 0.0323
  Rf: 0.00277 Los:0.0922 Dis:0.0037 Per:  0.2014 Sca: 0.563E-06
 j:  97 T: 0.727E-05 Suc: 15463 Eva:  3796891 CPU:  0.790E+03 SqF: 0.0323
  Rf: 0.00635 Los:0.0933 Dis:0.0000 Per:  0.2041 Sca: 0.571E-06
 j:  98 T: 0.691E-05 Suc: 15463 Eva:  3856543 CPU:  0.801E+03 SqF: 0.0320
  Rf: 0.00505 Los:0.0944 Dis:0.0000 Per:  0.2097 Sca: 0.579E-06
 j:  99 T: 0.656E-05 Suc: 15463 Eva:  3918418 CPU:  0.812E+03 SqF: 0.0307
  Rf: 0.00445 Los:0.0852 Dis:0.0018 Per:  0.2027 Sca: 0.558E-06
 j: 100 T: 0.623E-05 Suc: 15463 Eva:  3980830 CPU:  0.824E+03 SqF: 0.0302
  Rf: 0.00487 Los:0.0839 Dis:0.0000 Per:  0.2053 Sca: 0.519E-06
 j: 101 T: 0.592E-05 Suc: 15463 Eva:  4043134 CPU:  0.835E+03 SqF: 0.0295
  Rf: 0.00341 Los:0.0828 Dis:0.0000 Per:  0.2045 Sca: 0.540E-06
 j: 102 T: 0.562E-05 Suc: 15463 Eva:  4108127 CPU:  0.848E+03 SqF: 0.0295
  Rf: 0.00341 Los:0.0828 Dis:0.0000 Per:  0.2045 Sca: 0.540E-06
 j: 103 T: 0.534E-05 Suc: 15463 Eva:  4172193 CPU:  0.860E+03 SqF: 0.0285
  Rf: 0.00645 Los:0.0732 Dis:0.0000 Per:  0.2072 Sca: 0.505E-06
 j: 104 T: 0.508E-05 Suc: 15463 Eva:  4237097 CPU:  0.872E+03 SqF: 0.0279
  Rf: 0.00418 Los:0.0756 Dis:0.0000 Per:  0.2007 Sca: 0.563E-06
 j: 105 T: 0.482E-05 Suc: 15463 Eva:  4303139 CPU:  0.884E+03 SqF: 0.0278
  Rf: 0.00408 Los:0.0763 Dis:0.0000 Per:  0.2048 Sca: 0.520E-06
 j: 106 T: 0.458E-05 Suc: 15463 Eva:  4368578 CPU:  0.897E+03 SqF: 0.0272
  Rf: 0.00504 Los:0.0731 Dis:0.0000 Per:  0.2007 Sca: 0.530E-06
 j: 107 T: 0.435E-05 Suc: 15463 Eva:  4434875 CPU:  0.909E+03 SqF: 0.0265
  Rf: 0.00285 Los:0.0712 Dis:0.0000 Per:  0.2029 Sca: 0.531E-06
 j: 108 T: 0.413E-05 Suc: 15463 Eva:  4503324 CPU:  0.922E+03 SqF: 0.0261
  Rf: 0.00305 Los:0.0710 Dis:0.0000 Per:  0.2003 Sca: 0.518E-06
 j: 109 T: 0.393E-05 Suc: 15463 Eva:  4573112 CPU:  0.935E+03 SqF: 0.0255
  Rf: 0.00313 Los:0.0665 Dis:0.0000 Per:  0.2032 Sca: 0.507E-06
 j: 110 T: 0.373E-05 Suc: 15463 Eva:  4642534 CPU:  0.948E+03 SqF: 0.0249
  Rf: 0.00378 Los:0.0626 Dis:0.0000 Per:  0.2062 Sca: 0.503E-06
 j: 111 T: 0.354E-05 Suc: 15463 Eva:  4713801 CPU:  0.961E+03 SqF: 0.0248
  Rf: 0.00361 Los:0.0651 Dis:0.0000 Per:  0.1983 Sca: 0.528E-06
 j: 112 T: 0.337E-05 Suc: 15463 Eva:  4786096 CPU:  0.975E+03 SqF: 0.0247
  Rf: 0.00410 Los:0.0643 Dis:0.0000 Per:  0.2058 Sca: 0.524E-06
 j: 113 T: 0.320E-05 Suc: 15463 Eva:  4859662 CPU:  0.989E+03 SqF: 0.0242
  Rf: 0.00484 Los:0.0610 Dis:0.0000 Per:  0.2028 Sca: 0.476E-06
 j: 114 T: 0.304E-05 Suc: 15463 Eva:  4934207 CPU:  0.100E+04 SqF: 0.0235
  Rf: 0.00250 Los:0.0606 Dis:0.0000 Per:  0.2003 Sca: 0.514E-06
 j: 115 T: 0.289E-05 Suc: 15463 Eva:  5009760 CPU:  0.102E+04 SqF: 0.0230
  Rf: 0.00377 Los:0.0570 Dis:0.0000 Per:  0.1980 Sca: 0.477E-06
 j: 116 T: 0.274E-05 Suc: 15463 Eva:  5086888 CPU:  0.103E+04 SqF: 0.0229
  Rf: 0.00348 Los:0.0581 Dis:0.0000 Per:  0.1984 Sca: 0.495E-06
 j: 117 T: 0.261E-05 Suc: 15463 Eva:  5166442 CPU:  0.105E+04 SqF: 0.0226
  Rf: 0.00383 Los:0.0551 Dis:0.0000 Per:  0.2085 Sca: 0.458E-06
 j: 118 T: 0.248E-05 Suc: 15463 Eva:  5248586 CPU:  0.106E+04 SqF: 0.0219
  Rf: 0.00335 Los:0.0527 Dis:0.0000 Per:  0.2031 Sca: 0.486E-06
 j: 119 T: 0.235E-05 Suc: 15463 Eva:  5331191 CPU:  0.108E+04 SqF: 0.0217
  Rf: 0.00266 Los:0.0540 Dis:0.0000 Per:  0.2012 Sca: 0.476E-06
 j: 120 T: 0.223E-05 Suc: 15463 Eva:  5417883 CPU:  0.110E+04 SqF: 0.0210
  Rf: 0.00334 Los:0.0491 Dis:0.0000 Per:  0.1989 Sca: 0.479E-06
 j: 121 T: 0.212E-05 Suc: 15463 Eva:  5504384 CPU:  0.111E+04 SqF: 0.0210
  Rf: 0.00334 Los:0.0491 Dis:0.0000 Per:  0.1989 Sca: 0.479E-06
 j: 122 T: 0.202E-05 Suc: 15463 Eva:  5591830 CPU:  0.113E+04 SqF: 0.0202
  Rf: 0.00479 Los:0.0434 Dis:0.0000 Per:  0.2053 Sca: 0.455E-06
 j: 123 T: 0.192E-05 Suc: 15463 Eva:  5682866 CPU:  0.115E+04 SqF: 0.0197
  Rf: 0.00289 Los:0.0439 Dis:0.0000 Per:  0.2026 Sca: 0.463E-06
 j: 124 T: 0.182E-05 Suc: 15463 Eva:  5775588 CPU:  0.116E+04 SqF: 0.0195
  Rf: 0.00251 Los:0.0438 Dis:0.0000 Per:  0.2014 Sca: 0.441E-06
 j: 125 T: 0.173E-05 Suc: 15463 Eva:  5871907 CPU:  0.118E+04 SqF: 0.0195
  Rf: 0.00251 Los:0.0438 Dis:0.0000 Per:  0.2014 Sca: 0.441E-06
 j: 126 T: 0.164E-05 Suc: 15463 Eva:  5969848 CPU:  0.120E+04 SqF: 0.0192
  Rf: 0.00247 Los:0.0440 Dis:0.0000 Per:  0.2019 Sca: 0.449E-06
 j: 127 T: 0.156E-05 Suc: 15463 Eva:  6068903 CPU:  0.122E+04 SqF: 0.0186
  Rf: 0.00229 Los:0.0414 Dis:0.0000 Per:  0.1995 Sca: 0.436E-06
 j: 128 T: 0.148E-05 Suc: 15463 Eva:  6172910 CPU:  0.124E+04 SqF: 0.0183
  Rf: 0.00290 Los:0.0397 Dis:0.0000 Per:  0.2008 Sca: 0.425E-06
 j: 129 T: 0.141E-05 Suc: 15463 Eva:  6280951 CPU:  0.126E+04 SqF: 0.0178
  Rf: 0.00312 Los:0.0368 Dis:0.0000 Per:  0.2026 Sca: 0.405E-06
 j: 130 T: 0.134E-05 Suc: 15463 Eva:  6391038 CPU:  0.128E+04 SqF: 0.0175
  Rf: 0.00263 Los:0.0362 Dis:0.0000 Per:  0.2030 Sca: 0.417E-06
 j: 131 T: 0.127E-05 Suc: 15463 Eva:  6503461 CPU:  0.131E+04 SqF: 0.0172
  Rf: 0.00166 Los:0.0360 Dis:0.0000 Per:  0.2003 Sca: 0.416E-06
 j: 132 T: 0.121E-05 Suc: 15463 Eva:  6621204 CPU:  0.133E+04 SqF: 0.0172
  Rf: 0.00166 Los:0.0360 Dis:0.0000 Per:  0.2003 Sca: 0.416E-06
 j: 133 T: 0.115E-05 Suc: 15463 Eva:  6743528 CPU:  0.135E+04 SqF: 0.0171
  Rf: 0.00256 Los:0.0364 Dis:0.0000 Per:  0.2002 Sca: 0.420E-06
 j: 134 T: 0.109E-05 Suc: 15463 Eva:  6867603 CPU:  0.138E+04 SqF: 0.0167
  Rf: 0.00274 Los:0.0343 Dis:0.0000 Per:  0.2007 Sca: 0.394E-06
 j: 135 T: 0.104E-05 Suc: 15463 Eva:  6998444 CPU:  0.140E+04 SqF: 0.0163
  Rf: 0.00289 Los:0.0324 Dis:0.0000 Per:  0.2022 Sca: 0.390E-06
 j: 136 T: 0.983E-06 Suc: 15463 Eva:  7131107 CPU:  0.143E+04 SqF: 0.0158
  Rf: 0.00214 Los:0.0311 Dis:0.0000 Per:  0.2004 Sca: 0.399E-06
 j: 137 T: 0.934E-06 Suc: 15463 Eva:  7271675 CPU:  0.146E+04 SqF: 0.0158
  Rf: 0.00214 Los:0.0311 Dis:0.0000 Per:  0.2004 Sca: 0.399E-06
 j: 138 T: 0.887E-06 Suc: 15463 Eva:  7416924 CPU:  0.148E+04 SqF: 0.0155
  Rf: 0.00223 Los:0.0301 Dis:0.0000 Per:  0.2005 Sca: 0.384E-06
 j: 139 T: 0.843E-06 Suc: 15463 Eva:  7566357 CPU:  0.151E+04 SqF: 0.0152
  Rf: 0.00212 Los:0.0292 Dis:0.0000 Per:  0.2051 Sca: 0.403E-06
 j: 140 T: 0.801E-06 Suc: 15463 Eva:  7720923 CPU:  0.154E+04 SqF: 0.0148
  Rf: 0.00174 Los:0.0281 Dis:0.0000 Per:  0.2017 Sca: 0.380E-06
 j: 141 T: 0.761E-06 Suc: 14586 Eva:  7875553 CPU:  0.157E+04 SqF: 0.0145
  Rf: 0.00258 Los:0.0264 Dis:0.0000 Per:  0.2025 Sca: 0.381E-06
 j: 142 T: 0.723E-06 Suc: 13780 Eva:  8030183 CPU:  0.160E+04 SqF: 0.0145
  Rf: 0.00258 Los:0.0264 Dis:0.0000 Per:  0.2025 Sca: 0.381E-06
 j: 143 T: 0.687E-06 Suc: 12866 Eva:  8184813 CPU:  0.163E+04 SqF: 0.0144
  Rf: 0.00259 Los:0.0266 Dis:0.0000 Per:  0.2009 Sca: 0.365E-06
 j: 144 T: 0.652E-06 Suc: 12864 Eva:  8339443 CPU:  0.166E+04 SqF: 0.0140
  Rf: 0.00231 Los:0.0252 Dis:0.0000 Per:  0.2048 Sca: 0.367E-06
 j: 145 T: 0.620E-06 Suc: 11929 Eva:  8494073 CPU:  0.169E+04 SqF: 0.0136
  Rf: 0.00187 Los:0.0242 Dis:0.0000 Per:  0.2007 Sca: 0.364E-06
 j: 146 T: 0.589E-06 Suc: 11265 Eva:  8648703 CPU:  0.172E+04 SqF: 0.0136
  Rf: 0.00187 Los:0.0242 Dis:0.0000 Per:  0.2007 Sca: 0.364E-06
 j: 147 T: 0.559E-06 Suc: 11194 Eva:  8803333 CPU:  0.175E+04 SqF: 0.0132
  Rf: 0.00258 Los:0.0223 Dis:0.0000 Per:  0.1999 Sca: 0.341E-06
 j: 148 T: 0.531E-06 Suc: 10463 Eva:  8957963 CPU:  0.178E+04 SqF: 0.0130
  Rf: 0.00254 Los:0.0216 Dis:0.0000 Per:  0.2021 Sca: 0.338E-06
 j: 149 T: 0.505E-06 Suc: 10044 Eva:  9112593 CPU:  0.181E+04 SqF: 0.0126
  Rf: 0.00185 Los:0.0208 Dis:0.0000 Per:  0.2025 Sca: 0.337E-06
 j: 150 T: 0.480E-06 Suc:  9445 Eva:  9267223 CPU:  0.185E+04 SqF: 0.0126
  Rf: 0.00185 Los:0.0208 Dis:0.0000 Per:  0.2025 Sca: 0.337E-06
 j: 151 T: 0.456E-06 Suc:  8785 Eva:  9421853 CPU:  0.188E+04 SqF: 0.0124
  Rf: 0.00206 Los:0.0203 Dis:0.0000 Per:  0.2043 Sca: 0.344E-06
 j: 152 T: 0.433E-06 Suc:  8318 Eva:  9576483 CPU:  0.191E+04 SqF: 0.0124
  Rf: 0.00206 Los:0.0203 Dis:0.0000 Per:  0.2043 Sca: 0.344E-06
 j: 153 T: 0.411E-06 Suc:  7998 Eva:  9731113 CPU:  0.194E+04 SqF: 0.0120
  Rf: 0.00164 Los:0.0193 Dis:0.0000 Per:  0.2011 Sca: 0.335E-06
 j: 154 T: 0.391E-06 Suc:  7278 Eva:  9885743 CPU:  0.197E+04 SqF: 0.0120
  Rf: 0.00172 Los:0.0194 Dis:0.0000 Per:  0.2016 Sca: 0.329E-06
 j: 155 T: 0.371E-06 Suc:  7006 Eva: 10040373 CPU:  0.200E+04 SqF: 0.0120
  Rf: 0.00172 Los:0.0194 Dis:0.0000 Per:  0.2016 Sca: 0.329E-06
 j: 156 T: 0.352E-06 Suc:  6550 Eva: 10195003 CPU:  0.203E+04 SqF: 0.0118
  Rf: 0.00173 Los:0.0194 Dis:0.0000 Per:  0.2002 Sca: 0.335E-06
 j: 157 T: 0.335E-06 Suc:  5962 Eva: 10349633 CPU:  0.206E+04 SqF: 0.0113
  Rf: 0.00162 Los:0.0175 Dis:0.0000 Per:  0.1994 Sca: 0.319E-06
 j: 158 T: 0.318E-06 Suc:  5833 Eva: 10504263 CPU:  0.209E+04 SqF: 0.0112
  Rf: 0.00183 Los:0.0173 Dis:0.0000 Per:  0.1985 Sca: 0.319E-06
 j: 159 T: 0.302E-06 Suc:  5562 Eva: 10658893 CPU:  0.212E+04 SqF: 0.0112
  Rf: 0.00183 Los:0.0173 Dis:0.0000 Per:  0.1985 Sca: 0.319E-06
 j: 160 T: 0.287E-06 Suc:  4723 Eva: 10813523 CPU:  0.215E+04 SqF: 0.0109
  Rf: 0.00156 Los:0.0166 Dis:0.0000 Per:  0.2002 Sca: 0.318E-06
 j: 161 T: 0.273E-06 Suc:  4429 Eva: 10968153 CPU:  0.218E+04 SqF: 0.0109
  Rf: 0.00124 Los:0.0167 Dis:0.0000 Per:  0.2010 Sca: 0.317E-06
 j: 162 T: 0.259E-06 Suc:  4273 Eva: 11122783 CPU:  0.221E+04 SqF: 0.0107
  Rf: 0.00130 Los:0.0160 Dis:0.0000 Per:  0.2026 Sca: 0.310E-06
 j: 163 T: 0.246E-06 Suc:  3986 Eva: 11277413 CPU:  0.224E+04 SqF: 0.0106
  Rf: 0.00152 Los:0.0157 Dis:0.0000 Per:  0.2022 Sca: 0.306E-06
 j: 164 T: 0.234E-06 Suc:  3259 Eva: 11432043 CPU:  0.227E+04 SqF: 0.0105
  Rf: 0.00162 Los:0.0154 Dis:0.0000 Per:  0.2018 Sca: 0.310E-06
 j: 165 T: 0.222E-06 Suc:  3080 Eva: 11586673 CPU:  0.230E+04 SqF: 0.0104
  Rf: 0.00200 Los:0.0151 Dis:0.0000 Per:  0.2011 Sca: 0.317E-06
 j: 166 T: 0.211E-06 Suc:  2703 Eva: 11741303 CPU:  0.233E+04 SqF: 0.0104
  Rf: 0.00200 Los:0.0151 Dis:0.0000 Per:  0.2011 Sca: 0.317E-06
 j: 167 T: 0.201E-06 Suc:  2634 Eva: 11895933 CPU:  0.236E+04 SqF: 0.0101
  Rf: 0.00167 Los:0.0147 Dis:0.0000 Per:  0.2008 Sca: 0.304E-06
 j: 168 T: 0.190E-06 Suc:  2194 Eva: 12050563 CPU:  0.239E+04 SqF: 0.0099
  Rf: 0.00170 Los:0.0138 Dis:0.0000 Per:  0.2030 Sca: 0.300E-06
 j: 169 T: 0.181E-06 Suc:  2025 Eva: 12205193 CPU:  0.242E+04 SqF: 0.0098
  Rf: 0.00175 Los:0.0136 Dis:0.0000 Per:  0.1999 Sca: 0.299E-06
 j: 170 T: 0.172E-06 Suc:  1871 Eva: 12359823 CPU:  0.245E+04 SqF: 0.0098
  Rf: 0.00175 Los:0.0136 Dis:0.0000 Per:  0.1999 Sca: 0.299E-06
 j: 171 T: 0.163E-06 Suc:  1697 Eva: 12514453 CPU:  0.248E+04 SqF: 0.0096
  Rf: 0.00170 Los:0.0133 Dis:0.0000 Per:  0.2006 Sca: 0.290E-06
 j: 172 T: 0.155E-06 Suc:  1471 Eva: 12669083 CPU:  0.251E+04 SqF: 0.0095
  Rf: 0.00175 Los:0.0131 Dis:0.0000 Per:  0.1997 Sca: 0.288E-06
 j: 173 T: 0.147E-06 Suc:  1430 Eva: 12823713 CPU:  0.254E+04 SqF: 0.0095
  Rf: 0.00140 Los:0.0131 Dis:0.0000 Per:  0.1999 Sca: 0.298E-06
 j: 174 T: 0.140E-06 Suc:  1278 Eva: 12978343 CPU:  0.257E+04 SqF: 0.0095
  Rf: 0.00140 Los:0.0131 Dis:0.0000 Per:  0.1999 Sca: 0.298E-06
 j: 175 T: 0.133E-06 Suc:  1083 Eva: 13132973 CPU:  0.260E+04 SqF: 0.0093
  Rf: 0.00173 Los:0.0127 Dis:0.0000 Per:  0.1997 Sca: 0.289E-06
 j: 176 T: 0.126E-06 Suc:   805 Eva: 13287603 CPU:  0.262E+04 SqF: 0.0092
  Rf: 0.00141 Los:0.0126 Dis:0.0000 Per:  0.1999 Sca: 0.286E-06
 j: 177 T: 0.120E-06 Suc:   752 Eva: 13442233 CPU:  0.265E+04 SqF: 0.0091
  Rf: 0.00147 Los:0.0123 Dis:0.0000 Per:  0.2002 Sca: 0.285E-06
 j: 178 T: 0.114E-06 Suc:   614 Eva: 13596863 CPU:  0.268E+04 SqF: 0.0091
  Rf: 0.00147 Los:0.0123 Dis:0.0000 Per:  0.2002 Sca: 0.285E-06
 j: 179 T: 0.108E-06 Suc:   613 Eva: 13751493 CPU:  0.271E+04 SqF: 0.0090
  Rf: 0.00141 Los:0.0122 Dis:0.0000 Per:  0.2003 Sca: 0.284E-06
 j: 180 T: 0.103E-06 Suc:   475 Eva: 13906123 CPU:  0.274E+04 SqF: 0.0090
  Rf: 0.00147 Los:0.0122 Dis:0.0000 Per:  0.2007 Sca: 0.285E-06
 j: 181 T: 0.978E-07 Suc:   403 Eva: 14060753 CPU:  0.277E+04 SqF: 0.0090
  Rf: 0.00147 Los:0.0122 Dis:0.0000 Per:  0.2007 Sca: 0.285E-06
 j: 182 T: 0.929E-07 Suc:   368 Eva: 14215383 CPU:  0.280E+04 SqF: 0.0090
  Rf: 0.00143 Los:0.0122 Dis:0.0000 Per:  0.1996 Sca: 0.285E-06
 j: 183 T: 0.882E-07 Suc:   299 Eva: 14370013 CPU:  0.283E+04 SqF: 0.0090
  Rf: 0.00154 Los:0.0121 Dis:0.0000 Per:  0.1997 Sca: 0.283E-06
 j: 184 T: 0.838E-07 Suc:   261 Eva: 14524643 CPU:  0.286E+04 SqF: 0.0089
  Rf: 0.00139 Los:0.0120 Dis:0.0000 Per:  0.2002 Sca: 0.282E-06
 j: 185 T: 0.796E-07 Suc:   199 Eva: 14679273 CPU:  0.289E+04 SqF: 0.0089
  Rf: 0.00140 Los:0.0120 Dis:0.0000 Per:  0.1995 Sca: 0.284E-06
 j: 186 T: 0.757E-07 Suc:   161 Eva: 14833903 CPU:  0.292E+04 SqF: 0.0088
  Rf: 0.00144 Los:0.0119 Dis:0.0000 Per:  0.2002 Sca: 0.282E-06
 j: 187 T: 0.719E-07 Suc:    94 Eva: 14988533 CPU:  0.294E+04 SqF: 0.0088
  Rf: 0.00144 Los:0.0119 Dis:0.0000 Per:  0.2002 Sca: 0.283E-06
 j: 188 T: 0.683E-07 Suc:   108 Eva: 15143163 CPU:  0.297E+04 SqF: 0.0088
  Rf: 0.00152 Los:0.0119 Dis:0.0000 Per:  0.1994 Sca: 0.283E-06
 j: 189 T: 0.649E-07 Suc:   139 Eva: 15297793 CPU:  0.300E+04 SqF: 0.0088
  Rf: 0.00140 Los:0.0119 Dis:0.0000 Per:  0.1997 Sca: 0.283E-06
 j: 190 T: 0.616E-07 Suc:    58 Eva: 15452423 CPU:  0.303E+04 SqF: 0.0088
  Rf: 0.00140 Los:0.0119 Dis:0.0000 Per:  0.1999 Sca: 0.283E-06
 j: 191 T: 0.585E-07 Suc:    26 Eva: 15607053 CPU:  0.306E+04 SqF: 0.0087
  Rf: 0.00142 Los:0.0118 Dis:0.0000 Per:  0.1995 Sca: 0.283E-06

 Final Chi^2 against raw data ........................... : 1.103

     ===== DAMMIN finished at   21-Apr-2015   07:12:23
