   === DAMMIN  started at           21-Apr-2015   04:21:53
 Computation mode ....................................... : Slow
 Project identifier ..................................... : 26996_15
 Project description: ................................... : 26996_15
 Random sequence initialized from ....................... : 42153807
 GNOM file name ......................................... : 26996.out
 Data set title ......................................... : Merge of: 26996_01C_S1 26996_01D_S1 26996_01E_S1 26996_01F_S1
 Maximum diameter of the particle ....................... : 154.3
 Radius of gyration read ................................ : 46.29
 Number of GNOM data points ............................. : 298
 Maximum s value [1/angstrom] ........................... : 0.2720
 Number of Shannon channels ............................. : 13.36
 Number of knots in the curve to fit .................... : 27
 A constant was subtracted .............................. : 4.391
 Maximum order of harmonics ............................. : 15
 DAM coordinates file name .............................. : damstart.pdb
 Number of atoms read ................................... : 2824
 Maximum radius ......................................... : 91.83
 Packing radius of dummy atoms .......................... : 2.750
 Point symmetry of the particle ......................... : P1
 Number of core (fixed) atoms ........................... : 0
 Number of equivalent positions ......................... : 1
 Expected particle anisometry ........................... : Unknown
 Excluded volume per atom ............................... : 117.7
 Radius of 1st coordination sphere ...................... : 7.755
 Minimum number of contacts ............................. : 3
 Maximum number of contacts ............................. : 12
 Looseness penalty weight ............................... : 5.000e-3
 No of non-solvent atoms ................................ : 2824
 Initial DAM looseness .................................. : 1.056e-2
 Disconnectivity penalty weight ......................... : 5.000e-3
 Initial DAM # of graphs ................................ : 1
 Discontiguity   value .................................. : 0.0
 Center of the initial DAM:    0.0740  -0.7401  -1.8950
 Peripheral penalty weight .............................. : 0.3000
 Peripheral penalty value ............................... : 0.3062
 Looseness fixing threshold ............................. : 0.0
 R-factor  fixing threshold ............................. : 0.0
  ***    The structure was randomized    ***
 No of non-solvent atoms ................................ : 1399
 Randomized DAM looseness ............................... : 0.1195
 Randomized DAM # of graphs ............................. : 7
 Discontiguity   value .................................. : 4.298e-3
 Randomized peripheral penalty value .................... : 0.3117
 Weight: 0=s^2, 1=Emphas.s->0, 2=Log .................... : 1
 *** Porod weight with emphasis at low s ***
 Initial scale factor ................................... : 4.950e-8
 Scale factor fixed (Y=Yes, N=No) ....................... : N
 Initial R^2 factor ..................................... : 0.3867
 Initial R   factor ..................................... : 0.6218
 Initial penalty ........................................ : 9.414e-2
 Initial fVal ........................................... : 0.4808
 Variation of the target function ....................... : 2.449e-4
 CPU per function call, seconds ......................... : 5.409e-4
 Initial annealing temperature .......................... : 1.000e-3
 Annealing schedule factor .............................. : 0.9500
 # of independent atoms to modify ....................... : 1
 Max # of iterations at each T .......................... : 197680
 Max # of successes at each T ........................... : 19768
 Min # of successes to continue ......................... : 65
 Max # of annealing steps ............................... : 200
  ====  Simulated annealing procedure started  ====
 j:   1 T: 0.100E-02 Suc: 19768 Eva:    22650 CPU:  0.122E+02 SqF: 0.6458
  Rf: 0.56495 Los:0.1253 Dis:0.0068 Per:  0.3241 Sca: 0.576E-07
 j:   2 T: 0.950E-03 Suc: 19768 Eva:    45854 CPU:  0.246E+02 SqF: 0.6359
  Rf: 0.55710 Los:0.1300 Dis:0.0130 Per:  0.3273 Sca: 0.589E-07
 j:   3 T: 0.903E-03 Suc: 19768 Eva:    69226 CPU:  0.371E+02 SqF: 0.6240
  Rf: 0.54777 Los:0.1301 Dis:0.0152 Per:  0.3274 Sca: 0.584E-07
 j:   4 T: 0.857E-03 Suc: 19768 Eva:    93125 CPU:  0.497E+02 SqF: 0.6102
  Rf: 0.53704 Los:0.1248 Dis:0.0119 Per:  0.3237 Sca: 0.637E-07
 j:   5 T: 0.815E-03 Suc: 19768 Eva:   117432 CPU:  0.623E+02 SqF: 0.5802
  Rf: 0.50621 Los:0.1281 Dis:0.0223 Per:  0.3259 Sca: 0.644E-07
 j:   6 T: 0.774E-03 Suc: 19768 Eva:   142389 CPU:  0.752E+02 SqF: 0.5759
  Rf: 0.50310 Los:0.1387 Dis:0.0171 Per:  0.3350 Sca: 0.692E-07
 j:   7 T: 0.735E-03 Suc: 19768 Eva:   167447 CPU:  0.882E+02 SqF: 0.5523
  Rf: 0.47923 Los:0.1447 Dis:0.0158 Per:  0.3383 Sca: 0.731E-07
 j:   8 T: 0.698E-03 Suc: 19768 Eva:   193700 CPU:  0.102E+03 SqF: 0.5523
  Rf: 0.47923 Los:0.1447 Dis:0.0158 Per:  0.3383 Sca: 0.731E-07
 j:   9 T: 0.663E-03 Suc: 19768 Eva:   221257 CPU:  0.115E+03 SqF: 0.5277
  Rf: 0.45958 Los:0.1437 Dis:0.0235 Per:  0.3338 Sca: 0.789E-07
 j:  10 T: 0.630E-03 Suc: 19768 Eva:   249207 CPU:  0.129E+03 SqF: 0.5177
  Rf: 0.44923 Los:0.1525 Dis:0.0414 Per:  0.3451 Sca: 0.806E-07
 j:  11 T: 0.599E-03 Suc: 19768 Eva:   278266 CPU:  0.143E+03 SqF: 0.5101
  Rf: 0.44513 Los:0.1447 Dis:0.0399 Per:  0.3401 Sca: 0.747E-07
 j:  12 T: 0.569E-03 Suc: 19768 Eva:   308234 CPU:  0.157E+03 SqF: 0.4758
  Rf: 0.40811 Los:0.1564 Dis:0.0367 Per:  0.3449 Sca: 0.875E-07
 j:  13 T: 0.540E-03 Suc: 19768 Eva:   338995 CPU:  0.172E+03 SqF: 0.4593
  Rf: 0.39467 Los:0.1466 Dis:0.0345 Per:  0.3351 Sca: 0.896E-07
 j:  14 T: 0.513E-03 Suc: 19768 Eva:   371154 CPU:  0.186E+03 SqF: 0.4435
  Rf: 0.37841 Los:0.1798 Dis:0.0675 Per:  0.3396 Sca: 0.101E-06
 j:  15 T: 0.488E-03 Suc: 19768 Eva:   404347 CPU:  0.201E+03 SqF: 0.4264
  Rf: 0.36294 Los:0.1617 Dis:0.0673 Per:  0.3347 Sca: 0.962E-07
 j:  16 T: 0.463E-03 Suc: 19768 Eva:   438199 CPU:  0.217E+03 SqF: 0.4101
  Rf: 0.34263 Los:0.1574 Dis:0.0501 Per:  0.3579 Sca: 0.979E-07
 j:  17 T: 0.440E-03 Suc: 19768 Eva:   472908 CPU:  0.232E+03 SqF: 0.3825
  Rf: 0.31518 Los:0.1702 Dis:0.0776 Per:  0.3465 Sca: 0.106E-06
 j:  18 T: 0.418E-03 Suc: 19768 Eva:   508682 CPU:  0.247E+03 SqF: 0.3779
  Rf: 0.31224 Los:0.1891 Dis:0.0990 Per:  0.3500 Sca: 0.117E-06
 j:  19 T: 0.397E-03 Suc: 19768 Eva:   545873 CPU:  0.263E+03 SqF: 0.3689
  Rf: 0.30295 Los:0.1883 Dis:0.0848 Per:  0.3601 Sca: 0.118E-06
 j:  20 T: 0.377E-03 Suc: 19768 Eva:   583681 CPU:  0.279E+03 SqF: 0.3528
  Rf: 0.28723 Los:0.1650 Dis:0.0741 Per:  0.3602 Sca: 0.117E-06
 j:  21 T: 0.358E-03 Suc: 19768 Eva:   623021 CPU:  0.295E+03 SqF: 0.3269
  Rf: 0.25497 Los:0.1736 Dis:0.1285 Per:  0.3753 Sca: 0.125E-06
 j:  22 T: 0.341E-03 Suc: 19768 Eva:   662838 CPU:  0.311E+03 SqF: 0.3239
  Rf: 0.25532 Los:0.1884 Dis:0.1313 Per:  0.3729 Sca: 0.126E-06
 j:  23 T: 0.324E-03 Suc: 19768 Eva:   703368 CPU:  0.328E+03 SqF: 0.3043
  Rf: 0.23326 Los:0.1997 Dis:0.1074 Per:  0.3779 Sca: 0.143E-06
 j:  24 T: 0.307E-03 Suc: 19768 Eva:   744562 CPU:  0.344E+03 SqF: 0.2958
  Rf: 0.22941 Los:0.1823 Dis:0.0738 Per:  0.3645 Sca: 0.131E-06
 j:  25 T: 0.292E-03 Suc: 19768 Eva:   787086 CPU:  0.361E+03 SqF: 0.2894
  Rf: 0.22329 Los:0.1886 Dis:0.0946 Per:  0.3706 Sca: 0.135E-06
 j:  26 T: 0.277E-03 Suc: 19768 Eva:   831037 CPU:  0.378E+03 SqF: 0.2854
  Rf: 0.21992 Los:0.1933 Dis:0.1462 Per:  0.3775 Sca: 0.141E-06
 j:  27 T: 0.264E-03 Suc: 19768 Eva:   876247 CPU:  0.396E+03 SqF: 0.2713
  Rf: 0.20580 Los:0.1880 Dis:0.1080 Per:  0.3763 Sca: 0.140E-06
 j:  28 T: 0.250E-03 Suc: 19768 Eva:   922059 CPU:  0.410E+03 SqF: 0.2536
  Rf: 0.18998 Los:0.1858 Dis:0.1276 Per:  0.3550 Sca: 0.149E-06
 j:  29 T: 0.238E-03 Suc: 19768 Eva:   968272 CPU:  0.423E+03 SqF: 0.2519
  Rf: 0.18609 Los:0.1817 Dis:0.0741 Per:  0.3859 Sca: 0.149E-06
 j:  30 T: 0.226E-03 Suc: 19768 Eva:  1015693 CPU:  0.436E+03 SqF: 0.2370
  Rf: 0.17428 Los:0.1830 Dis:0.1101 Per:  0.3588 Sca: 0.152E-06
 j:  31 T: 0.215E-03 Suc: 19768 Eva:  1063650 CPU:  0.454E+03 SqF: 0.2370
  Rf: 0.17428 Los:0.1830 Dis:0.1101 Per:  0.3588 Sca: 0.152E-06
 j:  32 T: 0.204E-03 Suc: 19768 Eva:  1113400 CPU:  0.472E+03 SqF: 0.2202
  Rf: 0.15505 Los:0.1808 Dis:0.1415 Per:  0.3732 Sca: 0.152E-06
 j:  33 T: 0.194E-03 Suc: 19768 Eva:  1163054 CPU:  0.491E+03 SqF: 0.2202
  Rf: 0.15505 Los:0.1808 Dis:0.1415 Per:  0.3732 Sca: 0.152E-06
 j:  34 T: 0.184E-03 Suc: 19768 Eva:  1214997 CPU:  0.510E+03 SqF: 0.2045
  Rf: 0.14131 Los:0.2052 Dis:0.0964 Per:  0.3686 Sca: 0.172E-06
 j:  35 T: 0.175E-03 Suc: 19768 Eva:  1267184 CPU:  0.529E+03 SqF: 0.2045
  Rf: 0.14131 Los:0.2052 Dis:0.0964 Per:  0.3686 Sca: 0.172E-06
 j:  36 T: 0.166E-03 Suc: 19768 Eva:  1319603 CPU:  0.549E+03 SqF: 0.1937
  Rf: 0.13198 Los:0.1873 Dis:0.1010 Per:  0.3742 Sca: 0.165E-06
 j:  37 T: 0.158E-03 Suc: 19768 Eva:  1373338 CPU:  0.567E+03 SqF: 0.1937
  Rf: 0.13198 Los:0.1873 Dis:0.1010 Per:  0.3742 Sca: 0.165E-06
 j:  38 T: 0.150E-03 Suc: 19768 Eva:  1427851 CPU:  0.589E+03 SqF: 0.1883
  Rf: 0.12861 Los:0.1979 Dis:0.1183 Per:  0.3854 Sca: 0.170E-06
 j:  39 T: 0.142E-03 Suc: 19768 Eva:  1483044 CPU:  0.605E+03 SqF: 0.1820
  Rf: 0.12427 Los:0.1774 Dis:0.1098 Per:  0.3801 Sca: 0.167E-06
 j:  40 T: 0.135E-03 Suc: 19768 Eva:  1538542 CPU:  0.619E+03 SqF: 0.1720
  Rf: 0.11837 Los:0.1979 Dis:0.1105 Per:  0.3460 Sca: 0.187E-06
 j:  41 T: 0.129E-03 Suc: 19768 Eva:  1594675 CPU:  0.633E+03 SqF: 0.1704
  Rf: 0.11278 Los:0.1967 Dis:0.1327 Per:  0.3808 Sca: 0.178E-06
 j:  42 T: 0.122E-03 Suc: 19768 Eva:  1650910 CPU:  0.647E+03 SqF: 0.1616
  Rf: 0.10602 Los:0.1819 Dis:0.1111 Per:  0.3663 Sca: 0.174E-06
 j:  43 T: 0.116E-03 Suc: 19768 Eva:  1709756 CPU:  0.662E+03 SqF: 0.1597
  Rf: 0.10367 Los:0.2155 Dis:0.1859 Per:  0.3660 Sca: 0.181E-06
 j:  44 T: 0.110E-03 Suc: 19768 Eva:  1768537 CPU:  0.676E+03 SqF: 0.1506
  Rf: 0.09628 Los:0.2001 Dis:0.1153 Per:  0.3580 Sca: 0.187E-06
 j:  45 T: 0.105E-03 Suc: 19768 Eva:  1828713 CPU:  0.690E+03 SqF: 0.1503
  Rf: 0.09658 Los:0.2044 Dis:0.1272 Per:  0.3698 Sca: 0.192E-06
 j:  46 T: 0.994E-04 Suc: 19768 Eva:  1890427 CPU:  0.705E+03 SqF: 0.1358
  Rf: 0.07766 Los:0.2065 Dis:0.1178 Per:  0.3614 Sca: 0.203E-06
 j:  47 T: 0.945E-04 Suc: 19768 Eva:  1952156 CPU:  0.720E+03 SqF: 0.1358
  Rf: 0.07766 Los:0.2065 Dis:0.1178 Per:  0.3614 Sca: 0.203E-06
 j:  48 T: 0.897E-04 Suc: 19768 Eva:  2013598 CPU:  0.735E+03 SqF: 0.1339
  Rf: 0.08087 Los:0.2092 Dis:0.1078 Per:  0.3641 Sca: 0.203E-06
 j:  49 T: 0.853E-04 Suc: 19768 Eva:  2076360 CPU:  0.751E+03 SqF: 0.1309
  Rf: 0.07935 Los:0.1935 Dis:0.1226 Per:  0.3618 Sca: 0.203E-06
 j:  50 T: 0.810E-04 Suc: 19768 Eva:  2139517 CPU:  0.772E+03 SqF: 0.1261
  Rf: 0.07195 Los:0.1948 Dis:0.1272 Per:  0.3752 Sca: 0.198E-06
 j:  51 T: 0.769E-04 Suc: 19768 Eva:  2203506 CPU:  0.795E+03 SqF: 0.1238
  Rf: 0.07303 Los:0.1901 Dis:0.0917 Per:  0.3724 Sca: 0.206E-06
 j:  52 T: 0.731E-04 Suc: 19768 Eva:  2268826 CPU:  0.816E+03 SqF: 0.1205
  Rf: 0.07008 Los:0.2106 Dis:0.1515 Per:  0.3556 Sca: 0.202E-06
 j:  53 T: 0.694E-04 Suc: 19768 Eva:  2332736 CPU:  0.837E+03 SqF: 0.1176
  Rf: 0.06648 Los:0.2068 Dis:0.1368 Per:  0.3698 Sca: 0.207E-06
 j:  54 T: 0.660E-04 Suc: 19768 Eva:  2399052 CPU:  0.859E+03 SqF: 0.1137
  Rf: 0.06661 Los:0.1836 Dis:0.1123 Per:  0.3546 Sca: 0.190E-06
 j:  55 T: 0.627E-04 Suc: 19768 Eva:  2466272 CPU:  0.881E+03 SqF: 0.1067
  Rf: 0.05862 Los:0.1949 Dis:0.1154 Per:  0.3397 Sca: 0.215E-06
 j:  56 T: 0.595E-04 Suc: 19768 Eva:  2533034 CPU:  0.902E+03 SqF: 0.1035
  Rf: 0.05471 Los:0.2056 Dis:0.1350 Per:  0.3366 Sca: 0.213E-06
 j:  57 T: 0.566E-04 Suc: 19768 Eva:  2601754 CPU:  0.923E+03 SqF: 0.1033
  Rf: 0.05459 Los:0.2013 Dis:0.1264 Per:  0.3570 Sca: 0.219E-06
 j:  58 T: 0.537E-04 Suc: 19768 Eva:  2670451 CPU:  0.946E+03 SqF: 0.0992
  Rf: 0.05247 Los:0.2073 Dis:0.1018 Per:  0.3432 Sca: 0.227E-06
 j:  59 T: 0.510E-04 Suc: 19768 Eva:  2740476 CPU:  0.968E+03 SqF: 0.0960
  Rf: 0.04980 Los:0.2072 Dis:0.1416 Per:  0.3263 Sca: 0.235E-06
 j:  60 T: 0.485E-04 Suc: 19768 Eva:  2812392 CPU:  0.991E+03 SqF: 0.0921
  Rf: 0.04786 Los:0.1792 Dis:0.0930 Per:  0.3325 Sca: 0.218E-06
 j:  61 T: 0.461E-04 Suc: 19768 Eva:  2882057 CPU:  0.101E+04 SqF: 0.0910
  Rf: 0.04634 Los:0.1874 Dis:0.0872 Per:  0.3447 Sca: 0.217E-06
 j:  62 T: 0.438E-04 Suc: 19768 Eva:  2954696 CPU:  0.104E+04 SqF: 0.0860
  Rf: 0.04425 Los:0.1673 Dis:0.0862 Per:  0.3171 Sca: 0.199E-06
 j:  63 T: 0.416E-04 Suc: 19768 Eva:  3027029 CPU:  0.106E+04 SqF: 0.0857
  Rf: 0.04072 Los:0.1986 Dis:0.1102 Per:  0.3318 Sca: 0.227E-06
 j:  64 T: 0.395E-04 Suc: 19768 Eva:  3099666 CPU:  0.108E+04 SqF: 0.0855
  Rf: 0.04395 Los:0.1940 Dis:0.0950 Per:  0.3320 Sca: 0.215E-06
 j:  65 T: 0.375E-04 Suc: 19768 Eva:  3173425 CPU:  0.111E+04 SqF: 0.0812
  Rf: 0.03949 Los:0.1877 Dis:0.0911 Per:  0.3239 Sca: 0.238E-06
 j:  66 T: 0.356E-04 Suc: 19768 Eva:  3247087 CPU:  0.113E+04 SqF: 0.0802
  Rf: 0.04253 Los:0.1688 Dis:0.0730 Per:  0.3193 Sca: 0.217E-06
 j:  67 T: 0.339E-04 Suc: 19768 Eva:  3321593 CPU:  0.115E+04 SqF: 0.0765
  Rf: 0.03734 Los:0.1724 Dis:0.0576 Per:  0.3262 Sca: 0.226E-06
 j:  68 T: 0.322E-04 Suc: 19768 Eva:  3397024 CPU:  0.118E+04 SqF: 0.0750
  Rf: 0.03543 Los:0.1808 Dis:0.0735 Per:  0.3210 Sca: 0.227E-06
 j:  69 T: 0.306E-04 Suc: 19768 Eva:  3471560 CPU:  0.120E+04 SqF: 0.0735
  Rf: 0.03671 Los:0.1693 Dis:0.0523 Per:  0.3216 Sca: 0.228E-06
 j:  70 T: 0.290E-04 Suc: 19768 Eva:  3546762 CPU:  0.123E+04 SqF: 0.0714
  Rf: 0.03177 Los:0.1871 Dis:0.1001 Per:  0.3049 Sca: 0.226E-06
 j:  71 T: 0.276E-04 Suc: 19768 Eva:  3622749 CPU:  0.125E+04 SqF: 0.0694
  Rf: 0.03274 Los:0.1687 Dis:0.0571 Per:  0.3169 Sca: 0.217E-06
 j:  72 T: 0.262E-04 Suc: 19768 Eva:  3701155 CPU:  0.127E+04 SqF: 0.0656
  Rf: 0.02939 Los:0.1583 Dis:0.0661 Per:  0.2954 Sca: 0.221E-06
 j:  73 T: 0.249E-04 Suc: 19768 Eva:  3778304 CPU:  0.130E+04 SqF: 0.0651
  Rf: 0.02749 Los:0.1637 Dis:0.0647 Per:  0.3139 Sca: 0.226E-06
 j:  74 T: 0.236E-04 Suc: 19768 Eva:  3856065 CPU:  0.132E+04 SqF: 0.0629
  Rf: 0.02708 Los:0.1626 Dis:0.0691 Per:  0.2912 Sca: 0.214E-06
 j:  75 T: 0.225E-04 Suc: 19768 Eva:  3936421 CPU:  0.134E+04 SqF: 0.0618
  Rf: 0.02592 Los:0.1639 Dis:0.0657 Per:  0.2966 Sca: 0.229E-06
 j:  76 T: 0.213E-04 Suc: 19768 Eva:  4017048 CPU:  0.137E+04 SqF: 0.0596
  Rf: 0.02291 Los:0.1603 Dis:0.0710 Per:  0.2922 Sca: 0.222E-06
 j:  77 T: 0.203E-04 Suc: 19768 Eva:  4097715 CPU:  0.139E+04 SqF: 0.0591
  Rf: 0.02752 Los:0.1505 Dis:0.0377 Per:  0.2954 Sca: 0.206E-06
 j:  78 T: 0.193E-04 Suc: 19768 Eva:  4179368 CPU:  0.142E+04 SqF: 0.0563
  Rf: 0.02304 Los:0.1492 Dis:0.0444 Per:  0.2894 Sca: 0.212E-06
 j:  79 T: 0.183E-04 Suc: 19768 Eva:  4263413 CPU:  0.144E+04 SqF: 0.0563
  Rf: 0.02304 Los:0.1492 Dis:0.0444 Per:  0.2894 Sca: 0.212E-06
 j:  80 T: 0.174E-04 Suc: 19768 Eva:  4348419 CPU:  0.147E+04 SqF: 0.0536
  Rf: 0.02149 Los:0.1489 Dis:0.0348 Per:  0.2857 Sca: 0.231E-06
 j:  81 T: 0.165E-04 Suc: 19768 Eva:  4431657 CPU:  0.150E+04 SqF: 0.0521
  Rf: 0.02053 Los:0.1462 Dis:0.0308 Per:  0.2851 Sca: 0.230E-06
 j:  82 T: 0.157E-04 Suc: 19768 Eva:  4515805 CPU:  0.152E+04 SqF: 0.0505
  Rf: 0.01595 Los:0.1438 Dis:0.0404 Per:  0.2924 Sca: 0.225E-06
 j:  83 T: 0.149E-04 Suc: 19768 Eva:  4601077 CPU:  0.155E+04 SqF: 0.0498
  Rf: 0.02030 Los:0.1389 Dis:0.0189 Per:  0.2867 Sca: 0.224E-06
 j:  84 T: 0.142E-04 Suc: 19768 Eva:  4687048 CPU:  0.157E+04 SqF: 0.0480
  Rf: 0.01587 Los:0.1381 Dis:0.0304 Per:  0.2857 Sca: 0.222E-06
 j:  85 T: 0.135E-04 Suc: 19768 Eva:  4775693 CPU:  0.160E+04 SqF: 0.0462
  Rf: 0.01443 Los:0.1366 Dis:0.0209 Per:  0.2815 Sca: 0.222E-06
 j:  86 T: 0.128E-04 Suc: 19768 Eva:  4863406 CPU:  0.163E+04 SqF: 0.0460
  Rf: 0.01658 Los:0.1300 Dis:0.0271 Per:  0.2745 Sca: 0.227E-06
 j:  87 T: 0.121E-04 Suc: 19768 Eva:  4952063 CPU:  0.165E+04 SqF: 0.0440
  Rf: 0.01501 Los:0.1268 Dis:0.0117 Per:  0.2803 Sca: 0.235E-06
 j:  88 T: 0.115E-04 Suc: 19768 Eva:  5039465 CPU:  0.168E+04 SqF: 0.0422
  Rf: 0.01174 Los:0.1218 Dis:0.0203 Per:  0.2693 Sca: 0.205E-06
 j:  89 T: 0.110E-04 Suc: 19768 Eva:  5128485 CPU:  0.170E+04 SqF: 0.0417
  Rf: 0.01009 Los:0.1276 Dis:0.0233 Per:  0.2674 Sca: 0.226E-06
 j:  90 T: 0.104E-04 Suc: 19768 Eva:  5218483 CPU:  0.173E+04 SqF: 0.0416
  Rf: 0.01069 Los:0.1330 Dis:0.0214 Per:  0.2690 Sca: 0.229E-06
 j:  91 T: 0.989E-05 Suc: 19768 Eva:  5309304 CPU:  0.176E+04 SqF: 0.0401
  Rf: 0.01091 Los:0.1229 Dis:0.0156 Per:  0.2673 Sca: 0.230E-06
 j:  92 T: 0.939E-05 Suc: 19768 Eva:  5403110 CPU:  0.178E+04 SqF: 0.0393
  Rf: 0.01198 Los:0.1123 Dis:0.0113 Per:  0.2780 Sca: 0.218E-06
 j:  93 T: 0.892E-05 Suc: 19768 Eva:  5498041 CPU:  0.181E+04 SqF: 0.0374
  Rf: 0.01144 Los:0.1062 Dis:0.0000 Per:  0.2759 Sca: 0.230E-06
 j:  94 T: 0.848E-05 Suc: 19768 Eva:  5591615 CPU:  0.184E+04 SqF: 0.0364
  Rf: 0.00824 Los:0.1037 Dis:0.0136 Per:  0.2644 Sca: 0.226E-06
 j:  95 T: 0.805E-05 Suc: 19768 Eva:  5685661 CPU:  0.187E+04 SqF: 0.0364
  Rf: 0.00824 Los:0.1037 Dis:0.0136 Per:  0.2644 Sca: 0.226E-06
 j:  96 T: 0.765E-05 Suc: 19768 Eva:  5781651 CPU:  0.189E+04 SqF: 0.0358
  Rf: 0.00944 Los:0.1116 Dis:0.0057 Per:  0.2656 Sca: 0.218E-06
 j:  97 T: 0.727E-05 Suc: 19768 Eva:  5877579 CPU:  0.192E+04 SqF: 0.0347
  Rf: 0.00941 Los:0.1048 Dis:0.0038 Per:  0.2642 Sca: 0.215E-06
 j:  98 T: 0.691E-05 Suc: 19768 Eva:  5975511 CPU:  0.195E+04 SqF: 0.0344
  Rf: 0.00939 Los:0.1033 Dis:0.0056 Per:  0.2662 Sca: 0.208E-06
 j:  99 T: 0.656E-05 Suc: 19768 Eva:  6076546 CPU:  0.198E+04 SqF: 0.0331
  Rf: 0.00863 Los:0.0989 Dis:0.0019 Per:  0.2643 Sca: 0.216E-06
 j: 100 T: 0.623E-05 Suc: 19768 Eva:  6178703 CPU:  0.201E+04 SqF: 0.0330
  Rf: 0.00703 Los:0.1059 Dis:0.0058 Per:  0.2562 Sca: 0.220E-06
 j: 101 T: 0.592E-05 Suc: 19768 Eva:  6280153 CPU:  0.204E+04 SqF: 0.0320
  Rf: 0.00728 Los:0.0999 Dis:0.0019 Per:  0.2592 Sca: 0.212E-06
 j: 102 T: 0.562E-05 Suc: 19768 Eva:  6382363 CPU:  0.207E+04 SqF: 0.0315
  Rf: 0.00856 Los:0.0928 Dis:0.0018 Per:  0.2647 Sca: 0.206E-06
 j: 103 T: 0.534E-05 Suc: 19768 Eva:  6488370 CPU:  0.210E+04 SqF: 0.0309
  Rf: 0.00846 Los:0.0913 Dis:0.0018 Per:  0.2622 Sca: 0.205E-06
 j: 104 T: 0.508E-05 Suc: 19768 Eva:  6596184 CPU:  0.214E+04 SqF: 0.0303
  Rf: 0.00693 Los:0.0934 Dis:0.0018 Per:  0.2596 Sca: 0.196E-06
 j: 105 T: 0.482E-05 Suc: 19768 Eva:  6704053 CPU:  0.217E+04 SqF: 0.0297
  Rf: 0.00715 Los:0.0889 Dis:0.0018 Per:  0.2592 Sca: 0.196E-06
 j: 106 T: 0.458E-05 Suc: 19768 Eva:  6812363 CPU:  0.220E+04 SqF: 0.0289
  Rf: 0.00614 Los:0.0862 Dis:0.0000 Per:  0.2649 Sca: 0.195E-06
 j: 107 T: 0.435E-05 Suc: 19768 Eva:  6924057 CPU:  0.223E+04 SqF: 0.0287
  Rf: 0.00606 Los:0.0861 Dis:0.0018 Per:  0.2680 Sca: 0.185E-06
 j: 108 T: 0.413E-05 Suc: 19768 Eva:  7034823 CPU:  0.227E+04 SqF: 0.0280
  Rf: 0.00553 Los:0.0881 Dis:0.0000 Per:  0.2530 Sca: 0.203E-06
 j: 109 T: 0.393E-05 Suc: 19768 Eva:  7148675 CPU:  0.230E+04 SqF: 0.0270
  Rf: 0.00388 Los:0.0813 Dis:0.0000 Per:  0.2620 Sca: 0.214E-06
 j: 110 T: 0.373E-05 Suc: 19768 Eva:  7267239 CPU:  0.234E+04 SqF: 0.0270
  Rf: 0.00605 Los:0.0807 Dis:0.0000 Per:  0.2571 Sca: 0.209E-06
 j: 111 T: 0.354E-05 Suc: 19768 Eva:  7384688 CPU:  0.237E+04 SqF: 0.0264
  Rf: 0.00288 Los:0.0813 Dis:0.0000 Per:  0.2636 Sca: 0.193E-06
 j: 112 T: 0.337E-05 Suc: 19768 Eva:  7503799 CPU:  0.241E+04 SqF: 0.0256
  Rf: 0.00434 Los:0.0743 Dis:0.0000 Per:  0.2610 Sca: 0.201E-06
 j: 113 T: 0.320E-05 Suc: 19768 Eva:  7625489 CPU:  0.244E+04 SqF: 0.0256
  Rf: 0.00434 Los:0.0743 Dis:0.0000 Per:  0.2610 Sca: 0.201E-06
 j: 114 T: 0.304E-05 Suc: 19768 Eva:  7750195 CPU:  0.248E+04 SqF: 0.0251
  Rf: 0.00441 Los:0.0733 Dis:0.0000 Per:  0.2658 Sca: 0.192E-06
 j: 115 T: 0.289E-05 Suc: 19768 Eva:  7874388 CPU:  0.252E+04 SqF: 0.0243
  Rf: 0.00473 Los:0.0698 Dis:0.0000 Per:  0.2555 Sca: 0.181E-06
 j: 116 T: 0.274E-05 Suc: 19768 Eva:  8002219 CPU:  0.256E+04 SqF: 0.0236
  Rf: 0.00361 Los:0.0663 Dis:0.0000 Per:  0.2607 Sca: 0.182E-06
 j: 117 T: 0.261E-05 Suc: 19768 Eva:  8137723 CPU:  0.260E+04 SqF: 0.0235
  Rf: 0.00360 Los:0.0674 Dis:0.0000 Per:  0.2568 Sca: 0.185E-06
 j: 118 T: 0.248E-05 Suc: 19768 Eva:  8270798 CPU:  0.264E+04 SqF: 0.0229
  Rf: 0.00362 Los:0.0642 Dis:0.0000 Per:  0.2582 Sca: 0.177E-06
 j: 119 T: 0.235E-05 Suc: 19768 Eva:  8406683 CPU:  0.267E+04 SqF: 0.0229
  Rf: 0.00362 Los:0.0642 Dis:0.0000 Per:  0.2582 Sca: 0.177E-06
 j: 120 T: 0.223E-05 Suc: 19768 Eva:  8547205 CPU:  0.270E+04 SqF: 0.0224
  Rf: 0.00463 Los:0.0613 Dis:0.0000 Per:  0.2618 Sca: 0.183E-06
 j: 121 T: 0.212E-05 Suc: 19768 Eva:  8689768 CPU:  0.274E+04 SqF: 0.0219
  Rf: 0.00371 Los:0.0600 Dis:0.0000 Per:  0.2601 Sca: 0.172E-06
 j: 122 T: 0.202E-05 Suc: 19768 Eva:  8838815 CPU:  0.279E+04 SqF: 0.0216
  Rf: 0.00419 Los:0.0594 Dis:0.0000 Per:  0.2537 Sca: 0.184E-06
 j: 123 T: 0.192E-05 Suc: 19768 Eva:  8991323 CPU:  0.284E+04 SqF: 0.0212
  Rf: 0.00409 Los:0.0570 Dis:0.0000 Per:  0.2573 Sca: 0.171E-06
 j: 124 T: 0.182E-05 Suc: 19768 Eva:  9150244 CPU:  0.289E+04 SqF: 0.0209
  Rf: 0.00259 Los:0.0580 Dis:0.0000 Per:  0.2601 Sca: 0.176E-06
 j: 125 T: 0.173E-05 Suc: 19768 Eva:  9317168 CPU:  0.294E+04 SqF: 0.0205
  Rf: 0.00291 Los:0.0561 Dis:0.0000 Per:  0.2571 Sca: 0.176E-06
 j: 126 T: 0.164E-05 Suc: 19768 Eva:  9482130 CPU:  0.299E+04 SqF: 0.0200
  Rf: 0.00228 Los:0.0532 Dis:0.0000 Per:  0.2585 Sca: 0.171E-06
 j: 127 T: 0.156E-05 Suc: 19768 Eva:  9649465 CPU:  0.304E+04 SqF: 0.0196
  Rf: 0.00333 Los:0.0507 Dis:0.0000 Per:  0.2569 Sca: 0.164E-06
 j: 128 T: 0.148E-05 Suc: 19768 Eva:  9817651 CPU:  0.309E+04 SqF: 0.0194
  Rf: 0.00248 Los:0.0506 Dis:0.0000 Per:  0.2638 Sca: 0.164E-06
 j: 129 T: 0.141E-05 Suc: 19768 Eva:  9997577 CPU:  0.315E+04 SqF: 0.0190
  Rf: 0.00226 Los:0.0496 Dis:0.0000 Per:  0.2560 Sca: 0.169E-06
 j: 130 T: 0.134E-05 Suc: 19768 Eva: 10187909 CPU:  0.319E+04 SqF: 0.0188
  Rf: 0.00322 Los:0.0480 Dis:0.0000 Per:  0.2585 Sca: 0.167E-06
 j: 131 T: 0.127E-05 Suc: 19768 Eva: 10376196 CPU:  0.324E+04 SqF: 0.0185
  Rf: 0.00189 Los:0.0479 Dis:0.0000 Per:  0.2569 Sca: 0.168E-06
 j: 132 T: 0.121E-05 Suc: 19707 Eva: 10573876 CPU:  0.328E+04 SqF: 0.0179
  Rf: 0.00323 Los:0.0433 Dis:0.0000 Per:  0.2556 Sca: 0.154E-06
 j: 133 T: 0.115E-05 Suc: 19113 Eva: 10771556 CPU:  0.332E+04 SqF: 0.0175
  Rf: 0.00323 Los:0.0416 Dis:0.0000 Per:  0.2599 Sca: 0.157E-06
 j: 134 T: 0.109E-05 Suc: 18410 Eva: 10969236 CPU:  0.336E+04 SqF: 0.0175
  Rf: 0.00323 Los:0.0416 Dis:0.0000 Per:  0.2599 Sca: 0.157E-06
 j: 135 T: 0.104E-05 Suc: 18403 Eva: 11166916 CPU:  0.341E+04 SqF: 0.0169
  Rf: 0.00234 Los:0.0402 Dis:0.0000 Per:  0.2542 Sca: 0.148E-06
 j: 136 T: 0.983E-06 Suc: 17084 Eva: 11364596 CPU:  0.345E+04 SqF: 0.0167
  Rf: 0.00208 Los:0.0400 Dis:0.0000 Per:  0.2557 Sca: 0.152E-06
 j: 137 T: 0.934E-06 Suc: 16559 Eva: 11562276 CPU:  0.350E+04 SqF: 0.0167
  Rf: 0.00188 Los:0.0405 Dis:0.0000 Per:  0.2577 Sca: 0.152E-06
 j: 138 T: 0.887E-06 Suc: 15822 Eva: 11759956 CPU:  0.354E+04 SqF: 0.0165
  Rf: 0.00267 Los:0.0393 Dis:0.0000 Per:  0.2591 Sca: 0.156E-06
 j: 139 T: 0.843E-06 Suc: 15155 Eva: 11957636 CPU:  0.358E+04 SqF: 0.0162
  Rf: 0.00295 Los:0.0380 Dis:0.0000 Per:  0.2566 Sca: 0.156E-06
 j: 140 T: 0.801E-06 Suc: 14108 Eva: 12155316 CPU:  0.363E+04 SqF: 0.0157
  Rf: 0.00165 Los:0.0363 Dis:0.0000 Per:  0.2583 Sca: 0.145E-06
 j: 141 T: 0.761E-06 Suc: 13588 Eva: 12352996 CPU:  0.367E+04 SqF: 0.0156
  Rf: 0.00239 Los:0.0357 Dis:0.0000 Per:  0.2561 Sca: 0.147E-06
 j: 142 T: 0.723E-06 Suc: 13762 Eva: 12550676 CPU:  0.371E+04 SqF: 0.0154
  Rf: 0.00167 Los:0.0353 Dis:0.0000 Per:  0.2617 Sca: 0.146E-06
 j: 143 T: 0.687E-06 Suc: 12925 Eva: 12748356 CPU:  0.375E+04 SqF: 0.0151
  Rf: 0.00165 Los:0.0342 Dis:0.0000 Per:  0.2577 Sca: 0.146E-06
 j: 144 T: 0.652E-06 Suc: 13067 Eva: 12946036 CPU:  0.380E+04 SqF: 0.0148
  Rf: 0.00185 Los:0.0327 Dis:0.0000 Per:  0.2639 Sca: 0.140E-06
 j: 145 T: 0.620E-06 Suc: 12893 Eva: 13143716 CPU:  0.384E+04 SqF: 0.0146
  Rf: 0.00187 Los:0.0320 Dis:0.0000 Per:  0.2613 Sca: 0.143E-06
 j: 146 T: 0.589E-06 Suc: 11904 Eva: 13341396 CPU:  0.389E+04 SqF: 0.0142
  Rf: 0.00151 Los:0.0305 Dis:0.0000 Per:  0.2679 Sca: 0.139E-06
 j: 147 T: 0.559E-06 Suc: 11199 Eva: 13539076 CPU:  0.393E+04 SqF: 0.0142
  Rf: 0.00151 Los:0.0305 Dis:0.0000 Per:  0.2679 Sca: 0.139E-06
 j: 148 T: 0.531E-06 Suc: 10781 Eva: 13736756 CPU:  0.397E+04 SqF: 0.0139
  Rf: 0.00117 Los:0.0300 Dis:0.0000 Per:  0.2585 Sca: 0.139E-06
 j: 149 T: 0.505E-06 Suc:  9151 Eva: 13934436 CPU:  0.402E+04 SqF: 0.0139
  Rf: 0.00117 Los:0.0300 Dis:0.0000 Per:  0.2585 Sca: 0.139E-06
 j: 150 T: 0.480E-06 Suc:  8768 Eva: 14132116 CPU:  0.406E+04 SqF: 0.0135
  Rf: 0.00174 Los:0.0283 Dis:0.0000 Per:  0.2597 Sca: 0.138E-06
 j: 151 T: 0.456E-06 Suc:  8687 Eva: 14329796 CPU:  0.410E+04 SqF: 0.0133
  Rf: 0.00184 Los:0.0279 Dis:0.0000 Per:  0.2540 Sca: 0.134E-06
 j: 152 T: 0.433E-06 Suc:  7799 Eva: 14527476 CPU:  0.415E+04 SqF: 0.0132
  Rf: 0.00165 Los:0.0274 Dis:0.0000 Per:  0.2580 Sca: 0.134E-06
 j: 153 T: 0.411E-06 Suc:  7830 Eva: 14725156 CPU:  0.419E+04 SqF: 0.0128
  Rf: 0.00159 Los:0.0257 Dis:0.0000 Per:  0.2590 Sca: 0.129E-06
 j: 154 T: 0.391E-06 Suc:  7450 Eva: 14922836 CPU:  0.424E+04 SqF: 0.0128
  Rf: 0.00159 Los:0.0257 Dis:0.0000 Per:  0.2590 Sca: 0.129E-06
 j: 155 T: 0.371E-06 Suc:  6142 Eva: 15120516 CPU:  0.428E+04 SqF: 0.0127
  Rf: 0.00162 Los:0.0258 Dis:0.0000 Per:  0.2584 Sca: 0.131E-06
 j: 156 T: 0.352E-06 Suc:  5749 Eva: 15318196 CPU:  0.432E+04 SqF: 0.0124
  Rf: 0.00122 Los:0.0248 Dis:0.0000 Per:  0.2587 Sca: 0.130E-06
 j: 157 T: 0.335E-06 Suc:  5384 Eva: 15515876 CPU:  0.437E+04 SqF: 0.0121
  Rf: 0.00128 Los:0.0238 Dis:0.0000 Per:  0.2594 Sca: 0.125E-06
 j: 158 T: 0.318E-06 Suc:  5560 Eva: 15713556 CPU:  0.441E+04 SqF: 0.0121
  Rf: 0.00128 Los:0.0238 Dis:0.0000 Per:  0.2594 Sca: 0.125E-06
 j: 159 T: 0.302E-06 Suc:  5151 Eva: 15911236 CPU:  0.445E+04 SqF: 0.0120
  Rf: 0.00132 Los:0.0238 Dis:0.0000 Per:  0.2598 Sca: 0.126E-06
 j: 160 T: 0.287E-06 Suc:  4838 Eva: 16108916 CPU:  0.450E+04 SqF: 0.0118
  Rf: 0.00139 Los:0.0232 Dis:0.0000 Per:  0.2579 Sca: 0.123E-06
 j: 161 T: 0.273E-06 Suc:  4635 Eva: 16306596 CPU:  0.454E+04 SqF: 0.0116
  Rf: 0.00110 Los:0.0225 Dis:0.0000 Per:  0.2569 Sca: 0.122E-06
 j: 162 T: 0.259E-06 Suc:  4106 Eva: 16504276 CPU:  0.458E+04 SqF: 0.0116
  Rf: 0.00103 Los:0.0225 Dis:0.0000 Per:  0.2585 Sca: 0.122E-06
 j: 163 T: 0.246E-06 Suc:  3637 Eva: 16701956 CPU:  0.463E+04 SqF: 0.0112
  Rf: 0.00110 Los:0.0211 Dis:0.0000 Per:  0.2574 Sca: 0.119E-06
 j: 164 T: 0.234E-06 Suc:  3513 Eva: 16899636 CPU:  0.467E+04 SqF: 0.0112
  Rf: 0.00110 Los:0.0211 Dis:0.0000 Per:  0.2574 Sca: 0.119E-06
 j: 165 T: 0.222E-06 Suc:  2958 Eva: 17097316 CPU:  0.471E+04 SqF: 0.0112
  Rf: 0.00110 Los:0.0211 Dis:0.0000 Per:  0.2574 Sca: 0.119E-06
 j: 166 T: 0.211E-06 Suc:  2637 Eva: 17294996 CPU:  0.475E+04 SqF: 0.0109
  Rf: 0.00101 Los:0.0205 Dis:0.0000 Per:  0.2570 Sca: 0.117E-06
 j: 167 T: 0.201E-06 Suc:  2693 Eva: 17492676 CPU:  0.480E+04 SqF: 0.0109
  Rf: 0.00110 Los:0.0205 Dis:0.0000 Per:  0.2571 Sca: 0.119E-06
 j: 168 T: 0.190E-06 Suc:  2632 Eva: 17690356 CPU:  0.484E+04 SqF: 0.0109
  Rf: 0.00110 Los:0.0205 Dis:0.0000 Per:  0.2571 Sca: 0.119E-06
 j: 169 T: 0.181E-06 Suc:  2269 Eva: 17888036 CPU:  0.488E+04 SqF: 0.0109
  Rf: 0.00110 Los:0.0205 Dis:0.0000 Per:  0.2571 Sca: 0.119E-06
 j: 170 T: 0.172E-06 Suc:  1997 Eva: 18085716 CPU:  0.493E+04 SqF: 0.0107
  Rf: 0.00093 Los:0.0200 Dis:0.0000 Per:  0.2579 Sca: 0.117E-06
 j: 171 T: 0.163E-06 Suc:  1807 Eva: 18283396 CPU:  0.497E+04 SqF: 0.0105
  Rf: 0.00102 Los:0.0193 Dis:0.0000 Per:  0.2561 Sca: 0.115E-06
 j: 172 T: 0.155E-06 Suc:  1400 Eva: 18481076 CPU:  0.501E+04 SqF: 0.0104
  Rf: 0.00090 Los:0.0190 Dis:0.0000 Per:  0.2563 Sca: 0.116E-06
 j: 173 T: 0.147E-06 Suc:  1292 Eva: 18678756 CPU:  0.506E+04 SqF: 0.0103
  Rf: 0.00100 Los:0.0188 Dis:0.0000 Per:  0.2572 Sca: 0.115E-06
 j: 174 T: 0.140E-06 Suc:  1174 Eva: 18876436 CPU:  0.510E+04 SqF: 0.0103
  Rf: 0.00100 Los:0.0188 Dis:0.0000 Per:  0.2572 Sca: 0.115E-06
 j: 175 T: 0.133E-06 Suc:   986 Eva: 19074116 CPU:  0.514E+04 SqF: 0.0102
  Rf: 0.00102 Los:0.0184 Dis:0.0000 Per:  0.2562 Sca: 0.116E-06
 j: 176 T: 0.126E-06 Suc:   906 Eva: 19271796 CPU:  0.519E+04 SqF: 0.0100
  Rf: 0.00087 Los:0.0181 Dis:0.0000 Per:  0.2574 Sca: 0.114E-06
 j: 177 T: 0.120E-06 Suc:   663 Eva: 19469476 CPU:  0.523E+04 SqF: 0.0100
  Rf: 0.00065 Los:0.0181 Dis:0.0000 Per:  0.2582 Sca: 0.115E-06
 j: 178 T: 0.114E-06 Suc:   492 Eva: 19667156 CPU:  0.528E+04 SqF: 0.0099
  Rf: 0.00071 Los:0.0178 Dis:0.0000 Per:  0.2576 Sca: 0.114E-06
 j: 179 T: 0.108E-06 Suc:   521 Eva: 19864836 CPU:  0.532E+04 SqF: 0.0099
  Rf: 0.00071 Los:0.0178 Dis:0.0000 Per:  0.2576 Sca: 0.114E-06
 j: 180 T: 0.103E-06 Suc:   448 Eva: 20062516 CPU:  0.537E+04 SqF: 0.0099
  Rf: 0.00067 Los:0.0180 Dis:0.0000 Per:  0.2577 Sca: 0.114E-06
 j: 181 T: 0.978E-07 Suc:   422 Eva: 20260196 CPU:  0.543E+04 SqF: 0.0099
  Rf: 0.00073 Los:0.0179 Dis:0.0000 Per:  0.2575 Sca: 0.114E-06
 j: 182 T: 0.929E-07 Suc:   384 Eva: 20457876 CPU:  0.548E+04 SqF: 0.0098
  Rf: 0.00065 Los:0.0176 Dis:0.0000 Per:  0.2574 Sca: 0.113E-06
 j: 183 T: 0.882E-07 Suc:   287 Eva: 20655556 CPU:  0.552E+04 SqF: 0.0097
  Rf: 0.00072 Los:0.0175 Dis:0.0000 Per:  0.2587 Sca: 0.113E-06
 j: 184 T: 0.838E-07 Suc:   190 Eva: 20853236 CPU:  0.557E+04 SqF: 0.0097
  Rf: 0.00071 Los:0.0174 Dis:0.0000 Per:  0.2572 Sca: 0.113E-06
 j: 185 T: 0.796E-07 Suc:   201 Eva: 21050916 CPU:  0.561E+04 SqF: 0.0097
  Rf: 0.00084 Los:0.0173 Dis:0.0000 Per:  0.2575 Sca: 0.113E-06
 j: 186 T: 0.757E-07 Suc:   151 Eva: 21248596 CPU:  0.566E+04 SqF: 0.0097
  Rf: 0.00084 Los:0.0173 Dis:0.0000 Per:  0.2575 Sca: 0.113E-06
 j: 187 T: 0.719E-07 Suc:    99 Eva: 21446276 CPU:  0.570E+04 SqF: 0.0097
  Rf: 0.00084 Los:0.0173 Dis:0.0000 Per:  0.2575 Sca: 0.113E-06
 j: 188 T: 0.683E-07 Suc:    44 Eva: 21643956 CPU:  0.577E+04 SqF: 0.0097
  Rf: 0.00084 Los:0.0173 Dis:0.0000 Per:  0.2575 Sca: 0.113E-06

 Final Chi^2 against raw data ........................... : 1.942

     ===== DAMMIN finished at   21-Apr-2015   06:19:48
