pom152 kmeans_1000_2/cluster.1/ average centroid distance 8.6776836486
pom152 kmeans_1000_2/cluster.1/ centroid index 20
pom152 kmeans_1000_2/cluster.1/ centroid rmf name ('kmeans_1000_2/cluster.1/119.rmf3', 0)
pom152 kmeans_1000_2/cluster.1/ kmeans_1000_2/cluster.1/ average pairwise distance 10.8119589352
pom152_NTD kmeans_1000_2/cluster.1/ average centroid distance 13.5661611723
pom152_NTD kmeans_1000_2/cluster.1/ centroid index 20
pom152_NTD kmeans_1000_2/cluster.1/ centroid rmf name ('kmeans_1000_2/cluster.1/119.rmf3', 0)
pom152_NTD kmeans_1000_2/cluster.1/ kmeans_1000_2/cluster.1/ average pairwise distance 16.9059440456
All kmeans_1000_2/cluster.1/ average centroid distance 8.6776836486
All kmeans_1000_2/cluster.1/ centroid index 20
All kmeans_1000_2/cluster.1/ centroid rmf name ('kmeans_1000_2/cluster.1/119.rmf3', 0)
All kmeans_1000_2/cluster.1/ kmeans_1000_2/cluster.1/ average pairwise distance 10.8119589352
pom152_5 kmeans_1000_2/cluster.1/ average centroid distance 3.8363738746
pom152_5 kmeans_1000_2/cluster.1/ centroid index 30
pom152_5 kmeans_1000_2/cluster.1/ centroid rmf name ('kmeans_1000_2/cluster.1/95.rmf3', 0)
pom152_5 kmeans_1000_2/cluster.1/ kmeans_1000_2/cluster.1/ average pairwise distance 5.09808259526
pom152_4 kmeans_1000_2/cluster.1/ average centroid distance 5.61808618963
pom152_4 kmeans_1000_2/cluster.1/ centroid index 8
pom152_4 kmeans_1000_2/cluster.1/ centroid rmf name ('kmeans_1000_2/cluster.1/83.rmf3', 0)
pom152_4 kmeans_1000_2/cluster.1/ kmeans_1000_2/cluster.1/ average pairwise distance 7.80930048776
pom152_7 kmeans_1000_2/cluster.1/ average centroid distance 9.08398463487
pom152_7 kmeans_1000_2/cluster.1/ centroid index 56
pom152_7 kmeans_1000_2/cluster.1/ centroid rmf name ('kmeans_1000_2/cluster.1/44.rmf3', 0)
pom152_7 kmeans_1000_2/cluster.1/ kmeans_1000_2/cluster.1/ average pairwise distance 12.7933982466
pom152_6 kmeans_1000_2/cluster.1/ average centroid distance 8.11956408613
pom152_6 kmeans_1000_2/cluster.1/ centroid index 40
pom152_6 kmeans_1000_2/cluster.1/ centroid rmf name ('kmeans_1000_2/cluster.1/126.rmf3', 0)
pom152_6 kmeans_1000_2/cluster.1/ kmeans_1000_2/cluster.1/ average pairwise distance 10.2815256648
pom152_1 kmeans_1000_2/cluster.1/ average centroid distance 7.26063188488
pom152_1 kmeans_1000_2/cluster.1/ centroid index 33
pom152_1 kmeans_1000_2/cluster.1/ centroid rmf name ('kmeans_1000_2/cluster.1/115.rmf3', 0)
pom152_1 kmeans_1000_2/cluster.1/ kmeans_1000_2/cluster.1/ average pairwise distance 9.9745211796
pom152_3 kmeans_1000_2/cluster.1/ average centroid distance 4.95384011001
pom152_3 kmeans_1000_2/cluster.1/ centroid index 32
pom152_3 kmeans_1000_2/cluster.1/ centroid rmf name ('kmeans_1000_2/cluster.1/36.rmf3', 0)
pom152_3 kmeans_1000_2/cluster.1/ kmeans_1000_2/cluster.1/ average pairwise distance 6.45135884648
pom152_2 kmeans_1000_2/cluster.1/ average centroid distance 11.1450936029
pom152_2 kmeans_1000_2/cluster.1/ centroid index 20
pom152_2 kmeans_1000_2/cluster.1/ centroid rmf name ('kmeans_1000_2/cluster.1/119.rmf3', 0)
pom152_2 kmeans_1000_2/cluster.1/ kmeans_1000_2/cluster.1/ average pairwise distance 15.0310713945
pom152_9 kmeans_1000_2/cluster.1/ average centroid distance 7.13219678591
pom152_9 kmeans_1000_2/cluster.1/ centroid index 38
pom152_9 kmeans_1000_2/cluster.1/ centroid rmf name ('kmeans_1000_2/cluster.1/19.rmf3', 0)
pom152_9 kmeans_1000_2/cluster.1/ kmeans_1000_2/cluster.1/ average pairwise distance 9.72448750101
pom152_8 kmeans_1000_2/cluster.1/ average centroid distance 6.00366122735
pom152_8 kmeans_1000_2/cluster.1/ centroid index 11
pom152_8 kmeans_1000_2/cluster.1/ centroid rmf name ('kmeans_1000_2/cluster.1/52.rmf3', 0)
pom152_8 kmeans_1000_2/cluster.1/ kmeans_1000_2/cluster.1/ average pairwise distance 8.25542620781
