   === DAMMIN  started at           21-Apr-2015   05:41:08
 Computation mode ....................................... : Slow
 Project identifier ..................................... : 27005_25
 Project description: ................................... : 27005_25
 Random sequence initialized from ....................... : 54108461
 GNOM file name ......................................... : 27005.out
 Data set title ......................................... : Merge of: 27005_01D_S1 27005_01E_S1 27005_01F_S1 27005_01G_S1 27
 Maximum diameter of the particle ....................... : 104.5
 Radius of gyration read ................................ : 29.76
 Number of GNOM data points ............................. : 396
 Maximum s value [1/angstrom] ........................... : 0.3616
 Number of Shannon channels ............................. : 12.03
 Number of knots in the curve to fit .................... : 24
 A constant was subtracted .............................. : 10.25
 Maximum order of harmonics ............................. : 15
 DAM coordinates file name .............................. : damstart.pdb
 Number of atoms read ................................... : 2443
 Maximum radius ......................................... : 63.10
 Packing radius of dummy atoms .......................... : 2.250
 Point symmetry of the particle ......................... : P1
 Number of core (fixed) atoms ........................... : 0
 Number of equivalent positions ......................... : 1
 Expected particle anisometry ........................... : Unknown
 Excluded volume per atom ............................... : 64.48
 Radius of 1st coordination sphere ...................... : 6.345
 Minimum number of contacts ............................. : 3
 Maximum number of contacts ............................. : 12
 Looseness penalty weight ............................... : 5.000e-3
 No of non-solvent atoms ................................ : 2443
 Initial DAM looseness .................................. : 9.758e-3
 Disconnectivity penalty weight ......................... : 5.000e-3
 Initial DAM # of graphs ................................ : 1
 Discontiguity   value .................................. : 0.0
 Center of the initial DAM:   -0.3122   0.3822  -0.3061
 Peripheral penalty weight .............................. : 0.3000
 Peripheral penalty value ............................... : 0.3005
 Looseness fixing threshold ............................. : 0.0
 R-factor  fixing threshold ............................. : 0.0
  ***    The structure was randomized    ***
 No of non-solvent atoms ................................ : 1242
 Randomized DAM looseness ............................... : 0.1086
 Randomized DAM # of graphs ............................. : 8
 Discontiguity   value .................................. : 5.652e-3
 Randomized peripheral penalty value .................... : 0.2931
 Weight: 0=s^2, 1=Emphas.s->0, 2=Log .................... : 1
 *** Porod weight with emphasis at low s ***
 Initial scale factor ................................... : 3.835e-7
 Scale factor fixed (Y=Yes, N=No) ....................... : N
 Initial R^2 factor ..................................... : 0.3447
 Initial R   factor ..................................... : 0.5871
 Initial penalty ........................................ : 8.852e-2
 Initial fVal ........................................... : 0.4332
 Variation of the target function ....................... : 2.576e-4
 CPU per function call, seconds ......................... : 3.859e-4
 Initial annealing temperature .......................... : 1.000e-3
 Annealing schedule factor .............................. : 0.9500
 # of independent atoms to modify ....................... : 1
 Max # of iterations at each T .......................... : 171010
 Max # of successes at each T ........................... : 17101
 Min # of successes to continue ......................... : 57
 Max # of annealing steps ............................... : 200
  ====  Simulated annealing procedure started  ====
 j:   1 T: 0.100E-02 Suc: 17101 Eva:    19961 CPU:  0.762E+01 SqF: 0.5881
  Rf: 0.49706 Los:0.1251 Dis:0.0115 Per:  0.3270 Sca: 0.491E-06
 j:   2 T: 0.950E-03 Suc: 17101 Eva:    40731 CPU:  0.156E+02 SqF: 0.5695
  Rf: 0.48047 Los:0.1254 Dis:0.0145 Per:  0.3256 Sca: 0.513E-06
 j:   3 T: 0.903E-03 Suc: 17101 Eva:    61677 CPU:  0.235E+02 SqF: 0.5600
  Rf: 0.47608 Los:0.1356 Dis:0.0165 Per:  0.3185 Sca: 0.518E-06
 j:   4 T: 0.857E-03 Suc: 17101 Eva:    83150 CPU:  0.315E+02 SqF: 0.5454
  Rf: 0.46042 Los:0.1278 Dis:0.0185 Per:  0.3297 Sca: 0.485E-06
 j:   5 T: 0.815E-03 Suc: 17101 Eva:   105464 CPU:  0.396E+02 SqF: 0.5142
  Rf: 0.42958 Los:0.1460 Dis:0.0155 Per:  0.3235 Sca: 0.598E-06
 j:   6 T: 0.774E-03 Suc: 17101 Eva:   127853 CPU:  0.478E+02 SqF: 0.5142
  Rf: 0.42958 Los:0.1460 Dis:0.0155 Per:  0.3235 Sca: 0.598E-06
 j:   7 T: 0.735E-03 Suc: 17101 Eva:   150651 CPU:  0.560E+02 SqF: 0.5142
  Rf: 0.42958 Los:0.1460 Dis:0.0155 Per:  0.3235 Sca: 0.598E-06
 j:   8 T: 0.698E-03 Suc: 17101 Eva:   174441 CPU:  0.644E+02 SqF: 0.4953
  Rf: 0.41827 Los:0.1308 Dis:0.0228 Per:  0.3321 Sca: 0.566E-06
 j:   9 T: 0.663E-03 Suc: 17101 Eva:   198892 CPU:  0.728E+02 SqF: 0.4616
  Rf: 0.38102 Los:0.1449 Dis:0.0389 Per:  0.3364 Sca: 0.616E-06
 j:  10 T: 0.630E-03 Suc: 17101 Eva:   223796 CPU:  0.814E+02 SqF: 0.4584
  Rf: 0.38082 Los:0.1466 Dis:0.0604 Per:  0.3388 Sca: 0.641E-06
 j:  11 T: 0.599E-03 Suc: 17101 Eva:   249686 CPU:  0.902E+02 SqF: 0.4348
  Rf: 0.35824 Los:0.1576 Dis:0.0497 Per:  0.3324 Sca: 0.706E-06
 j:  12 T: 0.569E-03 Suc: 17101 Eva:   276179 CPU:  0.988E+02 SqF: 0.4217
  Rf: 0.34371 Los:0.1556 Dis:0.0488 Per:  0.3437 Sca: 0.746E-06
 j:  13 T: 0.540E-03 Suc: 17101 Eva:   303319 CPU:  0.108E+03 SqF: 0.4189
  Rf: 0.34490 Los:0.1646 Dis:0.0411 Per:  0.3423 Sca: 0.722E-06
 j:  14 T: 0.513E-03 Suc: 17101 Eva:   331243 CPU:  0.116E+03 SqF: 0.3926
  Rf: 0.31550 Los:0.1566 Dis:0.0339 Per:  0.3485 Sca: 0.735E-06
 j:  15 T: 0.488E-03 Suc: 17101 Eva:   360144 CPU:  0.125E+03 SqF: 0.3793
  Rf: 0.30366 Los:0.1535 Dis:0.0518 Per:  0.3461 Sca: 0.729E-06
 j:  16 T: 0.463E-03 Suc: 17101 Eva:   389259 CPU:  0.134E+03 SqF: 0.3767
  Rf: 0.30350 Los:0.1755 Dis:0.0779 Per:  0.3492 Sca: 0.822E-06
 j:  17 T: 0.440E-03 Suc: 17101 Eva:   419066 CPU:  0.143E+03 SqF: 0.3624
  Rf: 0.28761 Los:0.1577 Dis:0.0583 Per:  0.3600 Sca: 0.785E-06
 j:  18 T: 0.418E-03 Suc: 17101 Eva:   449342 CPU:  0.153E+03 SqF: 0.3518
  Rf: 0.28130 Los:0.1600 Dis:0.0472 Per:  0.3476 Sca: 0.828E-06
 j:  19 T: 0.397E-03 Suc: 17101 Eva:   480532 CPU:  0.162E+03 SqF: 0.3322
  Rf: 0.26111 Los:0.1661 Dis:0.0773 Per:  0.3435 Sca: 0.882E-06
 j:  20 T: 0.377E-03 Suc: 17101 Eva:   512556 CPU:  0.171E+03 SqF: 0.3235
  Rf: 0.24834 Los:0.1675 Dis:0.0834 Per:  0.3684 Sca: 0.844E-06
 j:  21 T: 0.358E-03 Suc: 17101 Eva:   545413 CPU:  0.180E+03 SqF: 0.3149
  Rf: 0.24326 Los:0.1699 Dis:0.0881 Per:  0.3597 Sca: 0.862E-06
 j:  22 T: 0.341E-03 Suc: 17101 Eva:   579016 CPU:  0.190E+03 SqF: 0.3040
  Rf: 0.23370 Los:0.1751 Dis:0.0980 Per:  0.3564 Sca: 0.913E-06
 j:  23 T: 0.324E-03 Suc: 17101 Eva:   613373 CPU:  0.200E+03 SqF: 0.2938
  Rf: 0.22324 Los:0.1735 Dis:0.0653 Per:  0.3633 Sca: 0.972E-06
 j:  24 T: 0.307E-03 Suc: 17101 Eva:   648051 CPU:  0.209E+03 SqF: 0.2859
  Rf: 0.21544 Los:0.1796 Dis:0.1149 Per:  0.3673 Sca: 0.988E-06
 j:  25 T: 0.292E-03 Suc: 17101 Eva:   683274 CPU:  0.219E+03 SqF: 0.2687
  Rf: 0.19935 Los:0.1738 Dis:0.0857 Per:  0.3555 Sca: 0.994E-06
 j:  26 T: 0.277E-03 Suc: 17101 Eva:   719831 CPU:  0.229E+03 SqF: 0.2652
  Rf: 0.19791 Los:0.1980 Dis:0.1560 Per:  0.3535 Sca: 0.109E-05
 j:  27 T: 0.264E-03 Suc: 17101 Eva:   756822 CPU:  0.239E+03 SqF: 0.2581
  Rf: 0.19350 Los:0.1831 Dis:0.1008 Per:  0.3512 Sca: 0.101E-05
 j:  28 T: 0.250E-03 Suc: 17101 Eva:   794145 CPU:  0.249E+03 SqF: 0.2494
  Rf: 0.18499 Los:0.1780 Dis:0.0846 Per:  0.3548 Sca: 0.103E-05
 j:  29 T: 0.238E-03 Suc: 17101 Eva:   832013 CPU:  0.259E+03 SqF: 0.2414
  Rf: 0.17571 Los:0.1678 Dis:0.0736 Per:  0.3671 Sca: 0.994E-06
 j:  30 T: 0.226E-03 Suc: 17101 Eva:   870555 CPU:  0.269E+03 SqF: 0.2384
  Rf: 0.17482 Los:0.1768 Dis:0.1028 Per:  0.3670 Sca: 0.108E-05
 j:  31 T: 0.215E-03 Suc: 17101 Eva:   909867 CPU:  0.279E+03 SqF: 0.2229
  Rf: 0.15933 Los:0.1850 Dis:0.0960 Per:  0.3557 Sca: 0.115E-05
 j:  32 T: 0.204E-03 Suc: 17101 Eva:   949901 CPU:  0.289E+03 SqF: 0.2134
  Rf: 0.15170 Los:0.1783 Dis:0.0753 Per:  0.3473 Sca: 0.116E-05
 j:  33 T: 0.194E-03 Suc: 17101 Eva:   990334 CPU:  0.299E+03 SqF: 0.2114
  Rf: 0.15054 Los:0.1767 Dis:0.1024 Per:  0.3552 Sca: 0.111E-05
 j:  34 T: 0.184E-03 Suc: 17101 Eva:  1031767 CPU:  0.310E+03 SqF: 0.2037
  Rf: 0.14286 Los:0.2030 Dis:0.1247 Per:  0.3519 Sca: 0.126E-05
 j:  35 T: 0.175E-03 Suc: 17101 Eva:  1073392 CPU:  0.320E+03 SqF: 0.1989
  Rf: 0.13577 Los:0.2018 Dis:0.1788 Per:  0.3665 Sca: 0.121E-05
 j:  36 T: 0.166E-03 Suc: 17101 Eva:  1116218 CPU:  0.331E+03 SqF: 0.1841
  Rf: 0.12274 Los:0.1796 Dis:0.0994 Per:  0.3500 Sca: 0.122E-05
 j:  37 T: 0.158E-03 Suc: 17101 Eva:  1159548 CPU:  0.341E+03 SqF: 0.1841
  Rf: 0.12274 Los:0.1796 Dis:0.0994 Per:  0.3500 Sca: 0.122E-05
 j:  38 T: 0.150E-03 Suc: 17101 Eva:  1202808 CPU:  0.351E+03 SqF: 0.1784
  Rf: 0.11844 Los:0.1885 Dis:0.0949 Per:  0.3643 Sca: 0.124E-05
 j:  39 T: 0.142E-03 Suc: 17101 Eva:  1247189 CPU:  0.362E+03 SqF: 0.1744
  Rf: 0.11933 Los:0.1825 Dis:0.1228 Per:  0.3432 Sca: 0.124E-05
 j:  40 T: 0.135E-03 Suc: 17101 Eva:  1292365 CPU:  0.373E+03 SqF: 0.1636
  Rf: 0.10590 Los:0.2060 Dis:0.1112 Per:  0.3439 Sca: 0.137E-05
 j:  41 T: 0.129E-03 Suc: 17101 Eva:  1338415 CPU:  0.384E+03 SqF: 0.1628
  Rf: 0.10804 Los:0.1792 Dis:0.0773 Per:  0.3518 Sca: 0.128E-05
 j:  42 T: 0.122E-03 Suc: 17101 Eva:  1384694 CPU:  0.396E+03 SqF: 0.1588
  Rf: 0.10258 Los:0.2116 Dis:0.0947 Per:  0.3593 Sca: 0.138E-05
 j:  43 T: 0.116E-03 Suc: 17101 Eva:  1431682 CPU:  0.407E+03 SqF: 0.1514
  Rf: 0.09835 Los:0.1812 Dis:0.1104 Per:  0.3391 Sca: 0.129E-05
 j:  44 T: 0.110E-03 Suc: 17101 Eva:  1479473 CPU:  0.420E+03 SqF: 0.1430
  Rf: 0.09147 Los:0.1934 Dis:0.0973 Per:  0.3217 Sca: 0.139E-05
 j:  45 T: 0.105E-03 Suc: 17101 Eva:  1527881 CPU:  0.432E+03 SqF: 0.1425
  Rf: 0.08833 Los:0.1943 Dis:0.1071 Per:  0.3502 Sca: 0.146E-05
 j:  46 T: 0.994E-04 Suc: 17101 Eva:  1576254 CPU:  0.444E+03 SqF: 0.1425
  Rf: 0.08833 Los:0.1943 Dis:0.1071 Per:  0.3502 Sca: 0.146E-05
 j:  47 T: 0.945E-04 Suc: 17101 Eva:  1625384 CPU:  0.456E+03 SqF: 0.1361
  Rf: 0.08799 Los:0.1787 Dis:0.0689 Per:  0.3363 Sca: 0.129E-05
 j:  48 T: 0.897E-04 Suc: 17101 Eva:  1675168 CPU:  0.468E+03 SqF: 0.1326
  Rf: 0.08207 Los:0.1909 Dis:0.1444 Per:  0.3405 Sca: 0.144E-05
 j:  49 T: 0.853E-04 Suc: 17101 Eva:  1725272 CPU:  0.480E+03 SqF: 0.1301
  Rf: 0.08437 Los:0.1698 Dis:0.0817 Per:  0.3339 Sca: 0.129E-05
 j:  50 T: 0.810E-04 Suc: 17101 Eva:  1775431 CPU:  0.493E+03 SqF: 0.1229
  Rf: 0.07554 Los:0.1752 Dis:0.0799 Per:  0.3347 Sca: 0.132E-05
 j:  51 T: 0.769E-04 Suc: 17101 Eva:  1826790 CPU:  0.505E+03 SqF: 0.1131
  Rf: 0.06665 Los:0.1917 Dis:0.1095 Per:  0.2968 Sca: 0.146E-05
 j:  52 T: 0.731E-04 Suc: 17101 Eva:  1879454 CPU:  0.516E+03 SqF: 0.1112
  Rf: 0.06212 Los:0.2003 Dis:0.1208 Per:  0.3142 Sca: 0.153E-05
 j:  53 T: 0.694E-04 Suc: 17101 Eva:  1930976 CPU:  0.527E+03 SqF: 0.1106
  Rf: 0.06541 Los:0.1864 Dis:0.0880 Per:  0.3164 Sca: 0.161E-05
 j:  54 T: 0.660E-04 Suc: 17101 Eva:  1983511 CPU:  0.539E+03 SqF: 0.1105
  Rf: 0.06835 Los:0.1863 Dis:0.1122 Per:  0.3058 Sca: 0.150E-05
 j:  55 T: 0.627E-04 Suc: 17101 Eva:  2037928 CPU:  0.550E+03 SqF: 0.1019
  Rf: 0.05947 Los:0.1736 Dis:0.0778 Per:  0.2978 Sca: 0.143E-05
 j:  56 T: 0.595E-04 Suc: 17101 Eva:  2093004 CPU:  0.562E+03 SqF: 0.1004
  Rf: 0.05764 Los:0.1787 Dis:0.0873 Per:  0.3043 Sca: 0.143E-05
 j:  57 T: 0.566E-04 Suc: 17101 Eva:  2147835 CPU:  0.573E+03 SqF: 0.0965
  Rf: 0.05595 Los:0.1737 Dis:0.0653 Per:  0.2938 Sca: 0.154E-05
 j:  58 T: 0.537E-04 Suc: 17101 Eva:  2203676 CPU:  0.585E+03 SqF: 0.0913
  Rf: 0.05079 Los:0.1658 Dis:0.0592 Per:  0.2871 Sca: 0.150E-05
 j:  59 T: 0.510E-04 Suc: 17101 Eva:  2259806 CPU:  0.597E+03 SqF: 0.0859
  Rf: 0.04241 Los:0.1824 Dis:0.0880 Per:  0.2765 Sca: 0.149E-05
 j:  60 T: 0.485E-04 Suc: 17101 Eva:  2317650 CPU:  0.609E+03 SqF: 0.0859
  Rf: 0.04241 Los:0.1824 Dis:0.0880 Per:  0.2765 Sca: 0.149E-05
 j:  61 T: 0.461E-04 Suc: 17101 Eva:  2376056 CPU:  0.621E+03 SqF: 0.0838
  Rf: 0.04408 Los:0.1619 Dis:0.0717 Per:  0.2835 Sca: 0.142E-05
 j:  62 T: 0.438E-04 Suc: 17101 Eva:  2435832 CPU:  0.634E+03 SqF: 0.0804
  Rf: 0.04344 Los:0.1589 Dis:0.0577 Per:  0.2667 Sca: 0.148E-05
 j:  63 T: 0.416E-04 Suc: 17101 Eva:  2495290 CPU:  0.646E+03 SqF: 0.0785
  Rf: 0.03706 Los:0.1754 Dis:0.0682 Per:  0.2860 Sca: 0.150E-05
 j:  64 T: 0.395E-04 Suc: 17101 Eva:  2553538 CPU:  0.657E+03 SqF: 0.0774
  Rf: 0.03588 Los:0.1926 Dis:0.0843 Per:  0.2804 Sca: 0.171E-05
 j:  65 T: 0.375E-04 Suc: 17101 Eva:  2613483 CPU:  0.669E+03 SqF: 0.0730
  Rf: 0.02955 Los:0.1909 Dis:0.1005 Per:  0.2668 Sca: 0.162E-05
 j:  66 T: 0.356E-04 Suc: 17101 Eva:  2675598 CPU:  0.682E+03 SqF: 0.0690
  Rf: 0.02935 Los:0.1656 Dis:0.0534 Per:  0.2624 Sca: 0.164E-05
 j:  67 T: 0.339E-04 Suc: 17101 Eva:  2737142 CPU:  0.694E+03 SqF: 0.0690
  Rf: 0.02935 Los:0.1656 Dis:0.0534 Per:  0.2624 Sca: 0.164E-05
 j:  68 T: 0.322E-04 Suc: 17101 Eva:  2799284 CPU:  0.706E+03 SqF: 0.0666
  Rf: 0.02690 Los:0.1570 Dis:0.0544 Per:  0.2752 Sca: 0.156E-05
 j:  69 T: 0.306E-04 Suc: 17101 Eva:  2861450 CPU:  0.719E+03 SqF: 0.0638
  Rf: 0.02174 Los:0.1829 Dis:0.0718 Per:  0.2542 Sca: 0.165E-05
 j:  70 T: 0.290E-04 Suc: 17101 Eva:  2924497 CPU:  0.731E+03 SqF: 0.0638
  Rf: 0.02174 Los:0.1829 Dis:0.0718 Per:  0.2542 Sca: 0.165E-05
 j:  71 T: 0.276E-04 Suc: 17101 Eva:  2988016 CPU:  0.744E+03 SqF: 0.0630
  Rf: 0.02827 Los:0.1569 Dis:0.0516 Per:  0.2565 Sca: 0.152E-05
 j:  72 T: 0.262E-04 Suc: 17101 Eva:  3053592 CPU:  0.757E+03 SqF: 0.0591
  Rf: 0.02308 Los:0.1448 Dis:0.0461 Per:  0.2559 Sca: 0.154E-05
 j:  73 T: 0.249E-04 Suc: 17101 Eva:  3117949 CPU:  0.769E+03 SqF: 0.0586
  Rf: 0.02228 Los:0.1608 Dis:0.0581 Per:  0.2474 Sca: 0.150E-05
 j:  74 T: 0.236E-04 Suc: 17101 Eva:  3183017 CPU:  0.782E+03 SqF: 0.0561
  Rf: 0.02303 Los:0.1403 Dis:0.0242 Per:  0.2521 Sca: 0.159E-05
 j:  75 T: 0.225E-04 Suc: 17101 Eva:  3251282 CPU:  0.795E+03 SqF: 0.0561
  Rf: 0.02303 Los:0.1403 Dis:0.0242 Per:  0.2521 Sca: 0.159E-05
 j:  76 T: 0.213E-04 Suc: 17101 Eva:  3317462 CPU:  0.808E+03 SqF: 0.0532
  Rf: 0.01800 Los:0.1460 Dis:0.0445 Per:  0.2433 Sca: 0.154E-05
 j:  77 T: 0.203E-04 Suc: 17101 Eva:  3384525 CPU:  0.821E+03 SqF: 0.0532
  Rf: 0.01800 Los:0.1460 Dis:0.0445 Per:  0.2433 Sca: 0.154E-05
 j:  78 T: 0.193E-04 Suc: 17101 Eva:  3452404 CPU:  0.834E+03 SqF: 0.0516
  Rf: 0.01633 Los:0.1597 Dis:0.0375 Per:  0.2442 Sca: 0.164E-05
 j:  79 T: 0.183E-04 Suc: 17101 Eva:  3520524 CPU:  0.848E+03 SqF: 0.0499
  Rf: 0.01519 Los:0.1458 Dis:0.0360 Per:  0.2453 Sca: 0.167E-05
 j:  80 T: 0.174E-04 Suc: 17101 Eva:  3590103 CPU:  0.861E+03 SqF: 0.0490
  Rf: 0.01256 Los:0.1524 Dis:0.0427 Per:  0.2426 Sca: 0.169E-05
 j:  81 T: 0.165E-04 Suc: 17101 Eva:  3660533 CPU:  0.875E+03 SqF: 0.0466
  Rf: 0.01496 Los:0.1303 Dis:0.0142 Per:  0.2471 Sca: 0.158E-05
 j:  82 T: 0.157E-04 Suc: 17101 Eva:  3729921 CPU:  0.888E+03 SqF: 0.0451
  Rf: 0.01476 Los:0.1191 Dis:0.0205 Per:  0.2380 Sca: 0.158E-05
 j:  83 T: 0.149E-04 Suc: 17101 Eva:  3799572 CPU:  0.902E+03 SqF: 0.0444
  Rf: 0.01381 Los:0.1252 Dis:0.0206 Per:  0.2347 Sca: 0.160E-05
 j:  84 T: 0.142E-04 Suc: 17101 Eva:  3871305 CPU:  0.916E+03 SqF: 0.0438
  Rf: 0.01362 Los:0.1210 Dis:0.0261 Per:  0.2356 Sca: 0.152E-05
 j:  85 T: 0.135E-04 Suc: 17101 Eva:  3944003 CPU:  0.930E+03 SqF: 0.0431
  Rf: 0.01244 Los:0.1359 Dis:0.0147 Per:  0.2363 Sca: 0.166E-05
 j:  86 T: 0.128E-04 Suc: 17101 Eva:  4017270 CPU:  0.944E+03 SqF: 0.0420
  Rf: 0.01265 Los:0.1259 Dis:0.0103 Per:  0.2402 Sca: 0.163E-05
 j:  87 T: 0.121E-04 Suc: 17101 Eva:  4092190 CPU:  0.958E+03 SqF: 0.0406
  Rf: 0.01209 Los:0.1149 Dis:0.0098 Per:  0.2404 Sca: 0.147E-05
 j:  88 T: 0.115E-04 Suc: 17101 Eva:  4163996 CPU:  0.972E+03 SqF: 0.0387
  Rf: 0.00736 Los:0.1204 Dis:0.0103 Per:  0.2284 Sca: 0.156E-05
 j:  89 T: 0.110E-04 Suc: 17101 Eva:  4238699 CPU:  0.987E+03 SqF: 0.0383
  Rf: 0.00843 Los:0.1178 Dis:0.0124 Per:  0.2270 Sca: 0.158E-05
 j:  90 T: 0.104E-04 Suc: 17101 Eva:  4313047 CPU:  0.100E+04 SqF: 0.0379
  Rf: 0.00997 Los:0.1131 Dis:0.0080 Per:  0.2352 Sca: 0.152E-05
 j:  91 T: 0.989E-05 Suc: 17101 Eva:  4390419 CPU:  0.102E+04 SqF: 0.0361
  Rf: 0.00905 Los:0.1020 Dis:0.0040 Per:  0.2333 Sca: 0.151E-05
 j:  92 T: 0.939E-05 Suc: 17101 Eva:  4468098 CPU:  0.103E+04 SqF: 0.0361
  Rf: 0.00905 Los:0.1020 Dis:0.0040 Per:  0.2333 Sca: 0.151E-05
 j:  93 T: 0.892E-05 Suc: 17101 Eva:  4544976 CPU:  0.105E+04 SqF: 0.0357
  Rf: 0.01012 Los:0.1056 Dis:0.0000 Per:  0.2400 Sca: 0.155E-05
 j:  94 T: 0.848E-05 Suc: 17101 Eva:  4622593 CPU:  0.106E+04 SqF: 0.0340
  Rf: 0.00852 Los:0.0998 Dis:0.0020 Per:  0.2264 Sca: 0.153E-05
 j:  95 T: 0.805E-05 Suc: 17101 Eva:  4700189 CPU:  0.108E+04 SqF: 0.0340
  Rf: 0.00852 Los:0.0998 Dis:0.0020 Per:  0.2264 Sca: 0.153E-05
 j:  96 T: 0.765E-05 Suc: 17101 Eva:  4781267 CPU:  0.109E+04 SqF: 0.0335
  Rf: 0.00638 Los:0.1038 Dis:0.0040 Per:  0.2353 Sca: 0.152E-05
 j:  97 T: 0.727E-05 Suc: 17101 Eva:  4863374 CPU:  0.111E+04 SqF: 0.0328
  Rf: 0.00792 Los:0.0974 Dis:0.0039 Per:  0.2333 Sca: 0.142E-05
 j:  98 T: 0.691E-05 Suc: 17101 Eva:  4945347 CPU:  0.112E+04 SqF: 0.0321
  Rf: 0.00632 Los:0.0974 Dis:0.0040 Per:  0.2329 Sca: 0.148E-05
 j:  99 T: 0.656E-05 Suc: 17101 Eva:  5028988 CPU:  0.114E+04 SqF: 0.0308
  Rf: 0.00488 Los:0.0908 Dis:0.0039 Per:  0.2301 Sca: 0.139E-05
 j: 100 T: 0.623E-05 Suc: 17101 Eva:  5116233 CPU:  0.116E+04 SqF: 0.0306
  Rf: 0.00512 Los:0.0970 Dis:0.0000 Per:  0.2266 Sca: 0.154E-05
 j: 101 T: 0.592E-05 Suc: 17101 Eva:  5201199 CPU:  0.117E+04 SqF: 0.0303
  Rf: 0.00593 Los:0.0942 Dis:0.0000 Per:  0.2332 Sca: 0.146E-05
 j: 102 T: 0.562E-05 Suc: 17101 Eva:  5289548 CPU:  0.119E+04 SqF: 0.0293
  Rf: 0.00355 Los:0.0894 Dis:0.0020 Per:  0.2297 Sca: 0.146E-05
 j: 103 T: 0.534E-05 Suc: 17101 Eva:  5380119 CPU:  0.121E+04 SqF: 0.0290
  Rf: 0.00590 Los:0.0861 Dis:0.0019 Per:  0.2273 Sca: 0.142E-05
 j: 104 T: 0.508E-05 Suc: 17101 Eva:  5468429 CPU:  0.122E+04 SqF: 0.0286
  Rf: 0.00527 Los:0.0861 Dis:0.0000 Per:  0.2355 Sca: 0.141E-05
 j: 105 T: 0.482E-05 Suc: 17101 Eva:  5556653 CPU:  0.124E+04 SqF: 0.0277
  Rf: 0.00669 Los:0.0779 Dis:0.0000 Per:  0.2302 Sca: 0.139E-05
 j: 106 T: 0.458E-05 Suc: 17101 Eva:  5648768 CPU:  0.126E+04 SqF: 0.0277
  Rf: 0.00669 Los:0.0779 Dis:0.0000 Per:  0.2302 Sca: 0.139E-05
 j: 107 T: 0.435E-05 Suc: 17101 Eva:  5742814 CPU:  0.128E+04 SqF: 0.0268
  Rf: 0.00427 Los:0.0801 Dis:0.0000 Per:  0.2286 Sca: 0.138E-05
 j: 108 T: 0.413E-05 Suc: 17101 Eva:  5837719 CPU:  0.130E+04 SqF: 0.0261
  Rf: 0.00609 Los:0.0711 Dis:0.0000 Per:  0.2332 Sca: 0.133E-05
 j: 109 T: 0.393E-05 Suc: 17101 Eva:  5932847 CPU:  0.132E+04 SqF: 0.0258
  Rf: 0.00486 Los:0.0744 Dis:0.0000 Per:  0.2306 Sca: 0.139E-05
 j: 110 T: 0.373E-05 Suc: 17101 Eva:  6032713 CPU:  0.134E+04 SqF: 0.0252
  Rf: 0.00427 Los:0.0715 Dis:0.0000 Per:  0.2314 Sca: 0.131E-05
 j: 111 T: 0.354E-05 Suc: 17101 Eva:  6136946 CPU:  0.136E+04 SqF: 0.0252
  Rf: 0.00427 Los:0.0715 Dis:0.0000 Per:  0.2314 Sca: 0.131E-05
 j: 112 T: 0.337E-05 Suc: 17101 Eva:  6242932 CPU:  0.138E+04 SqF: 0.0245
  Rf: 0.00433 Los:0.0704 Dis:0.0000 Per:  0.2289 Sca: 0.135E-05
 j: 113 T: 0.320E-05 Suc: 17101 Eva:  6346624 CPU:  0.140E+04 SqF: 0.0242
  Rf: 0.00436 Los:0.0690 Dis:0.0000 Per:  0.2300 Sca: 0.131E-05
 j: 114 T: 0.304E-05 Suc: 17101 Eva:  6451817 CPU:  0.142E+04 SqF: 0.0237
  Rf: 0.00500 Los:0.0657 Dis:0.0000 Per:  0.2295 Sca: 0.134E-05
 j: 115 T: 0.289E-05 Suc: 17101 Eva:  6559136 CPU:  0.144E+04 SqF: 0.0230
  Rf: 0.00338 Los:0.0645 Dis:0.0000 Per:  0.2255 Sca: 0.126E-05
 j: 116 T: 0.274E-05 Suc: 17101 Eva:  6670040 CPU:  0.147E+04 SqF: 0.0227
  Rf: 0.00492 Los:0.0607 Dis:0.0000 Per:  0.2296 Sca: 0.129E-05
 j: 117 T: 0.261E-05 Suc: 17101 Eva:  6784189 CPU:  0.149E+04 SqF: 0.0224
  Rf: 0.00322 Los:0.0620 Dis:0.0000 Per:  0.2290 Sca: 0.121E-05
 j: 118 T: 0.248E-05 Suc: 17101 Eva:  6904272 CPU:  0.152E+04 SqF: 0.0220
  Rf: 0.00265 Los:0.0622 Dis:0.0000 Per:  0.2254 Sca: 0.131E-05
 j: 119 T: 0.235E-05 Suc: 17101 Eva:  7018082 CPU:  0.154E+04 SqF: 0.0213
  Rf: 0.00321 Los:0.0561 Dis:0.0000 Per:  0.2296 Sca: 0.124E-05
 j: 120 T: 0.223E-05 Suc: 17101 Eva:  7137532 CPU:  0.157E+04 SqF: 0.0212
  Rf: 0.00285 Los:0.0576 Dis:0.0000 Per:  0.2286 Sca: 0.121E-05
 j: 121 T: 0.212E-05 Suc: 17101 Eva:  7262238 CPU:  0.160E+04 SqF: 0.0209
  Rf: 0.00345 Los:0.0554 Dis:0.0000 Per:  0.2335 Sca: 0.121E-05
 j: 122 T: 0.202E-05 Suc: 17101 Eva:  7387826 CPU:  0.162E+04 SqF: 0.0204
  Rf: 0.00390 Los:0.0533 Dis:0.0000 Per:  0.2233 Sca: 0.124E-05
 j: 123 T: 0.192E-05 Suc: 17101 Eva:  7513702 CPU:  0.165E+04 SqF: 0.0204
  Rf: 0.00356 Los:0.0544 Dis:0.0000 Per:  0.2277 Sca: 0.122E-05
 j: 124 T: 0.182E-05 Suc: 17101 Eva:  7644272 CPU:  0.168E+04 SqF: 0.0196
  Rf: 0.00238 Los:0.0508 Dis:0.0000 Per:  0.2286 Sca: 0.119E-05
 j: 125 T: 0.173E-05 Suc: 17101 Eva:  7783193 CPU:  0.171E+04 SqF: 0.0196
  Rf: 0.00238 Los:0.0508 Dis:0.0000 Per:  0.2286 Sca: 0.119E-05
 j: 126 T: 0.164E-05 Suc: 17101 Eva:  7924258 CPU:  0.174E+04 SqF: 0.0193
  Rf: 0.00230 Los:0.0509 Dis:0.0000 Per:  0.2255 Sca: 0.118E-05
 j: 127 T: 0.156E-05 Suc: 17101 Eva:  8069945 CPU:  0.176E+04 SqF: 0.0185
  Rf: 0.00300 Los:0.0457 Dis:0.0000 Per:  0.2257 Sca: 0.114E-05
 j: 128 T: 0.148E-05 Suc: 17101 Eva:  8225829 CPU:  0.180E+04 SqF: 0.0184
  Rf: 0.00258 Los:0.0458 Dis:0.0000 Per:  0.2286 Sca: 0.112E-05
 j: 129 T: 0.141E-05 Suc: 17101 Eva:  8378893 CPU:  0.183E+04 SqF: 0.0181
  Rf: 0.00236 Los:0.0456 Dis:0.0000 Per:  0.2251 Sca: 0.110E-05
 j: 130 T: 0.134E-05 Suc: 17101 Eva:  8537859 CPU:  0.186E+04 SqF: 0.0178
  Rf: 0.00272 Los:0.0438 Dis:0.0000 Per:  0.2250 Sca: 0.116E-05
 j: 131 T: 0.127E-05 Suc: 17025 Eva:  8708869 CPU:  0.189E+04 SqF: 0.0175
  Rf: 0.00156 Los:0.0432 Dis:0.0000 Per:  0.2271 Sca: 0.109E-05
 j: 132 T: 0.121E-05 Suc: 16521 Eva:  8879879 CPU:  0.193E+04 SqF: 0.0172
  Rf: 0.00223 Los:0.0415 Dis:0.0000 Per:  0.2274 Sca: 0.108E-05
 j: 133 T: 0.115E-05 Suc: 15015 Eva:  9050889 CPU:  0.196E+04 SqF: 0.0171
  Rf: 0.00284 Los:0.0409 Dis:0.0000 Per:  0.2322 Sca: 0.109E-05
 j: 134 T: 0.109E-05 Suc: 15536 Eva:  9221899 CPU:  0.199E+04 SqF: 0.0166
  Rf: 0.00270 Los:0.0390 Dis:0.0000 Per:  0.2255 Sca: 0.108E-05
 j: 135 T: 0.104E-05 Suc: 15300 Eva:  9392909 CPU:  0.203E+04 SqF: 0.0164
  Rf: 0.00242 Los:0.0387 Dis:0.0000 Per:  0.2271 Sca: 0.108E-05
 j: 136 T: 0.983E-06 Suc: 14258 Eva:  9563919 CPU:  0.207E+04 SqF: 0.0162
  Rf: 0.00227 Los:0.0378 Dis:0.0000 Per:  0.2266 Sca: 0.109E-05
 j: 137 T: 0.934E-06 Suc: 13716 Eva:  9734929 CPU:  0.210E+04 SqF: 0.0159
  Rf: 0.00220 Los:0.0370 Dis:0.0000 Per:  0.2274 Sca: 0.104E-05
 j: 138 T: 0.887E-06 Suc: 13673 Eva:  9905939 CPU:  0.214E+04 SqF: 0.0155
  Rf: 0.00188 Los:0.0354 Dis:0.0000 Per:  0.2298 Sca: 0.102E-05
 j: 139 T: 0.843E-06 Suc: 13112 Eva: 10076949 CPU:  0.218E+04 SqF: 0.0152
  Rf: 0.00239 Los:0.0336 Dis:0.0000 Per:  0.2271 Sca: 0.105E-05
 j: 140 T: 0.801E-06 Suc: 12671 Eva: 10247959 CPU:  0.222E+04 SqF: 0.0149
  Rf: 0.00240 Los:0.0322 Dis:0.0000 Per:  0.2252 Sca: 0.100E-05
 j: 141 T: 0.761E-06 Suc: 11969 Eva: 10418969 CPU:  0.226E+04 SqF: 0.0147
  Rf: 0.00182 Los:0.0320 Dis:0.0000 Per:  0.2265 Sca: 0.103E-05
 j: 142 T: 0.723E-06 Suc: 11401 Eva: 10589979 CPU:  0.230E+04 SqF: 0.0143
  Rf: 0.00208 Los:0.0304 Dis:0.0000 Per:  0.2271 Sca: 0.102E-05
 j: 143 T: 0.687E-06 Suc: 10624 Eva: 10760989 CPU:  0.234E+04 SqF: 0.0142
  Rf: 0.00156 Los:0.0307 Dis:0.0000 Per:  0.2263 Sca: 0.981E-06
 j: 144 T: 0.652E-06 Suc:  9908 Eva: 10931999 CPU:  0.238E+04 SqF: 0.0142
  Rf: 0.00222 Los:0.0304 Dis:0.0000 Per:  0.2311 Sca: 0.101E-05
 j: 145 T: 0.620E-06 Suc:  9215 Eva: 11103009 CPU:  0.242E+04 SqF: 0.0136
  Rf: 0.00215 Los:0.0278 Dis:0.0000 Per:  0.2290 Sca: 0.982E-06
 j: 146 T: 0.589E-06 Suc:  8296 Eva: 11274019 CPU:  0.246E+04 SqF: 0.0134
  Rf: 0.00171 Los:0.0273 Dis:0.0000 Per:  0.2278 Sca: 0.985E-06
 j: 147 T: 0.559E-06 Suc:  7661 Eva: 11445029 CPU:  0.250E+04 SqF: 0.0134
  Rf: 0.00171 Los:0.0273 Dis:0.0000 Per:  0.2278 Sca: 0.985E-06
 j: 148 T: 0.531E-06 Suc:  7583 Eva: 11616039 CPU:  0.254E+04 SqF: 0.0133
  Rf: 0.00166 Los:0.0275 Dis:0.0000 Per:  0.2266 Sca: 0.970E-06
 j: 149 T: 0.505E-06 Suc:  6985 Eva: 11787049 CPU:  0.257E+04 SqF: 0.0131
  Rf: 0.00221 Los:0.0266 Dis:0.0000 Per:  0.2282 Sca: 0.967E-06
 j: 150 T: 0.480E-06 Suc:  6828 Eva: 11958059 CPU:  0.261E+04 SqF: 0.0128
  Rf: 0.00213 Los:0.0255 Dis:0.0000 Per:  0.2281 Sca: 0.931E-06
 j: 151 T: 0.456E-06 Suc:  6467 Eva: 12129069 CPU:  0.265E+04 SqF: 0.0125
  Rf: 0.00142 Los:0.0244 Dis:0.0000 Per:  0.2279 Sca: 0.916E-06
 j: 152 T: 0.433E-06 Suc:  5881 Eva: 12300079 CPU:  0.268E+04 SqF: 0.0125
  Rf: 0.00142 Los:0.0244 Dis:0.0000 Per:  0.2279 Sca: 0.916E-06
 j: 153 T: 0.411E-06 Suc:  5829 Eva: 12471089 CPU:  0.272E+04 SqF: 0.0123
  Rf: 0.00179 Los:0.0240 Dis:0.0000 Per:  0.2255 Sca: 0.895E-06
 j: 154 T: 0.391E-06 Suc:  5861 Eva: 12642099 CPU:  0.276E+04 SqF: 0.0121
  Rf: 0.00184 Los:0.0233 Dis:0.0000 Per:  0.2248 Sca: 0.880E-06
 j: 155 T: 0.371E-06 Suc:  5236 Eva: 12813109 CPU:  0.279E+04 SqF: 0.0119
  Rf: 0.00161 Los:0.0226 Dis:0.0000 Per:  0.2268 Sca: 0.879E-06
 j: 156 T: 0.352E-06 Suc:  4853 Eva: 12984119 CPU:  0.283E+04 SqF: 0.0117
  Rf: 0.00125 Los:0.0224 Dis:0.0000 Per:  0.2292 Sca: 0.880E-06
 j: 157 T: 0.335E-06 Suc:  4210 Eva: 13155129 CPU:  0.286E+04 SqF: 0.0117
  Rf: 0.00145 Los:0.0223 Dis:0.0000 Per:  0.2279 Sca: 0.888E-06
 j: 158 T: 0.318E-06 Suc:  3922 Eva: 13326139 CPU:  0.290E+04 SqF: 0.0115
  Rf: 0.00142 Los:0.0219 Dis:0.0000 Per:  0.2238 Sca: 0.889E-06
 j: 159 T: 0.302E-06 Suc:  3579 Eva: 13497149 CPU:  0.293E+04 SqF: 0.0114
  Rf: 0.00152 Los:0.0214 Dis:0.0000 Per:  0.2268 Sca: 0.873E-06
 j: 160 T: 0.287E-06 Suc:  3251 Eva: 13668159 CPU:  0.297E+04 SqF: 0.0112
  Rf: 0.00140 Los:0.0208 Dis:0.0000 Per:  0.2263 Sca: 0.865E-06
 j: 161 T: 0.273E-06 Suc:  2614 Eva: 13839169 CPU:  0.300E+04 SqF: 0.0109
  Rf: 0.00127 Los:0.0197 Dis:0.0000 Per:  0.2253 Sca: 0.854E-06
 j: 162 T: 0.259E-06 Suc:  2551 Eva: 14010179 CPU:  0.304E+04 SqF: 0.0109
  Rf: 0.00127 Los:0.0197 Dis:0.0000 Per:  0.2253 Sca: 0.854E-06
 j: 163 T: 0.246E-06 Suc:  2333 Eva: 14181189 CPU:  0.307E+04 SqF: 0.0108
  Rf: 0.00101 Los:0.0196 Dis:0.0000 Per:  0.2250 Sca: 0.853E-06
 j: 164 T: 0.234E-06 Suc:  2216 Eva: 14352199 CPU:  0.311E+04 SqF: 0.0107
  Rf: 0.00092 Los:0.0194 Dis:0.0000 Per:  0.2248 Sca: 0.851E-06
 j: 165 T: 0.222E-06 Suc:  1967 Eva: 14523209 CPU:  0.314E+04 SqF: 0.0105
  Rf: 0.00064 Los:0.0191 Dis:0.0000 Per:  0.2261 Sca: 0.849E-06
 j: 166 T: 0.211E-06 Suc:  1827 Eva: 14694219 CPU:  0.318E+04 SqF: 0.0104
  Rf: 0.00083 Los:0.0188 Dis:0.0000 Per:  0.2254 Sca: 0.828E-06
 j: 167 T: 0.201E-06 Suc:  1728 Eva: 14865229 CPU:  0.321E+04 SqF: 0.0103
  Rf: 0.00107 Los:0.0184 Dis:0.0000 Per:  0.2240 Sca: 0.830E-06
 j: 168 T: 0.190E-06 Suc:  1514 Eva: 15036239 CPU:  0.325E+04 SqF: 0.0102
  Rf: 0.00123 Los:0.0180 Dis:0.0000 Per:  0.2252 Sca: 0.818E-06
 j: 169 T: 0.181E-06 Suc:  1348 Eva: 15207249 CPU:  0.329E+04 SqF: 0.0102
  Rf: 0.00085 Los:0.0180 Dis:0.0000 Per:  0.2253 Sca: 0.821E-06
 j: 170 T: 0.172E-06 Suc:  1034 Eva: 15378259 CPU:  0.332E+04 SqF: 0.0100
  Rf: 0.00086 Los:0.0174 Dis:0.0000 Per:  0.2258 Sca: 0.810E-06
 j: 171 T: 0.163E-06 Suc:   935 Eva: 15549269 CPU:  0.336E+04 SqF: 0.0099
  Rf: 0.00073 Los:0.0174 Dis:0.0000 Per:  0.2261 Sca: 0.811E-06
 j: 172 T: 0.155E-06 Suc:   932 Eva: 15720279 CPU:  0.339E+04 SqF: 0.0099
  Rf: 0.00097 Los:0.0172 Dis:0.0000 Per:  0.2259 Sca: 0.806E-06
 j: 173 T: 0.147E-06 Suc:   847 Eva: 15891289 CPU:  0.343E+04 SqF: 0.0099
  Rf: 0.00107 Los:0.0172 Dis:0.0000 Per:  0.2260 Sca: 0.795E-06
 j: 174 T: 0.140E-06 Suc:   757 Eva: 16062299 CPU:  0.347E+04 SqF: 0.0098
  Rf: 0.00061 Los:0.0171 Dis:0.0000 Per:  0.2251 Sca: 0.801E-06
 j: 175 T: 0.133E-06 Suc:   658 Eva: 16233309 CPU:  0.350E+04 SqF: 0.0097
  Rf: 0.00085 Los:0.0167 Dis:0.0000 Per:  0.2257 Sca: 0.794E-06
 j: 176 T: 0.126E-06 Suc:   478 Eva: 16404319 CPU:  0.354E+04 SqF: 0.0097
  Rf: 0.00085 Los:0.0167 Dis:0.0000 Per:  0.2257 Sca: 0.794E-06
 j: 177 T: 0.120E-06 Suc:   359 Eva: 16575329 CPU:  0.358E+04 SqF: 0.0095
  Rf: 0.00099 Los:0.0163 Dis:0.0000 Per:  0.2253 Sca: 0.785E-06
 j: 178 T: 0.114E-06 Suc:   353 Eva: 16746339 CPU:  0.361E+04 SqF: 0.0095
  Rf: 0.00086 Los:0.0162 Dis:0.0000 Per:  0.2256 Sca: 0.790E-06
 j: 179 T: 0.108E-06 Suc:   323 Eva: 16917349 CPU:  0.365E+04 SqF: 0.0094
  Rf: 0.00062 Los:0.0161 Dis:0.0000 Per:  0.2258 Sca: 0.791E-06
 j: 180 T: 0.103E-06 Suc:   174 Eva: 17088359 CPU:  0.369E+04 SqF: 0.0094
  Rf: 0.00092 Los:0.0161 Dis:0.0000 Per:  0.2252 Sca: 0.792E-06
 j: 181 T: 0.978E-07 Suc:   200 Eva: 17259369 CPU:  0.372E+04 SqF: 0.0093
  Rf: 0.00062 Los:0.0160 Dis:0.0000 Per:  0.2254 Sca: 0.790E-06
 j: 182 T: 0.929E-07 Suc:   191 Eva: 17430379 CPU:  0.376E+04 SqF: 0.0093
  Rf: 0.00062 Los:0.0160 Dis:0.0000 Per:  0.2254 Sca: 0.790E-06
 j: 183 T: 0.882E-07 Suc:    94 Eva: 17601389 CPU:  0.379E+04 SqF: 0.0093
  Rf: 0.00084 Los:0.0161 Dis:0.0000 Per:  0.2244 Sca: 0.787E-06
 j: 184 T: 0.838E-07 Suc:   150 Eva: 17772399 CPU:  0.382E+04 SqF: 0.0093
  Rf: 0.00097 Los:0.0160 Dis:0.0000 Per:  0.2249 Sca: 0.785E-06
 j: 185 T: 0.796E-07 Suc:   147 Eva: 17943409 CPU:  0.385E+04 SqF: 0.0093
  Rf: 0.00053 Los:0.0160 Dis:0.0000 Per:  0.2247 Sca: 0.783E-06
 j: 186 T: 0.757E-07 Suc:     8 Eva: 18114419 CPU:  0.388E+04 SqF: 0.0092
  Rf: 0.00053 Los:0.0160 Dis:0.0000 Per:  0.2247 Sca: 0.783E-06

 Final Chi^2 against raw data ........................... : 2.017

     ===== DAMMIN finished at   21-Apr-2015   06:46:11
