pom152 kmeans_1000_3/cluster.1/ average centroid distance 2.33548607621
pom152 kmeans_1000_3/cluster.1/ centroid index 512
pom152 kmeans_1000_3/cluster.1/ centroid rmf name ('kmeans_1000_3/cluster.1/56-474_truncated.rmf3', 0)
pom152 kmeans_1000_3/cluster.1/ median centroid distance  1.57590077864
pom152 kmeans_1000_3/cluster.1/ kmeans_1000_3/cluster.1/ average pairwise distance 3.38497493031
pom152_NTD kmeans_1000_3/cluster.1/ average centroid distance 10.0608337372
pom152_NTD kmeans_1000_3/cluster.1/ centroid index 588
pom152_NTD kmeans_1000_3/cluster.1/ centroid rmf name ('kmeans_1000_3/cluster.1/628-626_truncated.rmf3', 0)
pom152_NTD kmeans_1000_3/cluster.1/ median centroid distance  5.33444581873
pom152_NTD kmeans_1000_3/cluster.1/ kmeans_1000_3/cluster.1/ average pairwise distance 16.198148532
All kmeans_1000_3/cluster.1/ average centroid distance 2.33548607621
All kmeans_1000_3/cluster.1/ centroid index 512
All kmeans_1000_3/cluster.1/ centroid rmf name ('kmeans_1000_3/cluster.1/56-474_truncated.rmf3', 0)
All kmeans_1000_3/cluster.1/ median centroid distance  1.57590077864
All kmeans_1000_3/cluster.1/ kmeans_1000_3/cluster.1/ average pairwise distance 3.38497493031
pom152_5 kmeans_1000_3/cluster.1/ average centroid distance 1.09871143665
pom152_5 kmeans_1000_3/cluster.1/ centroid index 651
pom152_5 kmeans_1000_3/cluster.1/ centroid rmf name ('kmeans_1000_3/cluster.1/685-63_truncated.rmf3', 0)
pom152_5 kmeans_1000_3/cluster.1/ median centroid distance  1.10659275277
pom152_5 kmeans_1000_3/cluster.1/ kmeans_1000_3/cluster.1/ average pairwise distance 1.51081033588
pom152_4 kmeans_1000_3/cluster.1/ average centroid distance 1.8927632081
pom152_4 kmeans_1000_3/cluster.1/ centroid index 271
pom152_4 kmeans_1000_3/cluster.1/ centroid rmf name ('kmeans_1000_3/cluster.1/342-126_truncated.rmf3', 0)
pom152_4 kmeans_1000_3/cluster.1/ median centroid distance  1.1986960918
pom152_4 kmeans_1000_3/cluster.1/ kmeans_1000_3/cluster.1/ average pairwise distance 2.94371431115
pom152_7 kmeans_1000_3/cluster.1/ average centroid distance 1.17368052392
pom152_7 kmeans_1000_3/cluster.1/ centroid index 653
pom152_7 kmeans_1000_3/cluster.1/ centroid rmf name ('kmeans_1000_3/cluster.1/687-278_truncated.rmf3', 0)
pom152_7 kmeans_1000_3/cluster.1/ median centroid distance  1.12983875744
pom152_7 kmeans_1000_3/cluster.1/ kmeans_1000_3/cluster.1/ average pairwise distance 1.58757981044
pom152_6 kmeans_1000_3/cluster.1/ average centroid distance 1.19338043462
pom152_6 kmeans_1000_3/cluster.1/ centroid index 39
pom152_6 kmeans_1000_3/cluster.1/ centroid rmf name ('kmeans_1000_3/cluster.1/133-335_truncated.rmf3', 0)
pom152_6 kmeans_1000_3/cluster.1/ median centroid distance  1.13478336011
pom152_6 kmeans_1000_3/cluster.1/ kmeans_1000_3/cluster.1/ average pairwise distance 1.56722254678
pom152_1 kmeans_1000_3/cluster.1/ average centroid distance 1.32672751822
pom152_1 kmeans_1000_3/cluster.1/ centroid index 185
pom152_1 kmeans_1000_3/cluster.1/ centroid rmf name ('kmeans_1000_3/cluster.1/265-425_truncated.rmf3', 0)
pom152_1 kmeans_1000_3/cluster.1/ median centroid distance  1.01244512239
pom152_1 kmeans_1000_3/cluster.1/ kmeans_1000_3/cluster.1/ average pairwise distance 2.084743922
pom152_3 kmeans_1000_3/cluster.1/ average centroid distance 1.8133681164
pom152_3 kmeans_1000_3/cluster.1/ centroid index 719
pom152_3 kmeans_1000_3/cluster.1/ centroid rmf name ('kmeans_1000_3/cluster.1/746-605_truncated.rmf3', 0)
pom152_3 kmeans_1000_3/cluster.1/ median centroid distance  1.04708936876
pom152_3 kmeans_1000_3/cluster.1/ kmeans_1000_3/cluster.1/ average pairwise distance 2.81518962628
pom152_2 kmeans_1000_3/cluster.1/ average centroid distance 1.68710311837
pom152_2 kmeans_1000_3/cluster.1/ centroid index 192
pom152_2 kmeans_1000_3/cluster.1/ centroid rmf name ('kmeans_1000_3/cluster.1/271-385_truncated.rmf3', 0)
pom152_2 kmeans_1000_3/cluster.1/ median centroid distance  1.24412761804
pom152_2 kmeans_1000_3/cluster.1/ kmeans_1000_3/cluster.1/ average pairwise distance 2.47443222167
pom152_9 kmeans_1000_3/cluster.1/ average centroid distance 1.17424262835
pom152_9 kmeans_1000_3/cluster.1/ centroid index 265
pom152_9 kmeans_1000_3/cluster.1/ centroid rmf name ('kmeans_1000_3/cluster.1/337-320_truncated.rmf3', 0)
pom152_9 kmeans_1000_3/cluster.1/ median centroid distance  1.34551372957
pom152_9 kmeans_1000_3/cluster.1/ kmeans_1000_3/cluster.1/ average pairwise distance 1.55858107054
pom152_8 kmeans_1000_3/cluster.1/ average centroid distance 0.920482739518
pom152_8 kmeans_1000_3/cluster.1/ centroid index 200
pom152_8 kmeans_1000_3/cluster.1/ centroid rmf name ('kmeans_1000_3/cluster.1/279-539_truncated.rmf3', 0)
pom152_8 kmeans_1000_3/cluster.1/ median centroid distance  0.753316206423
pom152_8 kmeans_1000_3/cluster.1/ kmeans_1000_3/cluster.1/ average pairwise distance 1.32447180505
