   === DAMMIN  started at           21-Apr-2015   03:52:15
 Computation mode ....................................... : Slow
 Project identifier ..................................... : 26994_26
 Project description: ................................... : 26994_26
 Random sequence initialized from ....................... : 35215169
 GNOM file name ......................................... : 26994.out
 Data set title ......................................... : 0.169308E-01  0.361805E+03  0.103761E+02
 Maximum diameter of the particle ....................... : 93.68
 Radius of gyration read ................................ : 27.87
 Number of GNOM data points ............................. : 396
 Maximum s value [1/angstrom] ........................... : 0.3616
 Number of Shannon channels ............................. : 10.78
 Number of knots in the curve to fit .................... : 22
 A constant was subtracted .............................. : 3.758
 Maximum order of harmonics ............................. : 15
 DAM coordinates file name .............................. : damstart.pdb
 Number of atoms read ................................... : 2064
 Maximum radius ......................................... : 55.98
 Packing radius of dummy atoms .......................... : 2.250
 Point symmetry of the particle ......................... : P1
 Number of core (fixed) atoms ........................... : 0
 Number of equivalent positions ......................... : 1
 Expected particle anisometry ........................... : Unknown
 Excluded volume per atom ............................... : 64.48
 Radius of 1st coordination sphere ...................... : 6.345
 Minimum number of contacts ............................. : 3
 Maximum number of contacts ............................. : 12
 Looseness penalty weight ............................... : 6.000e-3
 No of non-solvent atoms ................................ : 2064
 Initial DAM looseness .................................. : 9.666e-3
 Disconnectivity penalty weight ......................... : 6.000e-3
 Initial DAM # of graphs ................................ : 1
 Discontiguity   value .................................. : 0.0
 Center of the initial DAM:    0.3205  -0.1177  -0.2806
 Peripheral penalty weight .............................. : 0.3000
 Peripheral penalty value ............................... : 0.3156
 Looseness fixing threshold ............................. : 0.0
 R-factor  fixing threshold ............................. : 0.0
  ***    The structure was randomized    ***
 No of non-solvent atoms ................................ : 1026
 Randomized DAM looseness ............................... : 0.1272
 Randomized DAM # of graphs ............................. : 8
 Discontiguity   value .................................. : 6.846e-3
 Randomized peripheral penalty value .................... : 0.3141
 Weight: 0=s^2, 1=Emphas.s->0, 2=Log .................... : 1
 *** Porod weight with emphasis at low s ***
 Initial scale factor ................................... : 1.353e-7
 Scale factor fixed (Y=Yes, N=No) ....................... : N
 Initial R^2 factor ..................................... : 0.3523
 Initial R   factor ..................................... : 0.5936
 Initial penalty ........................................ : 9.504e-2
 Initial fVal ........................................... : 0.4474
 Variation of the target function ....................... : 2.772e-4
 CPU per function call, seconds ......................... : 3.849e-4
 Initial annealing temperature .......................... : 1.000e-3
 Annealing schedule factor .............................. : 0.9500
 # of independent atoms to modify ....................... : 1
 Max # of iterations at each T .......................... : 144480
 Max # of successes at each T ........................... : 14448
 Min # of successes to continue ......................... : 48
 Max # of annealing steps ............................... : 200
  ====  Simulated annealing procedure started  ====
 j:   1 T: 0.100E-02 Suc: 14448 Eva:    17580 CPU:  0.669E+01 SqF: 0.5670
  Rf: 0.47060 Los:0.1233 Dis:0.0171 Per:  0.3306 Sca: 0.167E-06
 j:   2 T: 0.950E-03 Suc: 14448 Eva:    35731 CPU:  0.135E+02 SqF: 0.5496
  Rf: 0.45359 Los:0.1290 Dis:0.0109 Per:  0.3349 Sca: 0.175E-06
 j:   3 T: 0.903E-03 Suc: 14448 Eva:    54483 CPU:  0.205E+02 SqF: 0.5377
  Rf: 0.44245 Los:0.1232 Dis:0.0132 Per:  0.3418 Sca: 0.182E-06
 j:   4 T: 0.857E-03 Suc: 14448 Eva:    73858 CPU:  0.276E+02 SqF: 0.5082
  Rf: 0.40952 Los:0.1480 Dis:0.0358 Per:  0.3476 Sca: 0.198E-06
 j:   5 T: 0.815E-03 Suc: 14448 Eva:    93406 CPU:  0.348E+02 SqF: 0.5063
  Rf: 0.41245 Los:0.1500 Dis:0.0272 Per:  0.3487 Sca: 0.208E-06
 j:   6 T: 0.774E-03 Suc: 14448 Eva:   114040 CPU:  0.422E+02 SqF: 0.4830
  Rf: 0.38830 Los:0.1471 Dis:0.0484 Per:  0.3505 Sca: 0.215E-06
 j:   7 T: 0.735E-03 Suc: 14448 Eva:   135247 CPU:  0.497E+02 SqF: 0.4614
  Rf: 0.36266 Los:0.1510 Dis:0.0470 Per:  0.3635 Sca: 0.225E-06
 j:   8 T: 0.698E-03 Suc: 14448 Eva:   156668 CPU:  0.572E+02 SqF: 0.4553
  Rf: 0.35838 Los:0.1551 Dis:0.0528 Per:  0.3704 Sca: 0.231E-06
 j:   9 T: 0.663E-03 Suc: 14448 Eva:   178655 CPU:  0.648E+02 SqF: 0.4398
  Rf: 0.35285 Los:0.1572 Dis:0.0375 Per:  0.3405 Sca: 0.247E-06
 j:  10 T: 0.630E-03 Suc: 14448 Eva:   201524 CPU:  0.727E+02 SqF: 0.4175
  Rf: 0.32629 Los:0.1534 Dis:0.0577 Per:  0.3522 Sca: 0.235E-06
 j:  11 T: 0.599E-03 Suc: 14448 Eva:   225178 CPU:  0.806E+02 SqF: 0.4066
  Rf: 0.32051 Los:0.1548 Dis:0.0608 Per:  0.3415 Sca: 0.246E-06
 j:  12 T: 0.569E-03 Suc: 14448 Eva:   249469 CPU:  0.888E+02 SqF: 0.4012
  Rf: 0.31558 Los:0.1663 Dis:0.0547 Per:  0.3518 Sca: 0.269E-06
 j:  13 T: 0.540E-03 Suc: 14448 Eva:   274344 CPU:  0.968E+02 SqF: 0.3720
  Rf: 0.28191 Los:0.1586 Dis:0.0808 Per:  0.3546 Sca: 0.252E-06
 j:  14 T: 0.513E-03 Suc: 14448 Eva:   299761 CPU:  0.105E+03 SqF: 0.3647
  Rf: 0.27687 Los:0.1616 Dis:0.0639 Per:  0.3573 Sca: 0.270E-06
 j:  15 T: 0.488E-03 Suc: 14448 Eva:   325800 CPU:  0.113E+03 SqF: 0.3435
  Rf: 0.25478 Los:0.1735 Dis:0.0768 Per:  0.3527 Sca: 0.303E-06
 j:  16 T: 0.463E-03 Suc: 14448 Eva:   352499 CPU:  0.122E+03 SqF: 0.3413
  Rf: 0.25331 Los:0.1565 Dis:0.0697 Per:  0.3664 Sca: 0.266E-06
 j:  17 T: 0.440E-03 Suc: 14448 Eva:   379701 CPU:  0.130E+03 SqF: 0.3289
  Rf: 0.24196 Los:0.1798 Dis:0.0658 Per:  0.3649 Sca: 0.319E-06
 j:  18 T: 0.418E-03 Suc: 14448 Eva:   407319 CPU:  0.139E+03 SqF: 0.3228
  Rf: 0.23765 Los:0.1768 Dis:0.0794 Per:  0.3684 Sca: 0.298E-06
 j:  19 T: 0.397E-03 Suc: 14448 Eva:   435841 CPU:  0.148E+03 SqF: 0.3072
  Rf: 0.22089 Los:0.1811 Dis:0.0691 Per:  0.3697 Sca: 0.333E-06
 j:  20 T: 0.377E-03 Suc: 14448 Eva:   465007 CPU:  0.157E+03 SqF: 0.2958
  Rf: 0.20930 Los:0.1774 Dis:0.1007 Per:  0.3711 Sca: 0.318E-06
 j:  21 T: 0.358E-03 Suc: 14448 Eva:   494638 CPU:  0.166E+03 SqF: 0.2831
  Rf: 0.19355 Los:0.1862 Dis:0.0864 Per:  0.3819 Sca: 0.347E-06
 j:  22 T: 0.341E-03 Suc: 14448 Eva:   524533 CPU:  0.175E+03 SqF: 0.2779
  Rf: 0.19996 Los:0.1688 Dis:0.0520 Per:  0.3517 Sca: 0.349E-06
 j:  23 T: 0.324E-03 Suc: 14448 Eva:   555004 CPU:  0.184E+03 SqF: 0.2736
  Rf: 0.19136 Los:0.1909 Dis:0.1038 Per:  0.3759 Sca: 0.357E-06
 j:  24 T: 0.307E-03 Suc: 14448 Eva:   585435 CPU:  0.193E+03 SqF: 0.2615
  Rf: 0.18061 Los:0.1605 Dis:0.0852 Per:  0.3718 Sca: 0.342E-06
 j:  25 T: 0.292E-03 Suc: 14448 Eva:   617003 CPU:  0.202E+03 SqF: 0.2541
  Rf: 0.17613 Los:0.1800 Dis:0.0942 Per:  0.3639 Sca: 0.343E-06
 j:  26 T: 0.277E-03 Suc: 14448 Eva:   649799 CPU:  0.211E+03 SqF: 0.2393
  Rf: 0.16234 Los:0.1748 Dis:0.0769 Per:  0.3531 Sca: 0.364E-06
 j:  27 T: 0.264E-03 Suc: 14448 Eva:   682897 CPU:  0.221E+03 SqF: 0.2348
  Rf: 0.15892 Los:0.1555 Dis:0.0635 Per:  0.3614 Sca: 0.350E-06
 j:  28 T: 0.250E-03 Suc: 14448 Eva:   716251 CPU:  0.230E+03 SqF: 0.2261
  Rf: 0.15619 Los:0.1747 Dis:0.0774 Per:  0.3356 Sca: 0.377E-06
 j:  29 T: 0.238E-03 Suc: 14448 Eva:   750499 CPU:  0.240E+03 SqF: 0.2175
  Rf: 0.14654 Los:0.1607 Dis:0.0712 Per:  0.3427 Sca: 0.349E-06
 j:  30 T: 0.226E-03 Suc: 14448 Eva:   785048 CPU:  0.250E+03 SqF: 0.2100
  Rf: 0.13465 Los:0.1849 Dis:0.1000 Per:  0.3582 Sca: 0.390E-06
 j:  31 T: 0.215E-03 Suc: 14448 Eva:   819758 CPU:  0.259E+03 SqF: 0.2017
  Rf: 0.13234 Los:0.1729 Dis:0.0704 Per:  0.3369 Sca: 0.386E-06
 j:  32 T: 0.204E-03 Suc: 14448 Eva:   855358 CPU:  0.269E+03 SqF: 0.1989
  Rf: 0.12737 Los:0.1902 Dis:0.1083 Per:  0.3523 Sca: 0.397E-06
 j:  33 T: 0.194E-03 Suc: 14448 Eva:   891912 CPU:  0.279E+03 SqF: 0.1961
  Rf: 0.12524 Los:0.1762 Dis:0.0726 Per:  0.3660 Sca: 0.394E-06
 j:  34 T: 0.184E-03 Suc: 14448 Eva:   928725 CPU:  0.289E+03 SqF: 0.1802
  Rf: 0.10776 Los:0.1840 Dis:0.1078 Per:  0.3463 Sca: 0.411E-06
 j:  35 T: 0.175E-03 Suc: 14448 Eva:   965433 CPU:  0.299E+03 SqF: 0.1778
  Rf: 0.10907 Los:0.1762 Dis:0.0711 Per:  0.3473 Sca: 0.421E-06
 j:  36 T: 0.166E-03 Suc: 14448 Eva:  1002996 CPU:  0.309E+03 SqF: 0.1778
  Rf: 0.10907 Los:0.1762 Dis:0.0711 Per:  0.3473 Sca: 0.421E-06
 j:  37 T: 0.158E-03 Suc: 14448 Eva:  1041044 CPU:  0.319E+03 SqF: 0.1765
  Rf: 0.11392 Los:0.1785 Dis:0.0979 Per:  0.3488 Sca: 0.416E-06
 j:  38 T: 0.150E-03 Suc: 14448 Eva:  1078747 CPU:  0.329E+03 SqF: 0.1657
  Rf: 0.09850 Los:0.1819 Dis:0.0868 Per:  0.3592 Sca: 0.436E-06
 j:  39 T: 0.142E-03 Suc: 14448 Eva:  1118142 CPU:  0.340E+03 SqF: 0.1560
  Rf: 0.08925 Los:0.1858 Dis:0.1198 Per:  0.3401 Sca: 0.463E-06
 j:  40 T: 0.135E-03 Suc: 14448 Eva:  1157240 CPU:  0.350E+03 SqF: 0.1532
  Rf: 0.08794 Los:0.1931 Dis:0.1297 Per:  0.3398 Sca: 0.439E-06
 j:  41 T: 0.129E-03 Suc: 14448 Eva:  1197154 CPU:  0.361E+03 SqF: 0.1501
  Rf: 0.08762 Los:0.1889 Dis:0.0993 Per:  0.3407 Sca: 0.478E-06
 j:  42 T: 0.122E-03 Suc: 14448 Eva:  1238181 CPU:  0.371E+03 SqF: 0.1418
  Rf: 0.08016 Los:0.1589 Dis:0.0840 Per:  0.3341 Sca: 0.427E-06
 j:  43 T: 0.116E-03 Suc: 14448 Eva:  1279882 CPU:  0.382E+03 SqF: 0.1418
  Rf: 0.08016 Los:0.1589 Dis:0.0840 Per:  0.3341 Sca: 0.427E-06
 j:  44 T: 0.110E-03 Suc: 14448 Eva:  1321750 CPU:  0.393E+03 SqF: 0.1384
  Rf: 0.08294 Los:0.1872 Dis:0.1045 Per:  0.3182 Sca: 0.418E-06
 j:  45 T: 0.105E-03 Suc: 14448 Eva:  1364062 CPU:  0.403E+03 SqF: 0.1279
  Rf: 0.06823 Los:0.1756 Dis:0.0966 Per:  0.3206 Sca: 0.488E-06
 j:  46 T: 0.994E-04 Suc: 14448 Eva:  1407139 CPU:  0.414E+03 SqF: 0.1263
  Rf: 0.06533 Los:0.2009 Dis:0.1140 Per:  0.3280 Sca: 0.519E-06
 j:  47 T: 0.945E-04 Suc: 14448 Eva:  1450183 CPU:  0.425E+03 SqF: 0.1222
  Rf: 0.06466 Los:0.1882 Dis:0.1012 Per:  0.3178 Sca: 0.484E-06
 j:  48 T: 0.897E-04 Suc: 14448 Eva:  1493946 CPU:  0.436E+03 SqF: 0.1200
  Rf: 0.06512 Los:0.1651 Dis:0.0698 Per:  0.3246 Sca: 0.439E-06
 j:  49 T: 0.853E-04 Suc: 14448 Eva:  1538523 CPU:  0.447E+03 SqF: 0.1179
  Rf: 0.06311 Los:0.1923 Dis:0.0889 Per:  0.3219 Sca: 0.501E-06
 j:  50 T: 0.810E-04 Suc: 14448 Eva:  1583406 CPU:  0.458E+03 SqF: 0.1116
  Rf: 0.05790 Los:0.1636 Dis:0.0709 Per:  0.3164 Sca: 0.466E-06
 j:  51 T: 0.769E-04 Suc: 14448 Eva:  1628178 CPU:  0.469E+03 SqF: 0.1062
  Rf: 0.05053 Los:0.1681 Dis:0.0602 Per:  0.3187 Sca: 0.467E-06
 j:  52 T: 0.731E-04 Suc: 14448 Eva:  1673214 CPU:  0.480E+03 SqF: 0.1062
  Rf: 0.05053 Los:0.1681 Dis:0.0602 Per:  0.3187 Sca: 0.467E-06
 j:  53 T: 0.694E-04 Suc: 14448 Eva:  1719008 CPU:  0.491E+03 SqF: 0.1026
  Rf: 0.05031 Los:0.1882 Dis:0.1041 Per:  0.2995 Sca: 0.513E-06
 j:  54 T: 0.660E-04 Suc: 14448 Eva:  1764945 CPU:  0.503E+03 SqF: 0.0971
  Rf: 0.04282 Los:0.1690 Dis:0.0946 Per:  0.3034 Sca: 0.505E-06
 j:  55 T: 0.627E-04 Suc: 14448 Eva:  1811942 CPU:  0.514E+03 SqF: 0.0969
  Rf: 0.04736 Los:0.1740 Dis:0.0755 Per:  0.3003 Sca: 0.513E-06
 j:  56 T: 0.595E-04 Suc: 14448 Eva:  1859766 CPU:  0.526E+03 SqF: 0.0921
  Rf: 0.03928 Los:0.1691 Dis:0.0880 Per:  0.3017 Sca: 0.507E-06
 j:  57 T: 0.566E-04 Suc: 14448 Eva:  1907596 CPU:  0.537E+03 SqF: 0.0899
  Rf: 0.04196 Los:0.1605 Dis:0.0507 Per:  0.2979 Sca: 0.524E-06
 j:  58 T: 0.537E-04 Suc: 14448 Eva:  1956355 CPU:  0.549E+03 SqF: 0.0865
  Rf: 0.03941 Los:0.1609 Dis:0.0469 Per:  0.2908 Sca: 0.492E-06
 j:  59 T: 0.510E-04 Suc: 14448 Eva:  2004759 CPU:  0.560E+03 SqF: 0.0821
  Rf: 0.03141 Los:0.1739 Dis:0.0647 Per:  0.2818 Sca: 0.503E-06
 j:  60 T: 0.485E-04 Suc: 14448 Eva:  2054857 CPU:  0.572E+03 SqF: 0.0816
  Rf: 0.03507 Los:0.1518 Dis:0.0365 Per:  0.2956 Sca: 0.514E-06
 j:  61 T: 0.461E-04 Suc: 14448 Eva:  2105372 CPU:  0.585E+03 SqF: 0.0808
  Rf: 0.03324 Los:0.1641 Dis:0.0760 Per:  0.2882 Sca: 0.499E-06
 j:  62 T: 0.438E-04 Suc: 14448 Eva:  2155895 CPU:  0.596E+03 SqF: 0.0790
  Rf: 0.03011 Los:0.1817 Dis:0.0738 Per:  0.2900 Sca: 0.532E-06
 j:  63 T: 0.416E-04 Suc: 14448 Eva:  2206497 CPU:  0.608E+03 SqF: 0.0744
  Rf: 0.02617 Los:0.1490 Dis:0.0500 Per:  0.2926 Sca: 0.492E-06
 j:  64 T: 0.395E-04 Suc: 14448 Eva:  2257349 CPU:  0.620E+03 SqF: 0.0738
  Rf: 0.03050 Los:0.1593 Dis:0.0391 Per:  0.2812 Sca: 0.510E-06
 j:  65 T: 0.375E-04 Suc: 14448 Eva:  2308672 CPU:  0.633E+03 SqF: 0.0713
  Rf: 0.02543 Los:0.1597 Dis:0.0586 Per:  0.2773 Sca: 0.514E-06
 j:  66 T: 0.356E-04 Suc: 14448 Eva:  2360889 CPU:  0.645E+03 SqF: 0.0705
  Rf: 0.02558 Los:0.1745 Dis:0.0584 Per:  0.2732 Sca: 0.550E-06
 j:  67 T: 0.339E-04 Suc: 14448 Eva:  2413099 CPU:  0.657E+03 SqF: 0.0663
  Rf: 0.02383 Los:0.1520 Dis:0.0291 Per:  0.2694 Sca: 0.560E-06
 j:  68 T: 0.322E-04 Suc: 14448 Eva:  2465717 CPU:  0.669E+03 SqF: 0.0654
  Rf: 0.02144 Los:0.1586 Dis:0.0359 Per:  0.2751 Sca: 0.541E-06
 j:  69 T: 0.306E-04 Suc: 14448 Eva:  2518061 CPU:  0.682E+03 SqF: 0.0643
  Rf: 0.01878 Los:0.1518 Dis:0.0356 Per:  0.2895 Sca: 0.529E-06
 j:  70 T: 0.290E-04 Suc: 14448 Eva:  2570994 CPU:  0.694E+03 SqF: 0.0629
  Rf: 0.01556 Los:0.1630 Dis:0.0578 Per:  0.2736 Sca: 0.528E-06
 j:  71 T: 0.276E-04 Suc: 14448 Eva:  2625337 CPU:  0.707E+03 SqF: 0.0617
  Rf: 0.02130 Los:0.1544 Dis:0.0302 Per:  0.2712 Sca: 0.512E-06
 j:  72 T: 0.262E-04 Suc: 14448 Eva:  2678878 CPU:  0.719E+03 SqF: 0.0594
  Rf: 0.01979 Los:0.1470 Dis:0.0280 Per:  0.2649 Sca: 0.511E-06
 j:  73 T: 0.249E-04 Suc: 14448 Eva:  2732869 CPU:  0.732E+03 SqF: 0.0561
  Rf: 0.01425 Los:0.1225 Dis:0.0288 Per:  0.2734 Sca: 0.456E-06
 j:  74 T: 0.236E-04 Suc: 14448 Eva:  2788181 CPU:  0.745E+03 SqF: 0.0561
  Rf: 0.01425 Los:0.1225 Dis:0.0288 Per:  0.2734 Sca: 0.456E-06
 j:  75 T: 0.225E-04 Suc: 14448 Eva:  2842889 CPU:  0.758E+03 SqF: 0.0552
  Rf: 0.01240 Los:0.1401 Dis:0.0436 Per:  0.2650 Sca: 0.533E-06
 j:  76 T: 0.213E-04 Suc: 14448 Eva:  2899823 CPU:  0.772E+03 SqF: 0.0533
  Rf: 0.01497 Los:0.1323 Dis:0.0190 Per:  0.2667 Sca: 0.529E-06
 j:  77 T: 0.203E-04 Suc: 14448 Eva:  2957623 CPU:  0.785E+03 SqF: 0.0517
  Rf: 0.01199 Los:0.1364 Dis:0.0259 Per:  0.2558 Sca: 0.508E-06
 j:  78 T: 0.193E-04 Suc: 14448 Eva:  3014007 CPU:  0.798E+03 SqF: 0.0501
  Rf: 0.01196 Los:0.1259 Dis:0.0163 Per:  0.2625 Sca: 0.505E-06
 j:  79 T: 0.183E-04 Suc: 14448 Eva:  3070878 CPU:  0.812E+03 SqF: 0.0497
  Rf: 0.01434 Los:0.1246 Dis:0.0207 Per:  0.2537 Sca: 0.489E-06
 j:  80 T: 0.174E-04 Suc: 14448 Eva:  3127710 CPU:  0.825E+03 SqF: 0.0490
  Rf: 0.01506 Los:0.1129 Dis:0.0112 Per:  0.2741 Sca: 0.478E-06
 j:  81 T: 0.165E-04 Suc: 14448 Eva:  3187279 CPU:  0.839E+03 SqF: 0.0467
  Rf: 0.00951 Los:0.1210 Dis:0.0159 Per:  0.2554 Sca: 0.476E-06
 j:  82 T: 0.157E-04 Suc: 14448 Eva:  3246329 CPU:  0.852E+03 SqF: 0.0467
  Rf: 0.00951 Los:0.1210 Dis:0.0159 Per:  0.2554 Sca: 0.476E-06
 j:  83 T: 0.149E-04 Suc: 14448 Eva:  3307533 CPU:  0.867E+03 SqF: 0.0451
  Rf: 0.01218 Los:0.1099 Dis:0.0090 Per:  0.2623 Sca: 0.478E-06
 j:  84 T: 0.142E-04 Suc: 14448 Eva:  3365256 CPU:  0.880E+03 SqF: 0.0441
  Rf: 0.01105 Los:0.1060 Dis:0.0088 Per:  0.2664 Sca: 0.458E-06
 j:  85 T: 0.135E-04 Suc: 14448 Eva:  3425772 CPU:  0.894E+03 SqF: 0.0429
  Rf: 0.01152 Los:0.1098 Dis:0.0046 Per:  0.2534 Sca: 0.489E-06
 j:  86 T: 0.128E-04 Suc: 14448 Eva:  3487076 CPU:  0.909E+03 SqF: 0.0423
  Rf: 0.00994 Los:0.1074 Dis:0.0089 Per:  0.2577 Sca: 0.464E-06
 j:  87 T: 0.121E-04 Suc: 14448 Eva:  3548819 CPU:  0.923E+03 SqF: 0.0413
  Rf: 0.01005 Los:0.1118 Dis:0.0024 Per:  0.2534 Sca: 0.531E-06
 j:  88 T: 0.115E-04 Suc: 14448 Eva:  3612135 CPU:  0.938E+03 SqF: 0.0397
  Rf: 0.01042 Los:0.0967 Dis:0.0023 Per:  0.2527 Sca: 0.493E-06
 j:  89 T: 0.110E-04 Suc: 14448 Eva:  3674942 CPU:  0.953E+03 SqF: 0.0394
  Rf: 0.00879 Los:0.0991 Dis:0.0068 Per:  0.2552 Sca: 0.480E-06
 j:  90 T: 0.104E-04 Suc: 14448 Eva:  3739477 CPU:  0.968E+03 SqF: 0.0383
  Rf: 0.00643 Los:0.1016 Dis:0.0000 Per:  0.2611 Sca: 0.467E-06
 j:  91 T: 0.989E-05 Suc: 14448 Eva:  3803557 CPU:  0.983E+03 SqF: 0.0380
  Rf: 0.00798 Los:0.0994 Dis:0.0000 Per:  0.2650 Sca: 0.505E-06
 j:  92 T: 0.939E-05 Suc: 14448 Eva:  3868252 CPU:  0.998E+03 SqF: 0.0367
  Rf: 0.00609 Los:0.0936 Dis:0.0045 Per:  0.2559 Sca: 0.469E-06
 j:  93 T: 0.892E-05 Suc: 14448 Eva:  3933144 CPU:  0.101E+04 SqF: 0.0360
  Rf: 0.00881 Los:0.0924 Dis:0.0000 Per:  0.2483 Sca: 0.469E-06
 j:  94 T: 0.848E-05 Suc: 14448 Eva:  4001372 CPU:  0.103E+04 SqF: 0.0354
  Rf: 0.00547 Los:0.0945 Dis:0.0022 Per:  0.2531 Sca: 0.464E-06
 j:  95 T: 0.805E-05 Suc: 14448 Eva:  4069009 CPU:  0.105E+04 SqF: 0.0348
  Rf: 0.00543 Los:0.0944 Dis:0.0022 Per:  0.2497 Sca: 0.455E-06
 j:  96 T: 0.765E-05 Suc: 14448 Eva:  4137358 CPU:  0.106E+04 SqF: 0.0344
  Rf: 0.00705 Los:0.0890 Dis:0.0022 Per:  0.2543 Sca: 0.442E-06
 j:  97 T: 0.727E-05 Suc: 14448 Eva:  4205815 CPU:  0.108E+04 SqF: 0.0332
  Rf: 0.00421 Los:0.0852 Dis:0.0000 Per:  0.2617 Sca: 0.447E-06
 j:  98 T: 0.691E-05 Suc: 14448 Eva:  4276496 CPU:  0.109E+04 SqF: 0.0327
  Rf: 0.00580 Los:0.0820 Dis:0.0021 Per:  0.2548 Sca: 0.419E-06
 j:  99 T: 0.656E-05 Suc: 14448 Eva:  4347651 CPU:  0.111E+04 SqF: 0.0320
  Rf: 0.00619 Los:0.0804 Dis:0.0000 Per:  0.2550 Sca: 0.441E-06
 j: 100 T: 0.623E-05 Suc: 14448 Eva:  4420099 CPU:  0.113E+04 SqF: 0.0310
  Rf: 0.00508 Los:0.0755 Dis:0.0000 Per:  0.2594 Sca: 0.432E-06
 j: 101 T: 0.592E-05 Suc: 14448 Eva:  4494891 CPU:  0.115E+04 SqF: 0.0310
  Rf: 0.00508 Los:0.0755 Dis:0.0000 Per:  0.2594 Sca: 0.432E-06
 j: 102 T: 0.562E-05 Suc: 14448 Eva:  4571936 CPU:  0.116E+04 SqF: 0.0302
  Rf: 0.00391 Los:0.0787 Dis:0.0000 Per:  0.2512 Sca: 0.425E-06
 j: 103 T: 0.534E-05 Suc: 14448 Eva:  4649918 CPU:  0.118E+04 SqF: 0.0296
  Rf: 0.00480 Los:0.0738 Dis:0.0000 Per:  0.2556 Sca: 0.439E-06
 j: 104 T: 0.508E-05 Suc: 14448 Eva:  4725974 CPU:  0.120E+04 SqF: 0.0292
  Rf: 0.00408 Los:0.0746 Dis:0.0000 Per:  0.2535 Sca: 0.457E-06
 j: 105 T: 0.482E-05 Suc: 14448 Eva:  4803706 CPU:  0.122E+04 SqF: 0.0288
  Rf: 0.00433 Los:0.0734 Dis:0.0000 Per:  0.2544 Sca: 0.414E-06
 j: 106 T: 0.458E-05 Suc: 14448 Eva:  4883219 CPU:  0.124E+04 SqF: 0.0280
  Rf: 0.00273 Los:0.0714 Dis:0.0000 Per:  0.2519 Sca: 0.432E-06
 j: 107 T: 0.435E-05 Suc: 14448 Eva:  4965512 CPU:  0.126E+04 SqF: 0.0278
  Rf: 0.00307 Los:0.0720 Dis:0.0000 Per:  0.2539 Sca: 0.425E-06
 j: 108 T: 0.413E-05 Suc: 14448 Eva:  5049031 CPU:  0.128E+04 SqF: 0.0272
  Rf: 0.00282 Los:0.0698 Dis:0.0000 Per:  0.2542 Sca: 0.414E-06
 j: 109 T: 0.393E-05 Suc: 14448 Eva:  5134604 CPU:  0.130E+04 SqF: 0.0264
  Rf: 0.00248 Los:0.0659 Dis:0.0000 Per:  0.2526 Sca: 0.411E-06
 j: 110 T: 0.373E-05 Suc: 14448 Eva:  5222426 CPU:  0.132E+04 SqF: 0.0263
  Rf: 0.00375 Los:0.0661 Dis:0.0000 Per:  0.2490 Sca: 0.396E-06
 j: 111 T: 0.354E-05 Suc: 14448 Eva:  5310737 CPU:  0.134E+04 SqF: 0.0258
  Rf: 0.00509 Los:0.0604 Dis:0.0000 Per:  0.2589 Sca: 0.399E-06
 j: 112 T: 0.337E-05 Suc: 14448 Eva:  5400630 CPU:  0.136E+04 SqF: 0.0249
  Rf: 0.00285 Los:0.0583 Dis:0.0000 Per:  0.2599 Sca: 0.390E-06
 j: 113 T: 0.320E-05 Suc: 14448 Eva:  5491333 CPU:  0.138E+04 SqF: 0.0248
  Rf: 0.00382 Los:0.0603 Dis:0.0000 Per:  0.2503 Sca: 0.400E-06
 j: 114 T: 0.304E-05 Suc: 14448 Eva:  5584665 CPU:  0.140E+04 SqF: 0.0243
  Rf: 0.00385 Los:0.0572 Dis:0.0000 Per:  0.2526 Sca: 0.387E-06
 j: 115 T: 0.289E-05 Suc: 14448 Eva:  5683104 CPU:  0.143E+04 SqF: 0.0238
  Rf: 0.00391 Los:0.0560 Dis:0.0000 Per:  0.2497 Sca: 0.386E-06
 j: 116 T: 0.274E-05 Suc: 14448 Eva:  5778945 CPU:  0.145E+04 SqF: 0.0233
  Rf: 0.00359 Los:0.0537 Dis:0.0000 Per:  0.2544 Sca: 0.358E-06
 j: 117 T: 0.261E-05 Suc: 14448 Eva:  5880745 CPU:  0.148E+04 SqF: 0.0230
  Rf: 0.00259 Los:0.0545 Dis:0.0000 Per:  0.2513 Sca: 0.393E-06
 j: 118 T: 0.248E-05 Suc: 14448 Eva:  5988523 CPU:  0.150E+04 SqF: 0.0222
  Rf: 0.00374 Los:0.0488 Dis:0.0000 Per:  0.2492 Sca: 0.356E-06
 j: 119 T: 0.235E-05 Suc: 14448 Eva:  6098827 CPU:  0.153E+04 SqF: 0.0221
  Rf: 0.00296 Los:0.0502 Dis:0.0000 Per:  0.2547 Sca: 0.354E-06
 j: 120 T: 0.223E-05 Suc: 14448 Eva:  6210317 CPU:  0.156E+04 SqF: 0.0217
  Rf: 0.00328 Los:0.0486 Dis:0.0000 Per:  0.2502 Sca: 0.376E-06
 j: 121 T: 0.212E-05 Suc: 14448 Eva:  6325775 CPU:  0.158E+04 SqF: 0.0209
  Rf: 0.00291 Los:0.0445 Dis:0.0000 Per:  0.2530 Sca: 0.362E-06
 j: 122 T: 0.202E-05 Suc: 14448 Eva:  6443688 CPU:  0.161E+04 SqF: 0.0209
  Rf: 0.00291 Los:0.0445 Dis:0.0000 Per:  0.2530 Sca: 0.362E-06
 j: 123 T: 0.192E-05 Suc: 14448 Eva:  6559194 CPU:  0.164E+04 SqF: 0.0202
  Rf: 0.00262 Los:0.0425 Dis:0.0000 Per:  0.2522 Sca: 0.344E-06
 j: 124 T: 0.182E-05 Suc: 14448 Eva:  6687817 CPU:  0.167E+04 SqF: 0.0202
  Rf: 0.00262 Los:0.0425 Dis:0.0000 Per:  0.2522 Sca: 0.344E-06
 j: 125 T: 0.173E-05 Suc: 14448 Eva:  6815363 CPU:  0.170E+04 SqF: 0.0198
  Rf: 0.00211 Los:0.0428 Dis:0.0000 Per:  0.2537 Sca: 0.353E-06
 j: 126 T: 0.164E-05 Suc: 14448 Eva:  6946685 CPU:  0.173E+04 SqF: 0.0194
  Rf: 0.00269 Los:0.0408 Dis:0.0000 Per:  0.2558 Sca: 0.339E-06
 j: 127 T: 0.156E-05 Suc: 14448 Eva:  7086716 CPU:  0.177E+04 SqF: 0.0191
  Rf: 0.00260 Los:0.0396 Dis:0.0000 Per:  0.2547 Sca: 0.350E-06
 j: 128 T: 0.148E-05 Suc: 13835 Eva:  7231196 CPU:  0.180E+04 SqF: 0.0190
  Rf: 0.00227 Los:0.0404 Dis:0.0000 Per:  0.2528 Sca: 0.344E-06
 j: 129 T: 0.141E-05 Suc: 14073 Eva:  7375676 CPU:  0.184E+04 SqF: 0.0184
  Rf: 0.00181 Los:0.0383 Dis:0.0000 Per:  0.2519 Sca: 0.335E-06
 j: 130 T: 0.134E-05 Suc: 13239 Eva:  7520156 CPU:  0.188E+04 SqF: 0.0178
  Rf: 0.00169 Los:0.0356 Dis:0.0000 Per:  0.2513 Sca: 0.337E-06
 j: 131 T: 0.127E-05 Suc: 13052 Eva:  7664636 CPU:  0.191E+04 SqF: 0.0178
  Rf: 0.00169 Los:0.0356 Dis:0.0000 Per:  0.2513 Sca: 0.337E-06
 j: 132 T: 0.121E-05 Suc: 12238 Eva:  7809116 CPU:  0.195E+04 SqF: 0.0177
  Rf: 0.00256 Los:0.0357 Dis:0.0000 Per:  0.2515 Sca: 0.324E-06
 j: 133 T: 0.115E-05 Suc: 11746 Eva:  7953596 CPU:  0.198E+04 SqF: 0.0174
  Rf: 0.00194 Los:0.0354 Dis:0.0000 Per:  0.2501 Sca: 0.331E-06
 j: 134 T: 0.109E-05 Suc: 11686 Eva:  8098076 CPU:  0.202E+04 SqF: 0.0168
  Rf: 0.00213 Los:0.0324 Dis:0.0000 Per:  0.2541 Sca: 0.328E-06
 j: 135 T: 0.104E-05 Suc: 10835 Eva:  8242556 CPU:  0.205E+04 SqF: 0.0166
  Rf: 0.00242 Los:0.0320 Dis:0.0000 Per:  0.2479 Sca: 0.326E-06
 j: 136 T: 0.983E-06 Suc:  9689 Eva:  8387036 CPU:  0.209E+04 SqF: 0.0166
  Rf: 0.00242 Los:0.0320 Dis:0.0000 Per:  0.2479 Sca: 0.326E-06
 j: 137 T: 0.934E-06 Suc: 10230 Eva:  8531516 CPU:  0.213E+04 SqF: 0.0160
  Rf: 0.00161 Los:0.0305 Dis:0.0000 Per:  0.2557 Sca: 0.307E-06
 j: 138 T: 0.887E-06 Suc:  9333 Eva:  8675996 CPU:  0.216E+04 SqF: 0.0158
  Rf: 0.00149 Los:0.0301 Dis:0.0000 Per:  0.2514 Sca: 0.309E-06
 j: 139 T: 0.843E-06 Suc:  9282 Eva:  8820476 CPU:  0.220E+04 SqF: 0.0155
  Rf: 0.00153 Los:0.0292 Dis:0.0000 Per:  0.2508 Sca: 0.301E-06
 j: 140 T: 0.801E-06 Suc:  8400 Eva:  8964956 CPU:  0.223E+04 SqF: 0.0153
  Rf: 0.00150 Los:0.0285 Dis:0.0000 Per:  0.2513 Sca: 0.294E-06
 j: 141 T: 0.761E-06 Suc:  7731 Eva:  9109436 CPU:  0.227E+04 SqF: 0.0151
  Rf: 0.00229 Los:0.0276 Dis:0.0000 Per:  0.2516 Sca: 0.300E-06
 j: 142 T: 0.723E-06 Suc:  7290 Eva:  9253916 CPU:  0.231E+04 SqF: 0.0150
  Rf: 0.00140 Los:0.0281 Dis:0.0000 Per:  0.2537 Sca: 0.297E-06
 j: 143 T: 0.687E-06 Suc:  6905 Eva:  9398396 CPU:  0.234E+04 SqF: 0.0147
  Rf: 0.00184 Los:0.0267 Dis:0.0000 Per:  0.2539 Sca: 0.300E-06
 j: 144 T: 0.652E-06 Suc:  6311 Eva:  9542876 CPU:  0.238E+04 SqF: 0.0143
  Rf: 0.00166 Los:0.0255 Dis:0.0000 Per:  0.2509 Sca: 0.293E-06
 j: 145 T: 0.620E-06 Suc:  5582 Eva:  9687356 CPU:  0.242E+04 SqF: 0.0142
  Rf: 0.00148 Los:0.0254 Dis:0.0000 Per:  0.2525 Sca: 0.293E-06
 j: 146 T: 0.589E-06 Suc:  5609 Eva:  9831836 CPU:  0.245E+04 SqF: 0.0142
  Rf: 0.00095 Los:0.0260 Dis:0.0000 Per:  0.2503 Sca: 0.291E-06
 j: 147 T: 0.559E-06 Suc:  4972 Eva:  9976316 CPU:  0.249E+04 SqF: 0.0137
  Rf: 0.00149 Los:0.0239 Dis:0.0000 Per:  0.2509 Sca: 0.297E-06
 j: 148 T: 0.531E-06 Suc:  4916 Eva: 10120796 CPU:  0.253E+04 SqF: 0.0136
  Rf: 0.00139 Los:0.0236 Dis:0.0000 Per:  0.2517 Sca: 0.285E-06
 j: 149 T: 0.505E-06 Suc:  4540 Eva: 10265276 CPU:  0.256E+04 SqF: 0.0136
  Rf: 0.00139 Los:0.0236 Dis:0.0000 Per:  0.2517 Sca: 0.285E-06
 j: 150 T: 0.480E-06 Suc:  4106 Eva: 10409756 CPU:  0.260E+04 SqF: 0.0135
  Rf: 0.00197 Los:0.0237 Dis:0.0000 Per:  0.2488 Sca: 0.293E-06
 j: 151 T: 0.456E-06 Suc:  3863 Eva: 10554236 CPU:  0.264E+04 SqF: 0.0131
  Rf: 0.00166 Los:0.0226 Dis:0.0000 Per:  0.2509 Sca: 0.284E-06
 j: 152 T: 0.433E-06 Suc:  3814 Eva: 10698716 CPU:  0.267E+04 SqF: 0.0128
  Rf: 0.00162 Los:0.0216 Dis:0.0000 Per:  0.2516 Sca: 0.281E-06
 j: 153 T: 0.411E-06 Suc:  3554 Eva: 10843196 CPU:  0.271E+04 SqF: 0.0125
  Rf: 0.00139 Los:0.0205 Dis:0.0000 Per:  0.2511 Sca: 0.277E-06
 j: 154 T: 0.391E-06 Suc:  3084 Eva: 10987676 CPU:  0.275E+04 SqF: 0.0124
  Rf: 0.00134 Los:0.0206 Dis:0.0000 Per:  0.2489 Sca: 0.278E-06
 j: 155 T: 0.371E-06 Suc:  3134 Eva: 11132156 CPU:  0.278E+04 SqF: 0.0122
  Rf: 0.00124 Los:0.0201 Dis:0.0000 Per:  0.2505 Sca: 0.269E-06
 j: 156 T: 0.352E-06 Suc:  2801 Eva: 11276636 CPU:  0.282E+04 SqF: 0.0122
  Rf: 0.00104 Los:0.0202 Dis:0.0000 Per:  0.2519 Sca: 0.269E-06
 j: 157 T: 0.335E-06 Suc:  2549 Eva: 11421116 CPU:  0.285E+04 SqF: 0.0120
  Rf: 0.00128 Los:0.0194 Dis:0.0000 Per:  0.2521 Sca: 0.266E-06
 j: 158 T: 0.318E-06 Suc:  2296 Eva: 11565596 CPU:  0.289E+04 SqF: 0.0119
  Rf: 0.00116 Los:0.0192 Dis:0.0000 Per:  0.2507 Sca: 0.260E-06
 j: 159 T: 0.302E-06 Suc:  2516 Eva: 11710076 CPU:  0.293E+04 SqF: 0.0119
  Rf: 0.00116 Los:0.0192 Dis:0.0000 Per:  0.2507 Sca: 0.260E-06
 j: 160 T: 0.287E-06 Suc:  2036 Eva: 11854556 CPU:  0.296E+04 SqF: 0.0114
  Rf: 0.00109 Los:0.0178 Dis:0.0000 Per:  0.2535 Sca: 0.263E-06
 j: 161 T: 0.273E-06 Suc:  1977 Eva: 11999036 CPU:  0.299E+04 SqF: 0.0114
  Rf: 0.00109 Los:0.0178 Dis:0.0000 Per:  0.2535 Sca: 0.263E-06
 j: 162 T: 0.259E-06 Suc:  1771 Eva: 12143516 CPU:  0.303E+04 SqF: 0.0113
  Rf: 0.00086 Los:0.0177 Dis:0.0000 Per:  0.2527 Sca: 0.258E-06
 j: 163 T: 0.246E-06 Suc:  1518 Eva: 12287996 CPU:  0.307E+04 SqF: 0.0111
  Rf: 0.00088 Los:0.0173 Dis:0.0000 Per:  0.2512 Sca: 0.259E-06
 j: 164 T: 0.234E-06 Suc:  1163 Eva: 12432476 CPU:  0.310E+04 SqF: 0.0109
  Rf: 0.00096 Los:0.0168 Dis:0.0000 Per:  0.2512 Sca: 0.254E-06
 j: 165 T: 0.222E-06 Suc:  1154 Eva: 12576956 CPU:  0.314E+04 SqF: 0.0109
  Rf: 0.00086 Los:0.0168 Dis:0.0000 Per:  0.2520 Sca: 0.257E-06
 j: 166 T: 0.211E-06 Suc:  1005 Eva: 12721436 CPU:  0.318E+04 SqF: 0.0108
  Rf: 0.00094 Los:0.0165 Dis:0.0000 Per:  0.2520 Sca: 0.256E-06
 j: 167 T: 0.201E-06 Suc:   874 Eva: 12865916 CPU:  0.321E+04 SqF: 0.0106
  Rf: 0.00134 Los:0.0160 Dis:0.0000 Per:  0.2534 Sca: 0.249E-06
 j: 168 T: 0.190E-06 Suc:   896 Eva: 13010396 CPU:  0.325E+04 SqF: 0.0105
  Rf: 0.00119 Los:0.0158 Dis:0.0000 Per:  0.2500 Sca: 0.250E-06
 j: 169 T: 0.181E-06 Suc:   653 Eva: 13154876 CPU:  0.329E+04 SqF: 0.0104
  Rf: 0.00140 Los:0.0156 Dis:0.0000 Per:  0.2506 Sca: 0.249E-06
 j: 170 T: 0.172E-06 Suc:   622 Eva: 13299356 CPU:  0.332E+04 SqF: 0.0103
  Rf: 0.00091 Los:0.0155 Dis:0.0000 Per:  0.2521 Sca: 0.248E-06
 j: 171 T: 0.163E-06 Suc:   448 Eva: 13443836 CPU:  0.336E+04 SqF: 0.0103
  Rf: 0.00091 Los:0.0155 Dis:0.0000 Per:  0.2521 Sca: 0.248E-06
 j: 172 T: 0.155E-06 Suc:   364 Eva: 13588316 CPU:  0.340E+04 SqF: 0.0103
  Rf: 0.00074 Los:0.0156 Dis:0.0000 Per:  0.2513 Sca: 0.250E-06
 j: 173 T: 0.147E-06 Suc:   323 Eva: 13732796 CPU:  0.343E+04 SqF: 0.0103
  Rf: 0.00108 Los:0.0155 Dis:0.0000 Per:  0.2517 Sca: 0.250E-06
 j: 174 T: 0.140E-06 Suc:   245 Eva: 13877276 CPU:  0.347E+04 SqF: 0.0102
  Rf: 0.00084 Los:0.0156 Dis:0.0000 Per:  0.2514 Sca: 0.248E-06
 j: 175 T: 0.133E-06 Suc:   195 Eva: 14021756 CPU:  0.351E+04 SqF: 0.0102
  Rf: 0.00106 Los:0.0155 Dis:0.0000 Per:  0.2511 Sca: 0.247E-06
 j: 176 T: 0.126E-06 Suc:   212 Eva: 14166236 CPU:  0.355E+04 SqF: 0.0102
  Rf: 0.00105 Los:0.0154 Dis:0.0000 Per:  0.2521 Sca: 0.248E-06
 j: 177 T: 0.120E-06 Suc:   258 Eva: 14310716 CPU:  0.358E+04 SqF: 0.0101
  Rf: 0.00083 Los:0.0154 Dis:0.0000 Per:  0.2526 Sca: 0.248E-06
 j: 178 T: 0.114E-06 Suc:   134 Eva: 14455196 CPU:  0.362E+04 SqF: 0.0101
  Rf: 0.00083 Los:0.0154 Dis:0.0000 Per:  0.2526 Sca: 0.248E-06
 j: 179 T: 0.108E-06 Suc:   175 Eva: 14599676 CPU:  0.366E+04 SqF: 0.0101
  Rf: 0.00083 Los:0.0154 Dis:0.0000 Per:  0.2526 Sca: 0.248E-06
 j: 180 T: 0.103E-06 Suc:   134 Eva: 14744156 CPU:  0.369E+04 SqF: 0.0100
  Rf: 0.00110 Los:0.0153 Dis:0.0000 Per:  0.2527 Sca: 0.248E-06
 j: 181 T: 0.978E-07 Suc:    68 Eva: 14888636 CPU:  0.373E+04 SqF: 0.0100
  Rf: 0.00110 Los:0.0153 Dis:0.0000 Per:  0.2527 Sca: 0.248E-06
 j: 182 T: 0.929E-07 Suc:    98 Eva: 15033116 CPU:  0.377E+04 SqF: 0.0100
  Rf: 0.00085 Los:0.0154 Dis:0.0000 Per:  0.2516 Sca: 0.249E-06
 j: 183 T: 0.882E-07 Suc:    34 Eva: 15177596 CPU:  0.380E+04 SqF: 0.0100
  Rf: 0.00085 Los:0.0154 Dis:0.0000 Per:  0.2516 Sca: 0.249E-06

 Final Chi^2 against raw data ........................... : 1.966

     ===== DAMMIN finished at   21-Apr-2015   04:55:52
